2018-06-03 17:00:10 [main] DEBUG o.s.b.f.s.DefaultListableBeanFactory -
				Returning cached instance of singleton bean 'autoConfigurationReport'
2018-06-03 17:00:10 [main] DEBUG o.s.c.a.ConfigurationClassBeanDefinitionReader -
				Registered bean definition for imported class 'org.springframework.boot.autoconfigure.web.ServerPropertiesAutoConfiguration'
2018-06-03 17:00:10 [main] DEBUG o.s.b.f.s.DefaultListableBeanFactory -
				Returning cached instance of singleton bean 'org.springframework.boot.autoconfigure.condition.BeanTypeRegistry'
2018-06-03 17:00:10 [main] DEBUG o.s.b.f.s.DefaultListableBeanFactory -
				Returning cached instance of singleton bean 'autoConfigurationReport'
2018-06-03 17:00:10 [main] DEBUG o.s.c.a.ConfigurationClassBeanDefinitionReader -
				Registering bean definition for @Bean method org.springframework.boot.autoconfigure.web.ServerPropertiesAutoConfiguration.serverProperties()
2018-06-03 17:00:10 [main] DEBUG o.s.c.a.ConfigurationClassBeanDefinitionReader -
				Registering bean definition for @Bean method org.springframework.boot.autoconfigure.web.ServerPropertiesAutoConfiguration.duplicateServerPropertiesDetector()
2018-06-03 17:00:10 [main] DEBUG o.s.b.f.s.DefaultListableBeanFactory -
				Returning cached instance of singleton bean 'autoConfigurationReport'
2018-06-03 17:00:10 [main] DEBUG o.s.c.a.ConfigurationClassBeanDefinitionReader -
				Registered bean definition for imported class 'org.springframework.boot.autoconfigure.web.WebClientAutoConfiguration$RestTemplateConfiguration'
2018-06-03 17:00:10 [main] DEBUG o.s.b.f.s.DefaultListableBeanFactory -
				Returning cached instance of singleton bean 'org.springframework.boot.autoconfigure.condition.BeanTypeRegistry'
2018-06-03 17:00:10 [main] DEBUG o.s.b.f.s.DefaultListableBeanFactory -
				Returning cached instance of singleton bean 'autoConfigurationReport'
2018-06-03 17:00:10 [main] DEBUG o.s.c.a.ConfigurationClassBeanDefinitionReader -
				Registering bean definition for @Bean method org.springframework.boot.autoconfigure.web.WebClientAutoConfiguration$RestTemplateConfiguration.restTemplateBuilder()
2018-06-03 17:00:10 [main] DEBUG o.s.c.a.ConfigurationClassBeanDefinitionReader -
				Registered bean definition for imported class 'org.springframework.boot.autoconfigure.web.WebClientAutoConfiguration'
2018-06-03 17:00:10 [main] DEBUG o.s.c.a.ConfigurationClassEnhancer -
				Successfully enhanced com.stackroute.activitystream.AuthenticationServiceBoot; enhanced class name is: com.stackroute.activitystream.AuthenticationServiceBoot$$EnhancerBySpringCGLIB$$2b936b37
2018-06-03 17:00:10 [main] DEBUG o.s.c.a.ConfigurationClassPostProcessor -
				Replacing bean definition 'authenticationServiceBoot' existing class 'com.stackroute.activitystream.AuthenticationServiceBoot' with enhanced class 'com.stackroute.activitystream.AuthenticationServiceBoot$$EnhancerBySpringCGLIB$$2b936b37'
2018-06-03 17:00:10 [main] DEBUG o.s.c.a.ConfigurationClassEnhancer -
				Successfully enhanced org.springframework.web.servlet.config.annotation.DelegatingWebMvcConfiguration; enhanced class name is: org.springframework.web.servlet.config.annotation.DelegatingWebMvcConfiguration$$EnhancerBySpringCGLIB$$550400b8
2018-06-03 17:00:10 [main] DEBUG o.s.c.a.ConfigurationClassPostProcessor -
				Replacing bean definition 'org.springframework.web.servlet.config.annotation.DelegatingWebMvcConfiguration' existing class 'org.springframework.web.servlet.config.annotation.DelegatingWebMvcConfiguration' with enhanced class 'org.springframework.web.servlet.config.annotation.DelegatingWebMvcConfiguration$$EnhancerBySpringCGLIB$$550400b8'
2018-06-03 17:00:10 [main] DEBUG o.s.c.a.ConfigurationClassEnhancer -
				Successfully enhanced org.springframework.boot.autoconfigure.context.PropertyPlaceholderAutoConfiguration; enhanced class name is: org.springframework.boot.autoconfigure.context.PropertyPlaceholderAutoConfiguration$$EnhancerBySpringCGLIB$$90f98dbb
2018-06-03 17:00:10 [main] DEBUG o.s.c.a.ConfigurationClassPostProcessor -
				Replacing bean definition 'org.springframework.boot.autoconfigure.context.PropertyPlaceholderAutoConfiguration' existing class 'org.springframework.boot.autoconfigure.context.PropertyPlaceholderAutoConfiguration' with enhanced class 'org.springframework.boot.autoconfigure.context.PropertyPlaceholderAutoConfiguration$$EnhancerBySpringCGLIB$$90f98dbb'
2018-06-03 17:00:10 [main] DEBUG o.s.c.a.ConfigurationClassEnhancer -
				Successfully enhanced org.springframework.boot.autoconfigure.jackson.JacksonAutoConfiguration$Jackson2ObjectMapperBuilderCustomizerConfiguration; enhanced class name is: org.springframework.boot.autoconfigure.jackson.JacksonAutoConfiguration$Jackson2ObjectMapperBuilderCustomizerConfiguration$$EnhancerBySpringCGLIB$$593a431b
2018-06-03 17:00:10 [main] DEBUG o.s.c.a.ConfigurationClassPostProcessor -
				Replacing bean definition 'org.springframework.boot.autoconfigure.jackson.JacksonAutoConfiguration$Jackson2ObjectMapperBuilderCustomizerConfiguration' existing class 'org.springframework.boot.autoconfigure.jackson.JacksonAutoConfiguration$Jackson2ObjectMapperBuilderCustomizerConfiguration' with enhanced class 'org.springframework.boot.autoconfigure.jackson.JacksonAutoConfiguration$Jackson2ObjectMapperBuilderCustomizerConfiguration$$EnhancerBySpringCGLIB$$593a431b'
2018-06-03 17:00:10 [main] DEBUG o.s.c.a.ConfigurationClassEnhancer -
				Successfully enhanced org.springframework.boot.autoconfigure.jackson.JacksonAutoConfiguration$JacksonObjectMapperBuilderConfiguration; enhanced class name is: org.springframework.boot.autoconfigure.jackson.JacksonAutoConfiguration$JacksonObjectMapperBuilderConfiguration$$EnhancerBySpringCGLIB$$9e235d2c
2018-06-03 17:00:10 [main] DEBUG o.s.c.a.ConfigurationClassPostProcessor -
				Replacing bean definition 'org.springframework.boot.autoconfigure.jackson.JacksonAutoConfiguration$JacksonObjectMapperBuilderConfiguration' existing class 'org.springframework.boot.autoconfigure.jackson.JacksonAutoConfiguration$JacksonObjectMapperBuilderConfiguration' with enhanced class 'org.springframework.boot.autoconfigure.jackson.JacksonAutoConfiguration$JacksonObjectMapperBuilderConfiguration$$EnhancerBySpringCGLIB$$9e235d2c'
2018-06-03 17:00:10 [main] DEBUG o.s.c.a.ConfigurationClassEnhancer -
				Successfully enhanced org.springframework.boot.autoconfigure.jackson.JacksonAutoConfiguration$JacksonObjectMapperConfiguration; enhanced class name is: org.springframework.boot.autoconfigure.jackson.JacksonAutoConfiguration$JacksonObjectMapperConfiguration$$EnhancerBySpringCGLIB$$ebd69b13
2018-06-03 17:00:10 [main] DEBUG o.s.c.a.ConfigurationClassPostProcessor -
				Replacing bean definition 'org.springframework.boot.autoconfigure.jackson.JacksonAutoConfiguration$JacksonObjectMapperConfiguration' existing class 'org.springframework.boot.autoconfigure.jackson.JacksonAutoConfiguration$JacksonObjectMapperConfiguration' with enhanced class 'org.springframework.boot.autoconfigure.jackson.JacksonAutoConfiguration$JacksonObjectMapperConfiguration$$EnhancerBySpringCGLIB$$ebd69b13'
2018-06-03 17:00:10 [main] DEBUG o.s.c.a.ConfigurationClassEnhancer -
				Successfully enhanced org.springframework.boot.autoconfigure.jackson.JacksonAutoConfiguration; enhanced class name is: org.springframework.boot.autoconfigure.jackson.JacksonAutoConfiguration$$EnhancerBySpringCGLIB$$cde238a2
2018-06-03 17:00:10 [main] DEBUG o.s.c.a.ConfigurationClassPostProcessor -
				Replacing bean definition 'org.springframework.boot.autoconfigure.jackson.JacksonAutoConfiguration' existing class 'org.springframework.boot.autoconfigure.jackson.JacksonAutoConfiguration' with enhanced class 'org.springframework.boot.autoconfigure.jackson.JacksonAutoConfiguration$$EnhancerBySpringCGLIB$$cde238a2'
2018-06-03 17:00:10 [main] DEBUG o.s.c.a.ConfigurationClassEnhancer -
				Successfully enhanced org.springframework.boot.autoconfigure.websocket.WebSocketAutoConfiguration$TomcatWebSocketConfiguration; enhanced class name is: org.springframework.boot.autoconfigure.websocket.WebSocketAutoConfiguration$TomcatWebSocketConfiguration$$EnhancerBySpringCGLIB$$bf159bab
2018-06-03 17:00:10 [main] DEBUG o.s.c.a.ConfigurationClassPostProcessor -
				Replacing bean definition 'org.springframework.boot.autoconfigure.websocket.WebSocketAutoConfiguration$TomcatWebSocketConfiguration' existing class 'org.springframework.boot.autoconfigure.websocket.WebSocketAutoConfiguration$TomcatWebSocketConfiguration' with enhanced class 'org.springframework.boot.autoconfigure.websocket.WebSocketAutoConfiguration$TomcatWebSocketConfiguration$$EnhancerBySpringCGLIB$$bf159bab'
2018-06-03 17:00:10 [main] DEBUG o.s.c.a.ConfigurationClassEnhancer -
				Successfully enhanced org.springframework.boot.autoconfigure.websocket.WebSocketAutoConfiguration; enhanced class name is: org.springframework.boot.autoconfigure.websocket.WebSocketAutoConfiguration$$EnhancerBySpringCGLIB$$a2f3afda
2018-06-03 17:00:10 [main] DEBUG o.s.c.a.ConfigurationClassPostProcessor -
				Replacing bean definition 'org.springframework.boot.autoconfigure.websocket.WebSocketAutoConfiguration' existing class 'org.springframework.boot.autoconfigure.websocket.WebSocketAutoConfiguration' with enhanced class 'org.springframework.boot.autoconfigure.websocket.WebSocketAutoConfiguration$$EnhancerBySpringCGLIB$$a2f3afda'
2018-06-03 17:00:10 [main] DEBUG o.s.c.a.ConfigurationClassEnhancer -
				Successfully enhanced org.springframework.boot.autoconfigure.web.EmbeddedServletContainerAutoConfiguration$EmbeddedTomcat; enhanced class name is: org.springframework.boot.autoconfigure.web.EmbeddedServletContainerAutoConfiguration$EmbeddedTomcat$$EnhancerBySpringCGLIB$$43c65e9e
2018-06-03 17:00:10 [main] DEBUG o.s.c.a.ConfigurationClassPostProcessor -
				Replacing bean definition 'org.springframework.boot.autoconfigure.web.EmbeddedServletContainerAutoConfiguration$EmbeddedTomcat' existing class 'org.springframework.boot.autoconfigure.web.EmbeddedServletContainerAutoConfiguration$EmbeddedTomcat' with enhanced class 'org.springframework.boot.autoconfigure.web.EmbeddedServletContainerAutoConfiguration$EmbeddedTomcat$$EnhancerBySpringCGLIB$$43c65e9e'
2018-06-03 17:00:10 [main] DEBUG o.s.c.a.ConfigurationClassEnhancer -
				Successfully enhanced org.springframework.boot.autoconfigure.web.EmbeddedServletContainerAutoConfiguration; enhanced class name is: org.springframework.boot.autoconfigure.web.EmbeddedServletContainerAutoConfiguration$$EnhancerBySpringCGLIB$$fcafebc2
2018-06-03 17:00:10 [main] DEBUG o.s.c.a.ConfigurationClassPostProcessor -
				Replacing bean definition 'org.springframework.boot.autoconfigure.web.EmbeddedServletContainerAutoConfiguration' existing class 'org.springframework.boot.autoconfigure.web.EmbeddedServletContainerAutoConfiguration' with enhanced class 'org.springframework.boot.autoconfigure.web.EmbeddedServletContainerAutoConfiguration$$EnhancerBySpringCGLIB$$fcafebc2'
2018-06-03 17:00:10 [main] DEBUG o.s.c.a.ConfigurationClassEnhancer -
				Successfully enhanced org.springframework.boot.autoconfigure.web.DispatcherServletAutoConfiguration$DispatcherServletConfiguration; enhanced class name is: org.springframework.boot.autoconfigure.web.DispatcherServletAutoConfiguration$DispatcherServletConfiguration$$EnhancerBySpringCGLIB$$36a8cad4
2018-06-03 17:00:10 [main] DEBUG o.s.c.a.ConfigurationClassPostProcessor -
				Replacing bean definition 'org.springframework.boot.autoconfigure.web.DispatcherServletAutoConfiguration$DispatcherServletConfiguration' existing class 'org.springframework.boot.autoconfigure.web.DispatcherServletAutoConfiguration$DispatcherServletConfiguration' with enhanced class 'org.springframework.boot.autoconfigure.web.DispatcherServletAutoConfiguration$DispatcherServletConfiguration$$EnhancerBySpringCGLIB$$36a8cad4'
2018-06-03 17:00:10 [main] DEBUG o.s.c.a.ConfigurationClassEnhancer -
				Successfully enhanced org.springframework.boot.autoconfigure.web.DispatcherServletAutoConfiguration$DispatcherServletRegistrationConfiguration; enhanced class name is: org.springframework.boot.autoconfigure.web.DispatcherServletAutoConfiguration$DispatcherServletRegistrationConfiguration$$EnhancerBySpringCGLIB$$b19859fb
2018-06-03 17:00:10 [main] DEBUG o.s.c.a.ConfigurationClassPostProcessor -
				Replacing bean definition 'org.springframework.boot.autoconfigure.web.DispatcherServletAutoConfiguration$DispatcherServletRegistrationConfiguration' existing class 'org.springframework.boot.autoconfigure.web.DispatcherServletAutoConfiguration$DispatcherServletRegistrationConfiguration' with enhanced class 'org.springframework.boot.autoconfigure.web.DispatcherServletAutoConfiguration$DispatcherServletRegistrationConfiguration$$EnhancerBySpringCGLIB$$b19859fb'
2018-06-03 17:00:10 [main] DEBUG o.s.c.a.ConfigurationClassEnhancer -
				Successfully enhanced org.springframework.boot.autoconfigure.web.DispatcherServletAutoConfiguration; enhanced class name is: org.springframework.boot.autoconfigure.web.DispatcherServletAutoConfiguration$$EnhancerBySpringCGLIB$$85b75dd6
2018-06-03 17:00:10 [main] DEBUG o.s.c.a.ConfigurationClassPostProcessor -
				Replacing bean definition 'org.springframework.boot.autoconfigure.web.DispatcherServletAutoConfiguration' existing class 'org.springframework.boot.autoconfigure.web.DispatcherServletAutoConfiguration' with enhanced class 'org.springframework.boot.autoconfigure.web.DispatcherServletAutoConfiguration$$EnhancerBySpringCGLIB$$85b75dd6'
2018-06-03 17:00:10 [main] DEBUG o.s.c.a.ConfigurationClassEnhancer -
				Successfully enhanced org.springframework.boot.autoconfigure.validation.ValidationAutoConfiguration; enhanced class name is: org.springframework.boot.autoconfigure.validation.ValidationAutoConfiguration$$EnhancerBySpringCGLIB$$142ac0c
2018-06-03 17:00:10 [main] DEBUG o.s.c.a.ConfigurationClassPostProcessor -
				Replacing bean definition 'org.springframework.boot.autoconfigure.validation.ValidationAutoConfiguration' existing class 'org.springframework.boot.autoconfigure.validation.ValidationAutoConfiguration' with enhanced class 'org.springframework.boot.autoconfigure.validation.ValidationAutoConfiguration$$EnhancerBySpringCGLIB$$142ac0c'
2018-06-03 17:00:10 [main] DEBUG o.s.c.a.ConfigurationClassEnhancer -
				Successfully enhanced org.springframework.boot.autoconfigure.web.ErrorMvcAutoConfiguration$WhitelabelErrorViewConfiguration; enhanced class name is: org.springframework.boot.autoconfigure.web.ErrorMvcAutoConfiguration$WhitelabelErrorViewConfiguration$$EnhancerBySpringCGLIB$$d68a8cf0
2018-06-03 17:00:10 [main] DEBUG o.s.c.a.ConfigurationClassPostProcessor -
				Replacing bean definition 'org.springframework.boot.autoconfigure.web.ErrorMvcAutoConfiguration$WhitelabelErrorViewConfiguration' existing class 'org.springframework.boot.autoconfigure.web.ErrorMvcAutoConfiguration$WhitelabelErrorViewConfiguration' with enhanced class 'org.springframework.boot.autoconfigure.web.ErrorMvcAutoConfiguration$WhitelabelErrorViewConfiguration$$EnhancerBySpringCGLIB$$d68a8cf0'
2018-06-03 17:00:10 [main] DEBUG o.s.c.a.ConfigurationClassEnhancer -
				Successfully enhanced org.springframework.boot.autoconfigure.web.ErrorMvcAutoConfiguration$DefaultErrorViewResolverConfiguration; enhanced class name is: org.springframework.boot.autoconfigure.web.ErrorMvcAutoConfiguration$DefaultErrorViewResolverConfiguration$$EnhancerBySpringCGLIB$$52db2ed6
2018-06-03 17:00:10 [main] DEBUG o.s.c.a.ConfigurationClassPostProcessor -
				Replacing bean definition 'org.springframework.boot.autoconfigure.web.ErrorMvcAutoConfiguration$DefaultErrorViewResolverConfiguration' existing class 'org.springframework.boot.autoconfigure.web.ErrorMvcAutoConfiguration$DefaultErrorViewResolverConfiguration' with enhanced class 'org.springframework.boot.autoconfigure.web.ErrorMvcAutoConfiguration$DefaultErrorViewResolverConfiguration$$EnhancerBySpringCGLIB$$52db2ed6'
2018-06-03 17:00:10 [main] DEBUG o.s.c.a.ConfigurationClassEnhancer -
				Successfully enhanced org.springframework.boot.autoconfigure.web.ErrorMvcAutoConfiguration; enhanced class name is: org.springframework.boot.autoconfigure.web.ErrorMvcAutoConfiguration$$EnhancerBySpringCGLIB$$463e2576
2018-06-03 17:00:10 [main] DEBUG o.s.c.a.ConfigurationClassPostProcessor -
				Replacing bean definition 'org.springframework.boot.autoconfigure.web.ErrorMvcAutoConfiguration' existing class 'org.springframework.boot.autoconfigure.web.ErrorMvcAutoConfiguration' with enhanced class 'org.springframework.boot.autoconfigure.web.ErrorMvcAutoConfiguration$$EnhancerBySpringCGLIB$$463e2576'
2018-06-03 17:00:10 [main] DEBUG o.s.c.a.ConfigurationClassEnhancer -
				Successfully enhanced org.springframework.boot.autoconfigure.jmx.JmxAutoConfiguration; enhanced class name is: org.springframework.boot.autoconfigure.jmx.JmxAutoConfiguration$$EnhancerBySpringCGLIB$$fae8a9e
2018-06-03 17:00:10 [main] DEBUG o.s.c.a.ConfigurationClassPostProcessor -
				Replacing bean definition 'org.springframework.boot.autoconfigure.jmx.JmxAutoConfiguration' existing class 'org.springframework.boot.autoconfigure.jmx.JmxAutoConfiguration' with enhanced class 'org.springframework.boot.autoconfigure.jmx.JmxAutoConfiguration$$EnhancerBySpringCGLIB$$fae8a9e'
2018-06-03 17:00:10 [main] DEBUG o.s.c.a.ConfigurationClassEnhancer -
				Successfully enhanced org.springframework.boot.autoconfigure.admin.SpringApplicationAdminJmxAutoConfiguration; enhanced class name is: org.springframework.boot.autoconfigure.admin.SpringApplicationAdminJmxAutoConfiguration$$EnhancerBySpringCGLIB$$22efbc50
2018-06-03 17:00:10 [main] DEBUG o.s.c.a.ConfigurationClassPostProcessor -
				Replacing bean definition 'org.springframework.boot.autoconfigure.admin.SpringApplicationAdminJmxAutoConfiguration' existing class 'org.springframework.boot.autoconfigure.admin.SpringApplicationAdminJmxAutoConfiguration' with enhanced class 'org.springframework.boot.autoconfigure.admin.SpringApplicationAdminJmxAutoConfiguration$$EnhancerBySpringCGLIB$$22efbc50'
2018-06-03 17:00:10 [main] DEBUG o.s.c.a.ConfigurationClassEnhancer -
				Successfully enhanced org.springframework.boot.autoconfigure.aop.AopAutoConfiguration$JdkDynamicAutoProxyConfiguration; enhanced class name is: org.springframework.boot.autoconfigure.aop.AopAutoConfiguration$JdkDynamicAutoProxyConfiguration$$EnhancerBySpringCGLIB$$1fb462f3
2018-06-03 17:00:10 [main] DEBUG o.s.c.a.ConfigurationClassPostProcessor -
				Replacing bean definition 'org.springframework.boot.autoconfigure.aop.AopAutoConfiguration$JdkDynamicAutoProxyConfiguration' existing class 'org.springframework.boot.autoconfigure.aop.AopAutoConfiguration$JdkDynamicAutoProxyConfiguration' with enhanced class 'org.springframework.boot.autoconfigure.aop.AopAutoConfiguration$JdkDynamicAutoProxyConfiguration$$EnhancerBySpringCGLIB$$1fb462f3'
2018-06-03 17:00:10 [main] DEBUG o.s.c.a.ConfigurationClassEnhancer -
				Successfully enhanced org.springframework.boot.autoconfigure.aop.AopAutoConfiguration; enhanced class name is: org.springframework.boot.autoconfigure.aop.AopAutoConfiguration$$EnhancerBySpringCGLIB$$db999a44
2018-06-03 17:00:10 [main] DEBUG o.s.c.a.ConfigurationClassPostProcessor -
				Replacing bean definition 'org.springframework.boot.autoconfigure.aop.AopAutoConfiguration' existing class 'org.springframework.boot.autoconfigure.aop.AopAutoConfiguration' with enhanced class 'org.springframework.boot.autoconfigure.aop.AopAutoConfiguration$$EnhancerBySpringCGLIB$$db999a44'
2018-06-03 17:00:10 [main] DEBUG o.s.c.a.ConfigurationClassEnhancer -
				Successfully enhanced org.springframework.boot.autoconfigure.jdbc.DataSourceAutoConfiguration$PooledDataSourceConfiguration; enhanced class name is: org.springframework.boot.autoconfigure.jdbc.DataSourceAutoConfiguration$PooledDataSourceConfiguration$$EnhancerBySpringCGLIB$$ee70c74
2018-06-03 17:00:10 [main] DEBUG o.s.c.a.ConfigurationClassPostProcessor -
				Replacing bean definition 'org.springframework.boot.autoconfigure.jdbc.DataSourceAutoConfiguration$PooledDataSourceConfiguration' existing class 'org.springframework.boot.autoconfigure.jdbc.DataSourceAutoConfiguration$PooledDataSourceConfiguration' with enhanced class 'org.springframework.boot.autoconfigure.jdbc.DataSourceAutoConfiguration$PooledDataSourceConfiguration$$EnhancerBySpringCGLIB$$ee70c74'
2018-06-03 17:00:10 [main] DEBUG o.s.c.a.ConfigurationClassEnhancer -
				Successfully enhanced org.springframework.boot.autoconfigure.jdbc.metadata.DataSourcePoolMetadataProvidersConfiguration$TomcatDataSourcePoolMetadataProviderConfiguration; enhanced class name is: org.springframework.boot.autoconfigure.jdbc.metadata.DataSourcePoolMetadataProvidersConfiguration$TomcatDataSourcePoolMetadataProviderConfiguration$$EnhancerBySpringCGLIB$$efa909b0
2018-06-03 17:00:10 [main] DEBUG o.s.c.a.ConfigurationClassPostProcessor -
				Replacing bean definition 'org.springframework.boot.autoconfigure.jdbc.metadata.DataSourcePoolMetadataProvidersConfiguration$TomcatDataSourcePoolMetadataProviderConfiguration' existing class 'org.springframework.boot.autoconfigure.jdbc.metadata.DataSourcePoolMetadataProvidersConfiguration$TomcatDataSourcePoolMetadataProviderConfiguration' with enhanced class 'org.springframework.boot.autoconfigure.jdbc.metadata.DataSourcePoolMetadataProvidersConfiguration$TomcatDataSourcePoolMetadataProviderConfiguration$$EnhancerBySpringCGLIB$$efa909b0'
2018-06-03 17:00:10 [main] DEBUG o.s.c.a.ConfigurationClassEnhancer -
				Successfully enhanced org.springframework.boot.autoconfigure.jdbc.metadata.DataSourcePoolMetadataProvidersConfiguration; enhanced class name is: org.springframework.boot.autoconfigure.jdbc.metadata.DataSourcePoolMetadataProvidersConfiguration$$EnhancerBySpringCGLIB$$6d3403c3
2018-06-03 17:00:10 [main] DEBUG o.s.c.a.ConfigurationClassPostProcessor -
				Replacing bean definition 'org.springframework.boot.autoconfigure.jdbc.metadata.DataSourcePoolMetadataProvidersConfiguration' existing class 'org.springframework.boot.autoconfigure.jdbc.metadata.DataSourcePoolMetadataProvidersConfiguration' with enhanced class 'org.springframework.boot.autoconfigure.jdbc.metadata.DataSourcePoolMetadataProvidersConfiguration$$EnhancerBySpringCGLIB$$6d3403c3'
2018-06-03 17:00:10 [main] DEBUG o.s.c.a.ConfigurationClassEnhancer -
				Successfully enhanced org.springframework.boot.autoconfigure.jdbc.DataSourceAutoConfiguration; enhanced class name is: org.springframework.boot.autoconfigure.jdbc.DataSourceAutoConfiguration$$EnhancerBySpringCGLIB$$7236bee2
2018-06-03 17:00:10 [main] DEBUG o.s.c.a.ConfigurationClassPostProcessor -
				Replacing bean definition 'org.springframework.boot.autoconfigure.jdbc.DataSourceAutoConfiguration' existing class 'org.springframework.boot.autoconfigure.jdbc.DataSourceAutoConfiguration' with enhanced class 'org.springframework.boot.autoconfigure.jdbc.DataSourceAutoConfiguration$$EnhancerBySpringCGLIB$$7236bee2'
2018-06-03 17:00:10 [main] DEBUG o.s.c.a.ConfigurationClassEnhancer -
				Successfully enhanced org.springframework.boot.autoconfigure.orm.jpa.JpaBaseConfiguration$JpaWebConfiguration$JpaWebMvcConfiguration; enhanced class name is: org.springframework.boot.autoconfigure.orm.jpa.JpaBaseConfiguration$JpaWebConfiguration$JpaWebMvcConfiguration$$EnhancerBySpringCGLIB$$d97e287a
2018-06-03 17:00:10 [main] DEBUG o.s.c.a.ConfigurationClassPostProcessor -
				Replacing bean definition 'org.springframework.boot.autoconfigure.orm.jpa.JpaBaseConfiguration$JpaWebConfiguration$JpaWebMvcConfiguration' existing class 'org.springframework.boot.autoconfigure.orm.jpa.JpaBaseConfiguration$JpaWebConfiguration$JpaWebMvcConfiguration' with enhanced class 'org.springframework.boot.autoconfigure.orm.jpa.JpaBaseConfiguration$JpaWebConfiguration$JpaWebMvcConfiguration$$EnhancerBySpringCGLIB$$d97e287a'
2018-06-03 17:00:10 [main] DEBUG o.s.c.a.ConfigurationClassEnhancer -
				Successfully enhanced org.springframework.boot.autoconfigure.orm.jpa.JpaBaseConfiguration$JpaWebConfiguration; enhanced class name is: org.springframework.boot.autoconfigure.orm.jpa.JpaBaseConfiguration$JpaWebConfiguration$$EnhancerBySpringCGLIB$$fe5fb8cd
2018-06-03 17:00:10 [main] DEBUG o.s.c.a.ConfigurationClassPostProcessor -
				Replacing bean definition 'org.springframework.boot.autoconfigure.orm.jpa.JpaBaseConfiguration$JpaWebConfiguration' existing class 'org.springframework.boot.autoconfigure.orm.jpa.JpaBaseConfiguration$JpaWebConfiguration' with enhanced class 'org.springframework.boot.autoconfigure.orm.jpa.JpaBaseConfiguration$JpaWebConfiguration$$EnhancerBySpringCGLIB$$fe5fb8cd'
2018-06-03 17:00:10 [main] DEBUG o.s.c.a.ConfigurationClassEnhancer -
				Successfully enhanced org.springframework.boot.autoconfigure.orm.jpa.HibernateJpaAutoConfiguration; enhanced class name is: org.springframework.boot.autoconfigure.orm.jpa.HibernateJpaAutoConfiguration$$EnhancerBySpringCGLIB$$f9c97fa2
2018-06-03 17:00:10 [main] DEBUG o.s.c.a.ConfigurationClassPostProcessor -
				Replacing bean definition 'org.springframework.boot.autoconfigure.orm.jpa.HibernateJpaAutoConfiguration' existing class 'org.springframework.boot.autoconfigure.orm.jpa.HibernateJpaAutoConfiguration' with enhanced class 'org.springframework.boot.autoconfigure.orm.jpa.HibernateJpaAutoConfiguration$$EnhancerBySpringCGLIB$$f9c97fa2'
2018-06-03 17:00:10 [main] DEBUG o.s.c.a.ConfigurationClassEnhancer -
				Successfully enhanced org.springframework.boot.autoconfigure.context.ConfigurationPropertiesAutoConfiguration; enhanced class name is: org.springframework.boot.autoconfigure.context.ConfigurationPropertiesAutoConfiguration$$EnhancerBySpringCGLIB$$7fcca6d0
2018-06-03 17:00:10 [main] DEBUG o.s.c.a.ConfigurationClassPostProcessor -
				Replacing bean definition 'org.springframework.boot.autoconfigure.context.ConfigurationPropertiesAutoConfiguration' existing class 'org.springframework.boot.autoconfigure.context.ConfigurationPropertiesAutoConfiguration' with enhanced class 'org.springframework.boot.autoconfigure.context.ConfigurationPropertiesAutoConfiguration$$EnhancerBySpringCGLIB$$7fcca6d0'
2018-06-03 17:00:10 [main] DEBUG o.s.c.a.ConfigurationClassEnhancer -
				Successfully enhanced org.springframework.boot.autoconfigure.data.jpa.JpaRepositoriesAutoConfiguration; enhanced class name is: org.springframework.boot.autoconfigure.data.jpa.JpaRepositoriesAutoConfiguration$$EnhancerBySpringCGLIB$$401e0936
2018-06-03 17:00:10 [main] DEBUG o.s.c.a.ConfigurationClassPostProcessor -
				Replacing bean definition 'org.springframework.boot.autoconfigure.data.jpa.JpaRepositoriesAutoConfiguration' existing class 'org.springframework.boot.autoconfigure.data.jpa.JpaRepositoriesAutoConfiguration' with enhanced class 'org.springframework.boot.autoconfigure.data.jpa.JpaRepositoriesAutoConfiguration$$EnhancerBySpringCGLIB$$401e0936'
2018-06-03 17:00:10 [main] DEBUG o.s.c.a.ConfigurationClassEnhancer -
				Successfully enhanced org.springframework.boot.autoconfigure.web.HttpMessageConvertersAutoConfiguration$StringHttpMessageConverterConfiguration; enhanced class name is: org.springframework.boot.autoconfigure.web.HttpMessageConvertersAutoConfiguration$StringHttpMessageConverterConfiguration$$EnhancerBySpringCGLIB$$dd714482
2018-06-03 17:00:10 [main] DEBUG o.s.c.a.ConfigurationClassPostProcessor -
				Replacing bean definition 'org.springframework.boot.autoconfigure.web.HttpMessageConvertersAutoConfiguration$StringHttpMessageConverterConfiguration' existing class 'org.springframework.boot.autoconfigure.web.HttpMessageConvertersAutoConfiguration$StringHttpMessageConverterConfiguration' with enhanced class 'org.springframework.boot.autoconfigure.web.HttpMessageConvertersAutoConfiguration$StringHttpMessageConverterConfiguration$$EnhancerBySpringCGLIB$$dd714482'
2018-06-03 17:00:10 [main] DEBUG o.s.c.a.ConfigurationClassEnhancer -
				Successfully enhanced org.springframework.boot.autoconfigure.web.JacksonHttpMessageConvertersConfiguration$MappingJackson2HttpMessageConverterConfiguration; enhanced class name is: org.springframework.boot.autoconfigure.web.JacksonHttpMessageConvertersConfiguration$MappingJackson2HttpMessageConverterConfiguration$$EnhancerBySpringCGLIB$$6b7f6e82
2018-06-03 17:00:10 [main] DEBUG o.s.c.a.ConfigurationClassPostProcessor -
				Replacing bean definition 'org.springframework.boot.autoconfigure.web.JacksonHttpMessageConvertersConfiguration$MappingJackson2HttpMessageConverterConfiguration' existing class 'org.springframework.boot.autoconfigure.web.JacksonHttpMessageConvertersConfiguration$MappingJackson2HttpMessageConverterConfiguration' with enhanced class 'org.springframework.boot.autoconfigure.web.JacksonHttpMessageConvertersConfiguration$MappingJackson2HttpMessageConverterConfiguration$$EnhancerBySpringCGLIB$$6b7f6e82'
2018-06-03 17:00:10 [main] DEBUG o.s.c.a.ConfigurationClassEnhancer -
				Successfully enhanced org.springframework.boot.autoconfigure.web.JacksonHttpMessageConvertersConfiguration; enhanced class name is: org.springframework.boot.autoconfigure.web.JacksonHttpMessageConvertersConfiguration$$EnhancerBySpringCGLIB$$fe6d06f8
2018-06-03 17:00:10 [main] DEBUG o.s.c.a.ConfigurationClassPostProcessor -
				Replacing bean definition 'org.springframework.boot.autoconfigure.web.JacksonHttpMessageConvertersConfiguration' existing class 'org.springframework.boot.autoconfigure.web.JacksonHttpMessageConvertersConfiguration' with enhanced class 'org.springframework.boot.autoconfigure.web.JacksonHttpMessageConvertersConfiguration$$EnhancerBySpringCGLIB$$fe6d06f8'
2018-06-03 17:00:10 [main] DEBUG o.s.c.a.ConfigurationClassEnhancer -
				Successfully enhanced org.springframework.boot.autoconfigure.web.HttpMessageConvertersAutoConfiguration; enhanced class name is: org.springframework.boot.autoconfigure.web.HttpMessageConvertersAutoConfiguration$$EnhancerBySpringCGLIB$$20fb39e2
2018-06-03 17:00:10 [main] DEBUG o.s.c.a.ConfigurationClassPostProcessor -
				Replacing bean definition 'org.springframework.boot.autoconfigure.web.HttpMessageConvertersAutoConfiguration' existing class 'org.springframework.boot.autoconfigure.web.HttpMessageConvertersAutoConfiguration' with enhanced class 'org.springframework.boot.autoconfigure.web.HttpMessageConvertersAutoConfiguration$$EnhancerBySpringCGLIB$$20fb39e2'
2018-06-03 17:00:10 [main] DEBUG o.s.c.a.ConfigurationClassEnhancer -
				Successfully enhanced org.springframework.data.web.config.SpringDataWebConfiguration; enhanced class name is: org.springframework.data.web.config.SpringDataWebConfiguration$$EnhancerBySpringCGLIB$$f1a749d5
2018-06-03 17:00:10 [main] DEBUG o.s.c.a.ConfigurationClassPostProcessor -
				Replacing bean definition 'org.springframework.data.web.config.SpringDataWebConfiguration' existing class 'org.springframework.data.web.config.SpringDataWebConfiguration' with enhanced class 'org.springframework.data.web.config.SpringDataWebConfiguration$$EnhancerBySpringCGLIB$$f1a749d5'
2018-06-03 17:00:10 [main] DEBUG o.s.c.a.ConfigurationClassEnhancer -
				Successfully enhanced org.springframework.boot.autoconfigure.data.web.SpringDataWebAutoConfiguration; enhanced class name is: org.springframework.boot.autoconfigure.data.web.SpringDataWebAutoConfiguration$$EnhancerBySpringCGLIB$$7bd9d1a3
2018-06-03 17:00:10 [main] DEBUG o.s.c.a.ConfigurationClassPostProcessor -
				Replacing bean definition 'org.springframework.boot.autoconfigure.data.web.SpringDataWebAutoConfiguration' existing class 'org.springframework.boot.autoconfigure.data.web.SpringDataWebAutoConfiguration' with enhanced class 'org.springframework.boot.autoconfigure.data.web.SpringDataWebAutoConfiguration$$EnhancerBySpringCGLIB$$7bd9d1a3'
2018-06-03 17:00:10 [main] DEBUG o.s.c.a.ConfigurationClassEnhancer -
				Successfully enhanced org.springframework.boot.autoconfigure.info.ProjectInfoAutoConfiguration; enhanced class name is: org.springframework.boot.autoconfigure.info.ProjectInfoAutoConfiguration$$EnhancerBySpringCGLIB$$cc3d289b
2018-06-03 17:00:10 [main] DEBUG o.s.c.a.ConfigurationClassPostProcessor -
				Replacing bean definition 'org.springframework.boot.autoconfigure.info.ProjectInfoAutoConfiguration' existing class 'org.springframework.boot.autoconfigure.info.ProjectInfoAutoConfiguration' with enhanced class 'org.springframework.boot.autoconfigure.info.ProjectInfoAutoConfiguration$$EnhancerBySpringCGLIB$$cc3d289b'
2018-06-03 17:00:10 [main] DEBUG o.s.c.a.ConfigurationClassEnhancer -
				Successfully enhanced org.springframework.boot.autoconfigure.jdbc.DataSourceTransactionManagerAutoConfiguration$DataSourceTransactionManagerConfiguration; enhanced class name is: org.springframework.boot.autoconfigure.jdbc.DataSourceTransactionManagerAutoConfiguration$DataSourceTransactionManagerConfiguration$$EnhancerBySpringCGLIB$$3d43b3f1
2018-06-03 17:00:10 [main] DEBUG o.s.c.a.ConfigurationClassPostProcessor -
				Replacing bean definition 'org.springframework.boot.autoconfigure.jdbc.DataSourceTransactionManagerAutoConfiguration$DataSourceTransactionManagerConfiguration' existing class 'org.springframework.boot.autoconfigure.jdbc.DataSourceTransactionManagerAutoConfiguration$DataSourceTransactionManagerConfiguration' with enhanced class 'org.springframework.boot.autoconfigure.jdbc.DataSourceTransactionManagerAutoConfiguration$DataSourceTransactionManagerConfiguration$$EnhancerBySpringCGLIB$$3d43b3f1'
2018-06-03 17:00:10 [main] DEBUG o.s.c.a.ConfigurationClassEnhancer -
				Successfully enhanced org.springframework.boot.autoconfigure.jdbc.DataSourceTransactionManagerAutoConfiguration; enhanced class name is: org.springframework.boot.autoconfigure.jdbc.DataSourceTransactionManagerAutoConfiguration$$EnhancerBySpringCGLIB$$a11a0bd3
2018-06-03 17:00:10 [main] DEBUG o.s.c.a.ConfigurationClassPostProcessor -
				Replacing bean definition 'org.springframework.boot.autoconfigure.jdbc.DataSourceTransactionManagerAutoConfiguration' existing class 'org.springframework.boot.autoconfigure.jdbc.DataSourceTransactionManagerAutoConfiguration' with enhanced class 'org.springframework.boot.autoconfigure.jdbc.DataSourceTransactionManagerAutoConfiguration$$EnhancerBySpringCGLIB$$a11a0bd3'
2018-06-03 17:00:10 [main] DEBUG o.s.c.a.ConfigurationClassEnhancer -
				Successfully enhanced org.springframework.boot.autoconfigure.jdbc.JdbcTemplateAutoConfiguration; enhanced class name is: org.springframework.boot.autoconfigure.jdbc.JdbcTemplateAutoConfiguration$$EnhancerBySpringCGLIB$$b0275072
2018-06-03 17:00:10 [main] DEBUG o.s.c.a.ConfigurationClassPostProcessor -
				Replacing bean definition 'org.springframework.boot.autoconfigure.jdbc.JdbcTemplateAutoConfiguration' existing class 'org.springframework.boot.autoconfigure.jdbc.JdbcTemplateAutoConfiguration' with enhanced class 'org.springframework.boot.autoconfigure.jdbc.JdbcTemplateAutoConfiguration$$EnhancerBySpringCGLIB$$b0275072'
2018-06-03 17:00:10 [main] DEBUG o.s.c.a.ConfigurationClassEnhancer -
				Successfully enhanced org.springframework.transaction.annotation.ProxyTransactionManagementConfiguration; enhanced class name is: org.springframework.transaction.annotation.ProxyTransactionManagementConfiguration$$EnhancerBySpringCGLIB$$90431b82
2018-06-03 17:00:10 [main] DEBUG o.s.c.a.ConfigurationClassPostProcessor -
				Replacing bean definition 'org.springframework.transaction.annotation.ProxyTransactionManagementConfiguration' existing class 'org.springframework.transaction.annotation.ProxyTransactionManagementConfiguration' with enhanced class 'org.springframework.transaction.annotation.ProxyTransactionManagementConfiguration$$EnhancerBySpringCGLIB$$90431b82'
2018-06-03 17:00:10 [main] DEBUG o.s.c.a.ConfigurationClassEnhancer -
				Successfully enhanced org.springframework.boot.autoconfigure.transaction.TransactionAutoConfiguration$EnableTransactionManagementConfiguration$CglibAutoProxyConfiguration; enhanced class name is: org.springframework.boot.autoconfigure.transaction.TransactionAutoConfiguration$EnableTransactionManagementConfiguration$CglibAutoProxyConfiguration$$EnhancerBySpringCGLIB$$fc285fb2
2018-06-03 17:00:10 [main] DEBUG o.s.c.a.ConfigurationClassPostProcessor -
				Replacing bean definition 'org.springframework.boot.autoconfigure.transaction.TransactionAutoConfiguration$EnableTransactionManagementConfiguration$CglibAutoProxyConfiguration' existing class 'org.springframework.boot.autoconfigure.transaction.TransactionAutoConfiguration$EnableTransactionManagementConfiguration$CglibAutoProxyConfiguration' with enhanced class 'org.springframework.boot.autoconfigure.transaction.TransactionAutoConfiguration$EnableTransactionManagementConfiguration$CglibAutoProxyConfiguration$$EnhancerBySpringCGLIB$$fc285fb2'
2018-06-03 17:00:10 [main] DEBUG o.s.c.a.ConfigurationClassEnhancer -
				Successfully enhanced org.springframework.boot.autoconfigure.transaction.TransactionAutoConfiguration$EnableTransactionManagementConfiguration; enhanced class name is: org.springframework.boot.autoconfigure.transaction.TransactionAutoConfiguration$EnableTransactionManagementConfiguration$$EnhancerBySpringCGLIB$$1ab1ba3e
2018-06-03 17:00:10 [main] DEBUG o.s.c.a.ConfigurationClassPostProcessor -
				Replacing bean definition 'org.springframework.boot.autoconfigure.transaction.TransactionAutoConfiguration$EnableTransactionManagementConfiguration' existing class 'org.springframework.boot.autoconfigure.transaction.TransactionAutoConfiguration$EnableTransactionManagementConfiguration' with enhanced class 'org.springframework.boot.autoconfigure.transaction.TransactionAutoConfiguration$EnableTransactionManagementConfiguration$$EnhancerBySpringCGLIB$$1ab1ba3e'
2018-06-03 17:00:10 [main] DEBUG o.s.c.a.ConfigurationClassEnhancer -
				Successfully enhanced org.springframework.boot.autoconfigure.transaction.TransactionAutoConfiguration$TransactionTemplateConfiguration; enhanced class name is: org.springframework.boot.autoconfigure.transaction.TransactionAutoConfiguration$TransactionTemplateConfiguration$$EnhancerBySpringCGLIB$$8ecd78c4
2018-06-03 17:00:10 [main] DEBUG o.s.c.a.ConfigurationClassPostProcessor -
				Replacing bean definition 'org.springframework.boot.autoconfigure.transaction.TransactionAutoConfiguration$TransactionTemplateConfiguration' existing class 'org.springframework.boot.autoconfigure.transaction.TransactionAutoConfiguration$TransactionTemplateConfiguration' with enhanced class 'org.springframework.boot.autoconfigure.transaction.TransactionAutoConfiguration$TransactionTemplateConfiguration$$EnhancerBySpringCGLIB$$8ecd78c4'
2018-06-03 17:00:10 [main] DEBUG o.s.c.a.ConfigurationClassEnhancer -
				Successfully enhanced org.springframework.boot.autoconfigure.transaction.TransactionAutoConfiguration; enhanced class name is: org.springframework.boot.autoconfigure.transaction.TransactionAutoConfiguration$$EnhancerBySpringCGLIB$$24b7168c
2018-06-03 17:00:10 [main] DEBUG o.s.c.a.ConfigurationClassPostProcessor -
				Replacing bean definition 'org.springframework.boot.autoconfigure.transaction.TransactionAutoConfiguration' existing class 'org.springframework.boot.autoconfigure.transaction.TransactionAutoConfiguration' with enhanced class 'org.springframework.boot.autoconfigure.transaction.TransactionAutoConfiguration$$EnhancerBySpringCGLIB$$24b7168c'
2018-06-03 17:00:10 [main] DEBUG o.s.c.a.ConfigurationClassEnhancer -
				Successfully enhanced org.springframework.boot.autoconfigure.web.HttpEncodingAutoConfiguration; enhanced class name is: org.springframework.boot.autoconfigure.web.HttpEncodingAutoConfiguration$$EnhancerBySpringCGLIB$$672f822d
2018-06-03 17:00:10 [main] DEBUG o.s.c.a.ConfigurationClassPostProcessor -
				Replacing bean definition 'org.springframework.boot.autoconfigure.web.HttpEncodingAutoConfiguration' existing class 'org.springframework.boot.autoconfigure.web.HttpEncodingAutoConfiguration' with enhanced class 'org.springframework.boot.autoconfigure.web.HttpEncodingAutoConfiguration$$EnhancerBySpringCGLIB$$672f822d'
2018-06-03 17:00:10 [main] DEBUG o.s.c.a.ConfigurationClassEnhancer -
				Successfully enhanced org.springframework.boot.autoconfigure.web.MultipartAutoConfiguration; enhanced class name is: org.springframework.boot.autoconfigure.web.MultipartAutoConfiguration$$EnhancerBySpringCGLIB$$4af0cec8
2018-06-03 17:00:10 [main] DEBUG o.s.c.a.ConfigurationClassPostProcessor -
				Replacing bean definition 'org.springframework.boot.autoconfigure.web.MultipartAutoConfiguration' existing class 'org.springframework.boot.autoconfigure.web.MultipartAutoConfiguration' with enhanced class 'org.springframework.boot.autoconfigure.web.MultipartAutoConfiguration$$EnhancerBySpringCGLIB$$4af0cec8'
2018-06-03 17:00:10 [main] DEBUG o.s.c.a.ConfigurationClassEnhancer -
				Successfully enhanced org.springframework.boot.autoconfigure.web.ServerPropertiesAutoConfiguration; enhanced class name is: org.springframework.boot.autoconfigure.web.ServerPropertiesAutoConfiguration$$EnhancerBySpringCGLIB$$46989752
2018-06-03 17:00:10 [main] DEBUG o.s.c.a.ConfigurationClassPostProcessor -
				Replacing bean definition 'org.springframework.boot.autoconfigure.web.ServerPropertiesAutoConfiguration' existing class 'org.springframework.boot.autoconfigure.web.ServerPropertiesAutoConfiguration' with enhanced class 'org.springframework.boot.autoconfigure.web.ServerPropertiesAutoConfiguration$$EnhancerBySpringCGLIB$$46989752'
2018-06-03 17:00:10 [main] DEBUG o.s.c.a.ConfigurationClassEnhancer -
				Successfully enhanced org.springframework.boot.autoconfigure.web.WebClientAutoConfiguration$RestTemplateConfiguration; enhanced class name is: org.springframework.boot.autoconfigure.web.WebClientAutoConfiguration$RestTemplateConfiguration$$EnhancerBySpringCGLIB$$97729299
2018-06-03 17:00:10 [main] DEBUG o.s.c.a.ConfigurationClassPostProcessor -
				Replacing bean definition 'org.springframework.boot.autoconfigure.web.WebClientAutoConfiguration$RestTemplateConfiguration' existing class 'org.springframework.boot.autoconfigure.web.WebClientAutoConfiguration$RestTemplateConfiguration' with enhanced class 'org.springframework.boot.autoconfigure.web.WebClientAutoConfiguration$RestTemplateConfiguration$$EnhancerBySpringCGLIB$$97729299'
2018-06-03 17:00:10 [main] DEBUG o.s.c.a.ConfigurationClassEnhancer -
				Successfully enhanced org.springframework.boot.autoconfigure.web.WebClientAutoConfiguration; enhanced class name is: org.springframework.boot.autoconfigure.web.WebClientAutoConfiguration$$EnhancerBySpringCGLIB$$a0e24035
2018-06-03 17:00:10 [main] DEBUG o.s.c.a.ConfigurationClassPostProcessor -
				Replacing bean definition 'org.springframework.boot.autoconfigure.web.WebClientAutoConfiguration' existing class 'org.springframework.boot.autoconfigure.web.WebClientAutoConfiguration' with enhanced class 'org.springframework.boot.autoconfigure.web.WebClientAutoConfiguration$$EnhancerBySpringCGLIB$$a0e24035'
2018-06-03 17:00:10 [main] DEBUG o.s.w.c.s.StandardServletEnvironment -
				Adding PropertySource 'applicationConfig: [classpath:/application.yml]' with search precedence immediately lower than 'applicationConfigurationProperties'
2018-06-03 17:00:10 [main] DEBUG o.s.w.c.s.StandardServletEnvironment -
				Removing PropertySource 'applicationConfigurationProperties'
2018-06-03 17:00:10 [main] DEBUG o.s.w.c.s.StandardServletEnvironment -
				Removing PropertySource 'defaultProperties'
2018-06-03 17:00:10 [main] DEBUG o.s.b.f.s.DefaultListableBeanFactory -
				Creating shared instance of singleton bean 'propertySourcesPlaceholderConfigurer'
2018-06-03 17:00:10 [main] DEBUG o.s.b.f.s.DefaultListableBeanFactory -
				Creating instance of bean 'propertySourcesPlaceholderConfigurer'
2018-06-03 17:00:10 [main] DEBUG o.s.b.f.s.DefaultListableBeanFactory -
				Eagerly caching bean 'propertySourcesPlaceholderConfigurer' to allow for resolving potential circular references
2018-06-03 17:00:10 [main] DEBUG o.s.b.f.s.DefaultListableBeanFactory -
				Finished creating instance of bean 'propertySourcesPlaceholderConfigurer'
2018-06-03 17:00:10 [main] DEBUG o.s.core.env.MutablePropertySources -
				Adding PropertySource 'environmentProperties' with lowest search precedence
2018-06-03 17:00:10 [main] DEBUG o.s.core.env.MutablePropertySources -
				Adding PropertySource 'localProperties' with lowest search precedence
2018-06-03 17:00:10 [main] DEBUG o.s.b.f.s.DefaultListableBeanFactory -
				Creating shared instance of singleton bean 'org.springframework.boot.context.properties.ConfigurationPropertiesBindingPostProcessor.store'
2018-06-03 17:00:10 [main] DEBUG o.s.b.f.s.DefaultListableBeanFactory -
				Creating instance of bean 'org.springframework.boot.context.properties.ConfigurationPropertiesBindingPostProcessor.store'
2018-06-03 17:00:10 [main] DEBUG o.s.b.f.s.DefaultListableBeanFactory -
				Eagerly caching bean 'org.springframework.boot.context.properties.ConfigurationPropertiesBindingPostProcessor.store' to allow for resolving potential circular references
2018-06-03 17:00:10 [main] DEBUG o.s.b.f.s.DefaultListableBeanFactory -
				Finished creating instance of bean 'org.springframework.boot.context.properties.ConfigurationPropertiesBindingPostProcessor.store'
2018-06-03 17:00:10 [main] DEBUG o.s.b.f.s.DefaultListableBeanFactory -
				Creating shared instance of singleton bean 'preserveErrorControllerTargetClassPostProcessor'
2018-06-03 17:00:10 [main] DEBUG o.s.b.f.s.DefaultListableBeanFactory -
				Creating instance of bean 'preserveErrorControllerTargetClassPostProcessor'
2018-06-03 17:00:10 [main] DEBUG o.s.b.f.s.DefaultListableBeanFactory -
				Eagerly caching bean 'preserveErrorControllerTargetClassPostProcessor' to allow for resolving potential circular references
2018-06-03 17:00:10 [main] DEBUG o.s.b.f.s.DefaultListableBeanFactory -
				Finished creating instance of bean 'preserveErrorControllerTargetClassPostProcessor'
2018-06-03 17:00:10 [main] DEBUG o.s.b.f.s.DefaultListableBeanFactory -
				Creating shared instance of singleton bean 'emBeanDefinitionRegistrarPostProcessor'
2018-06-03 17:00:10 [main] DEBUG o.s.b.f.s.DefaultListableBeanFactory -
				Creating instance of bean 'emBeanDefinitionRegistrarPostProcessor'
2018-06-03 17:00:10 [main] DEBUG o.s.b.f.s.DefaultListableBeanFactory -
				Eagerly caching bean 'emBeanDefinitionRegistrarPostProcessor' to allow for resolving potential circular references
2018-06-03 17:00:10 [main] DEBUG o.s.b.f.s.DefaultListableBeanFactory -
				Finished creating instance of bean 'emBeanDefinitionRegistrarPostProcessor'
2018-06-03 17:00:10 [main] DEBUG o.s.b.f.s.DefaultListableBeanFactory -
				Creating shared instance of singleton bean 'org.springframework.context.annotation.internalAutowiredAnnotationProcessor'
2018-06-03 17:00:10 [main] DEBUG o.s.b.f.s.DefaultListableBeanFactory -
				Creating instance of bean 'org.springframework.context.annotation.internalAutowiredAnnotationProcessor'
2018-06-03 17:00:10 [main] DEBUG o.s.b.f.s.DefaultListableBeanFactory -
				Eagerly caching bean 'org.springframework.context.annotation.internalAutowiredAnnotationProcessor' to allow for resolving potential circular references
2018-06-03 17:00:10 [main] DEBUG o.s.b.f.s.DefaultListableBeanFactory -
				Finished creating instance of bean 'org.springframework.context.annotation.internalAutowiredAnnotationProcessor'
2018-06-03 17:00:10 [main] DEBUG o.s.b.f.s.DefaultListableBeanFactory -
				Creating shared instance of singleton bean 'org.springframework.context.annotation.internalRequiredAnnotationProcessor'
2018-06-03 17:00:10 [main] DEBUG o.s.b.f.s.DefaultListableBeanFactory -
				Creating instance of bean 'org.springframework.context.annotation.internalRequiredAnnotationProcessor'
2018-06-03 17:00:10 [main] DEBUG o.s.b.f.s.DefaultListableBeanFactory -
				Eagerly caching bean 'org.springframework.context.annotation.internalRequiredAnnotationProcessor' to allow for resolving potential circular references
2018-06-03 17:00:10 [main] DEBUG o.s.b.f.s.DefaultListableBeanFactory -
				Finished creating instance of bean 'org.springframework.context.annotation.internalRequiredAnnotationProcessor'
2018-06-03 17:00:10 [main] DEBUG o.s.b.f.s.DefaultListableBeanFactory -
				Creating shared instance of singleton bean 'org.springframework.context.annotation.internalCommonAnnotationProcessor'
2018-06-03 17:00:10 [main] DEBUG o.s.b.f.s.DefaultListableBeanFactory -
				Creating instance of bean 'org.springframework.context.annotation.internalCommonAnnotationProcessor'
2018-06-03 17:00:10 [main] DEBUG o.s.b.f.s.DefaultListableBeanFactory -
				Eagerly caching bean 'org.springframework.context.annotation.internalCommonAnnotationProcessor' to allow for resolving potential circular references
2018-06-03 17:00:10 [main] DEBUG o.s.b.f.s.DefaultListableBeanFactory -
				Finished creating instance of bean 'org.springframework.context.annotation.internalCommonAnnotationProcessor'
2018-06-03 17:00:10 [main] DEBUG o.s.b.f.s.DefaultListableBeanFactory -
				Creating shared instance of singleton bean 'org.springframework.context.annotation.internalPersistenceAnnotationProcessor'
2018-06-03 17:00:10 [main] DEBUG o.s.b.f.s.DefaultListableBeanFactory -
				Creating instance of bean 'org.springframework.context.annotation.internalPersistenceAnnotationProcessor'
2018-06-03 17:00:10 [main] DEBUG o.s.b.f.s.DefaultListableBeanFactory -
				Eagerly caching bean 'org.springframework.context.annotation.internalPersistenceAnnotationProcessor' to allow for resolving potential circular references
2018-06-03 17:00:10 [main] DEBUG o.s.b.f.s.DefaultListableBeanFactory -
				Finished creating instance of bean 'org.springframework.context.annotation.internalPersistenceAnnotationProcessor'
2018-06-03 17:00:10 [main] DEBUG o.s.b.f.s.DefaultListableBeanFactory -
				Creating shared instance of singleton bean 'org.springframework.boot.context.properties.ConfigurationPropertiesBindingPostProcessor'
2018-06-03 17:00:10 [main] DEBUG o.s.b.f.s.DefaultListableBeanFactory -
				Creating instance of bean 'org.springframework.boot.context.properties.ConfigurationPropertiesBindingPostProcessor'
2018-06-03 17:00:10 [main] DEBUG o.s.core.env.StandardEnvironment -
				Adding PropertySource 'systemProperties' with lowest search precedence
2018-06-03 17:00:10 [main] DEBUG o.s.core.env.StandardEnvironment -
				Adding PropertySource 'systemEnvironment' with lowest search precedence
2018-06-03 17:00:10 [main] DEBUG o.s.core.env.StandardEnvironment -
				Initialized StandardEnvironment with PropertySources [MapPropertySource@1245593227 {name='systemProperties', properties={com.sun.management.jmxremote.authenticate=false, java.runtime.name=OpenJDK Runtime Environment, sun.boot.library.path=/usr/lib/jvm/java-8-openjdk-amd64/jre/lib/amd64, java.vm.version=25.151-b12, java.vm.vendor=Oracle Corporation, java.vendor.url=http://java.oracle.com/, java.rmi.server.randomIDs=true, path.separator=:, java.vm.name=OpenJDK 64-Bit Server VM, file.encoding.pkg=sun.io, user.country=IN, sun.java.launcher=SUN_STANDARD, sun.os.patch.level=unknown, PID=13221, com.sun.management.jmxremote.port=40487, java.vm.specification.name=Java Virtual Machine Specification, user.dir=/home/ajinkya/rutuja/activitystream-step7-solution/step7-authenticationservice-solution, java.runtime.version=1.8.0_151-8u151-b12-0ubuntu0.16.04.2-b12, java.awt.graphicsenv=sun.awt.X11GraphicsEnvironment, org.jboss.logging.provider=slf4j, java.endorsed.dirs=/usr/lib/jvm/java-8-openjdk-amd64/jre/lib/endorsed, os.arch=amd64, java.io.tmpdir=/tmp, line.separator=
, java.vm.specification.vendor=Oracle Corporation, os.name=Linux, sun.jnu.encoding=UTF-8, spring.beaninfo.ignore=true, java.library.path=/usr/java/packages/lib/amd64:/usr/lib/x86_64-linux-gnu/jni:/lib/x86_64-linux-gnu:/usr/lib/x86_64-linux-gnu:/usr/lib/jni:/lib:/usr/lib, java.specification.name=Java Platform API Specification, java.class.version=52.0, sun.management.compiler=HotSpot 64-Bit Tiered Compilers, spring.liveBeansView.mbeanDomain=, os.version=4.13.0-36-generic, user.home=/home/ajinkya, user.timezone=Asia/Kolkata, java.awt.printerjob=sun.print.PSPrinterJob, file.encoding=UTF-8, java.specification.version=1.8, java.class.path=/usr/lib/jvm/java-8-openjdk-amd64/jre/lib/resources.jar:/usr/lib/jvm/java-8-openjdk-amd64/jre/lib/rt.jar:/usr/lib/jvm/java-8-openjdk-amd64/jre/lib/jsse.jar:/usr/lib/jvm/java-8-openjdk-amd64/jre/lib/jce.jar:/usr/lib/jvm/java-8-openjdk-amd64/jre/lib/charsets.jar:/usr/lib/jvm/java-8-openjdk-amd64/jre/lib/ext/localedata.jar:/usr/lib/jvm/java-8-openjdk-amd64/jre/lib/ext/sunpkcs11.jar:/usr/lib/jvm/java-8-openjdk-amd64/jre/lib/ext/zipfs.jar:/usr/lib/jvm/java-8-openjdk-amd64/jre/lib/ext/cldrdata.jar:/usr/lib/jvm/java-8-openjdk-amd64/jre/lib/ext/dnsns.jar:/usr/lib/jvm/java-8-openjdk-amd64/jre/lib/ext/jaccess.jar:/usr/lib/jvm/java-8-openjdk-amd64/jre/lib/ext/nashorn.jar:/usr/lib/jvm/java-8-openjdk-amd64/jre/lib/ext/icedtea-sound.jar:/usr/lib/jvm/java-8-openjdk-amd64/jre/lib/ext/sunec.jar:/usr/lib/jvm/java-8-openjdk-amd64/jre/lib/ext/sunjce_provider.jar:/home/ajinkya/rutuja/activitystream-step7-solution/step7-authenticationservice-solution/target/classes:/home/ajinkya/.m2/repository/org/springframework/boot/spring-boot-starter-data-jpa/1.5.9.RELEASE/spring-boot-starter-data-jpa-1.5.9.RELEASE.jar:/home/ajinkya/.m2/repository/org/springframework/boot/spring-boot-starter/1.5.9.RELEASE/spring-boot-starter-1.5.9.RELEASE.jar:/home/ajinkya/.m2/repository/org/springframework/boot/spring-boot/1.5.9.RELEASE/spring-boot-1.5.9.RELEASE.jar:/home/ajinkya/.m2/repository/org/springframework/boot/spring-boot-autoconfigure/1.5.9.RELEASE/spring-boot-autoconfigure-1.5.9.RELEASE.jar:/home/ajinkya/.m2/repository/org/springframework/boot/spring-boot-starter-logging/1.5.9.RELEASE/spring-boot-starter-logging-1.5.9.RELEASE.jar:/home/ajinkya/.m2/repository/ch/qos/logback/logback-classic/1.1.11/logback-classic-1.1.11.jar:/home/ajinkya/.m2/repository/ch/qos/logback/logback-core/1.1.11/logback-core-1.1.11.jar:/home/ajinkya/.m2/repository/org/slf4j/jul-to-slf4j/1.7.25/jul-to-slf4j-1.7.25.jar:/home/ajinkya/.m2/repository/org/slf4j/log4j-over-slf4j/1.7.25/log4j-over-slf4j-1.7.25.jar:/home/ajinkya/.m2/repository/org/yaml/snakeyaml/1.17/snakeyaml-1.17.jar:/home/ajinkya/.m2/repository/org/springframework/boot/spring-boot-starter-aop/1.5.9.RELEASE/spring-boot-starter-aop-1.5.9.RELEASE.jar:/home/ajinkya/.m2/repository/org/springframework/spring-aop/4.3.13.RELEASE/spring-aop-4.3.13.RELEASE.jar:/home/ajinkya/.m2/repository/org/aspectj/aspectjweaver/1.8.13/aspectjweaver-1.8.13.jar:/home/ajinkya/.m2/repository/org/springframework/boot/spring-boot-starter-jdbc/1.5.9.RELEASE/spring-boot-starter-jdbc-1.5.9.RELEASE.jar:/home/ajinkya/.m2/repository/org/apache/tomcat/tomcat-jdbc/8.5.23/tomcat-jdbc-8.5.23.jar:/home/ajinkya/.m2/repository/org/apache/tomcat/tomcat-juli/8.5.23/tomcat-juli-8.5.23.jar:/home/ajinkya/.m2/repository/org/springframework/spring-jdbc/4.3.13.RELEASE/spring-jdbc-4.3.13.RELEASE.jar:/home/ajinkya/.m2/repository/org/hibernate/hibernate-core/5.0.12.Final/hibernate-core-5.0.12.Final.jar:/home/ajinkya/.m2/repository/org/jboss/logging/jboss-logging/3.3.1.Final/jboss-logging-3.3.1.Final.jar:/home/ajinkya/.m2/repository/org/hibernate/javax/persistence/hibernate-jpa-2.1-api/1.0.0.Final/hibernate-jpa-2.1-api-1.0.0.Final.jar:/home/ajinkya/.m2/repository/org/javassist/javassist/3.21.0-GA/javassist-3.21.0-GA.jar:/home/ajinkya/.m2/repository/antlr/antlr/2.7.7/antlr-2.7.7.jar:/home/ajinkya/.m2/repository/org/jboss/jandex/2.0.0.Final/jandex-2.0.0.Final.jar:/home/ajinkya/.m2/repository/dom4j/dom4j/1.6.1/dom4j-1.6.1.jar:/home/ajinkya/.m2/repository/org/hibernate/common/hibernate-commons-annotations/5.0.1.Final/hibernate-commons-annotations-5.0.1.Final.jar:/home/ajinkya/.m2/repository/org/hibernate/hibernate-entitymanager/5.0.12.Final/hibernate-entitymanager-5.0.12.Final.jar:/home/ajinkya/.m2/repository/javax/transaction/javax.transaction-api/1.2/javax.transaction-api-1.2.jar:/home/ajinkya/.m2/repository/org/springframework/data/spring-data-jpa/1.11.9.RELEASE/spring-data-jpa-1.11.9.RELEASE.jar:/home/ajinkya/.m2/repository/org/springframework/data/spring-data-commons/1.13.9.RELEASE/spring-data-commons-1.13.9.RELEASE.jar:/home/ajinkya/.m2/repository/org/springframework/spring-orm/4.3.13.RELEASE/spring-orm-4.3.13.RELEASE.jar:/home/ajinkya/.m2/repository/org/springframework/spring-context/4.3.13.RELEASE/spring-context-4.3.13.RELEASE.jar:/home/ajinkya/.m2/repository/org/springframework/spring-tx/4.3.13.RELEASE/spring-tx-4.3.13.RELEASE.jar:/home/ajinkya/.m2/repository/org/springframework/spring-beans/4.3.13.RELEASE/spring-beans-4.3.13.RELEASE.jar:/home/ajinkya/.m2/repository/org/slf4j/slf4j-api/1.7.25/slf4j-api-1.7.25.jar:/home/ajinkya/.m2/repository/org/slf4j/jcl-over-slf4j/1.7.25/jcl-over-slf4j-1.7.25.jar:/home/ajinkya/.m2/repository/org/springframework/spring-aspects/4.3.13.RELEASE/spring-aspects-4.3.13.RELEASE.jar:/home/ajinkya/.m2/repository/org/springframework/boot/spring-boot-starter-web/1.5.9.RELEASE/spring-boot-starter-web-1.5.9.RELEASE.jar:/home/ajinkya/.m2/repository/org/springframework/boot/spring-boot-starter-tomcat/1.5.9.RELEASE/spring-boot-starter-tomcat-1.5.9.RELEASE.jar:/home/ajinkya/.m2/repository/org/apache/tomcat/embed/tomcat-embed-core/8.5.23/tomcat-embed-core-8.5.23.jar:/home/ajinkya/.m2/repository/org/apache/tomcat/tomcat-annotations-api/8.5.23/tomcat-annotations-api-8.5.23.jar:/home/ajinkya/.m2/repository/org/apache/tomcat/embed/tomcat-embed-el/8.5.23/tomcat-embed-el-8.5.23.jar:/home/ajinkya/.m2/repository/org/apache/tomcat/embed/tomcat-embed-websocket/8.5.23/tomcat-embed-websocket-8.5.23.jar:/home/ajinkya/.m2/repository/org/hibernate/hibernate-validator/5.3.6.Final/hibernate-validator-5.3.6.Final.jar:/home/ajinkya/.m2/repository/javax/validation/validation-api/1.1.0.Final/validation-api-1.1.0.Final.jar:/home/ajinkya/.m2/repository/com/fasterxml/classmate/1.3.4/classmate-1.3.4.jar:/home/ajinkya/.m2/repository/com/fasterxml/jackson/core/jackson-databind/2.8.10/jackson-databind-2.8.10.jar:/home/ajinkya/.m2/repository/com/fasterxml/jackson/core/jackson-annotations/2.8.0/jackson-annotations-2.8.0.jar:/home/ajinkya/.m2/repository/com/fasterxml/jackson/core/jackson-core/2.8.10/jackson-core-2.8.10.jar:/home/ajinkya/.m2/repository/org/springframework/spring-web/4.3.13.RELEASE/spring-web-4.3.13.RELEASE.jar:/home/ajinkya/.m2/repository/org/springframework/spring-webmvc/4.3.13.RELEASE/spring-webmvc-4.3.13.RELEASE.jar:/home/ajinkya/.m2/repository/org/springframework/spring-expression/4.3.13.RELEASE/spring-expression-4.3.13.RELEASE.jar:/home/ajinkya/.m2/repository/mysql/mysql-connector-java/5.1.44/mysql-connector-java-5.1.44.jar:/home/ajinkya/.m2/repository/org/springframework/boot/spring-boot-starter-test/1.5.9.RELEASE/spring-boot-starter-test-1.5.9.RELEASE.jar:/home/ajinkya/.m2/repository/org/springframework/boot/spring-boot-test/1.5.9.RELEASE/spring-boot-test-1.5.9.RELEASE.jar:/home/ajinkya/.m2/repository/org/springframework/boot/spring-boot-test-autoconfigure/1.5.9.RELEASE/spring-boot-test-autoconfigure-1.5.9.RELEASE.jar:/home/ajinkya/.m2/repository/com/jayway/jsonpath/json-path/2.2.0/json-path-2.2.0.jar:/home/ajinkya/.m2/repository/net/minidev/json-smart/2.2.1/json-smart-2.2.1.jar:/home/ajinkya/.m2/repository/net/minidev/accessors-smart/1.1/accessors-smart-1.1.jar:/home/ajinkya/.m2/repository/org/ow2/asm/asm/5.0.3/asm-5.0.3.jar:/home/ajinkya/.m2/repository/junit/junit/4.12/junit-4.12.jar:/home/ajinkya/.m2/repository/org/assertj/assertj-core/2.6.0/assertj-core-2.6.0.jar:/home/ajinkya/.m2/repository/org/mockito/mockito-core/1.10.19/mockito-core-1.10.19.jar:/home/ajinkya/.m2/repository/org/objenesis/objenesis/2.1/objenesis-2.1.jar:/home/ajinkya/.m2/repository/org/hamcrest/hamcrest-core/1.3/hamcrest-core-1.3.jar:/home/ajinkya/.m2/repository/org/hamcrest/hamcrest-library/1.3/hamcrest-library-1.3.jar:/home/ajinkya/.m2/repository/org/skyscreamer/jsonassert/1.4.0/jsonassert-1.4.0.jar:/home/ajinkya/.m2/repository/com/vaadin/external/google/android-json/0.0.20131108.vaadin1/android-json-0.0.20131108.vaadin1.jar:/home/ajinkya/.m2/repository/org/springframework/spring-core/4.3.13.RELEASE/spring-core-4.3.13.RELEASE.jar:/home/ajinkya/.m2/repository/org/springframework/spring-test/4.3.13.RELEASE/spring-test-4.3.13.RELEASE.jar:/home/ajinkya/.m2/repository/io/jsonwebtoken/jjwt/0.7.0/jjwt-0.7.0.jar, user.name=ajinkya, com.sun.management.jmxremote=, java.vm.specification.version=1.8, sun.java.command=com.stackroute.activitystream.AuthenticationServiceBoot --spring.output.ansi.enabled=always, java.home=/usr/lib/jvm/java-8-openjdk-amd64/jre, sun.arch.data.model=64, user.language=en, java.specification.vendor=Oracle Corporation, awt.toolkit=sun.awt.X11.XToolkit, com.sun.management.jmxremote.ssl=false, java.vm.info=mixed mode, java.version=1.8.0_151, java.ext.dirs=/usr/lib/jvm/java-8-openjdk-amd64/jre/lib/ext:/usr/java/packages/lib/ext, sun.boot.class.path=/usr/lib/jvm/java-8-openjdk-amd64/jre/lib/resources.jar:/usr/lib/jvm/java-8-openjdk-amd64/jre/lib/rt.jar:/usr/lib/jvm/java-8-openjdk-amd64/jre/lib/sunrsasign.jar:/usr/lib/jvm/java-8-openjdk-amd64/jre/lib/jsse.jar:/usr/lib/jvm/java-8-openjdk-amd64/jre/lib/jce.jar:/usr/lib/jvm/java-8-openjdk-amd64/jre/lib/charsets.jar:/usr/lib/jvm/java-8-openjdk-amd64/jre/lib/jfr.jar:/usr/lib/jvm/java-8-openjdk-amd64/jre/classes, java.awt.headless=true, java.vendor=Oracle Corporation, spring.application.admin.enabled=true, java.security.egd=file:/dev/./urandom, file.separator=/, java.vendor.url.bug=http://bugreport.sun.com/bugreport/, sun.io.unicode.encoding=UnicodeLittle, sun.cpu.endian=little, java.rmi.server.hostname=localhost, sun.desktop=gnome, sun.cpu.isalist=}}, SystemEnvironmentPropertySource@1525844775 {name='systemEnvironment', properties={PATH=/home/ajinkya/bin:/home/ajinkya/.local/bin:/usr/local/sbin:/usr/local/bin:/usr/sbin:/usr/bin:/sbin:/bin:/usr/games:/usr/local/games:/snap/bin, XAUTHORITY=/home/ajinkya/.Xauthority, XMODIFIERS=@im=ibus, XDG_DATA_DIRS=/usr/share/ubuntu:/usr/share/gnome:/usr/local/share/:/usr/share/:/var/lib/snapd/desktop, GDMSESSION=ubuntu, MANDATORY_PATH=/usr/share/gconf/ubuntu.mandatory.path, GTK_IM_MODULE=ibus, DBUS_SESSION_BUS_ADDRESS=unix:abstract=/tmp/dbus-hv0JZ6q7pK, DEFAULTS_PATH=/usr/share/gconf/ubuntu.default.path, XDG_CURRENT_DESKTOP=Unity, UPSTART_SESSION=unix:abstract=/com/ubuntu/upstart-session/1000/2221, QT4_IM_MODULE=xim, SESSION_MANAGER=local/ajinkya-ThinkPad-L470-W10DG:@/tmp/.ICE-unix/2622,unix/ajinkya-ThinkPad-L470-W10DG:/tmp/.ICE-unix/2622, QT_LINUX_ACCESSIBILITY_ALWAYS_ON=1, LOGNAME=ajinkya, JOB=unity-settings-daemon, PWD=/home/ajinkya, IM_CONFIG_PHASE=1, LANGUAGE=en_IN:en, SHELL=/bin/bash, PORT=27017, MONGO_DB=restaurantdb, GIO_LAUNCHED_DESKTOP_FILE=/home/ajinkya/.local/share/applications/spring_tool_suite.desktop, INSTANCE=, GTK2_MODULES=overlay-scrollbar, UPSTART_INSTANCE=, GNOME_DESKTOP_SESSION_ID=this-is-deprecated, GTK_MODULES=gail:atk-bridge:unity-gtk-module, GDK_SCALE=1, CLUTTER_IM_MODULE=xim, XDG_SESSION_PATH=/org/freedesktop/DisplayManager/Session0, COMPIZ_BIN_PATH=/usr/bin/, SESSIONTYPE=gnome-session, XDG_SESSION_DESKTOP=ubuntu, SHLVL=0, OXYGEN_DISABLE_INNER_SHADOWS_HACK=1, COMPIZ_CONFIG_PROFILE=ubuntu, UPSTART_JOB=unity7, QT_IM_MODULE=ibus, XDG_CONFIG_DIRS=/etc/xdg/xdg-ubuntu:/usr/share/upstart/xdg:/etc/xdg, GNOME_KEYRING_CONTROL=, URI=mongodb://localhost/restaurantdb, LANG=en_IN, XDG_SEAT_PATH=/org/freedesktop/DisplayManager/Seat0, XDG_SESSION_TYPE=x11, XDG_SESSION_ID=c2, DISPLAY=:0, GDM_LANG=en_US, XDG_GREETER_DATA_DIR=/var/lib/lightdm-data/ajinkya, LIBOVERLAY_SCROLLBAR=0, UPSTART_EVENTS=xsession started, GDK_CORE_DEVICE_EVENTS=1, SESSION=ubuntu, GPG_AGENT_INFO=/home/ajinkya/.gnupg/S.gpg-agent:0:1, DESKTOP_SESSION=ubuntu, USER=ajinkya, XDG_MENU_PREFIX=gnome-, GIO_LAUNCHED_DESKTOP_FILE_PID=3088, QT_ACCESSIBILITY=1, SSH_AUTH_SOCK=/run/user/1000/keyring/ssh, XDG_SEAT=seat0, QT_QPA_PLATFORMTHEME=appmenu-qt5, XDG_RUNTIME_DIR=/run/user/1000, XDG_VTNR=7, HOME=/home/ajinkya, GNOME_KEYRING_PID=}}]
2018-06-03 17:00:10 [main] DEBUG o.s.b.f.s.DefaultListableBeanFactory -
				Eagerly caching bean 'org.springframework.boot.context.properties.ConfigurationPropertiesBindingPostProcessor' to allow for resolving potential circular references
2018-06-03 17:00:10 [main] DEBUG o.s.b.f.s.DefaultListableBeanFactory -
				Returning cached instance of singleton bean 'org.springframework.boot.context.properties.ConfigurationPropertiesBindingPostProcessor.store'
2018-06-03 17:00:10 [main] DEBUG o.s.b.f.s.DefaultListableBeanFactory -
				Invoking afterPropertiesSet() on bean with name 'org.springframework.boot.context.properties.ConfigurationPropertiesBindingPostProcessor'
2018-06-03 17:00:10 [main] DEBUG o.s.b.f.s.DefaultListableBeanFactory -
				Returning cached instance of singleton bean 'propertySourcesPlaceholderConfigurer'
2018-06-03 17:00:10 [main] DEBUG o.s.b.f.s.DefaultListableBeanFactory -
				Finished creating instance of bean 'org.springframework.boot.context.properties.ConfigurationPropertiesBindingPostProcessor'
2018-06-03 17:00:10 [main] DEBUG o.s.b.f.s.DefaultListableBeanFactory -
				Creating shared instance of singleton bean 'methodValidationPostProcessor'
2018-06-03 17:00:10 [main] DEBUG o.s.b.f.s.DefaultListableBeanFactory -
				Creating instance of bean 'methodValidationPostProcessor'
2018-06-03 17:00:10 [main] DEBUG o.s.b.f.s.DefaultListableBeanFactory -
				Returning cached instance of singleton bean 'environment'
2018-06-03 17:00:10 [main] DEBUG o.s.aop.framework.JdkDynamicAopProxy -
				Creating JDK dynamic proxy: target source is org.springframework.context.annotation.ContextAnnotationAutowireCandidateResolver$1@2baa8d82
2018-06-03 17:00:10 [main] DEBUG o.s.b.f.s.DefaultListableBeanFactory -
				Autowiring by type from bean name 'methodValidationPostProcessor' via factory method to bean named 'environment'
2018-06-03 17:00:10 [main] DEBUG o.s.b.f.s.DefaultListableBeanFactory -
				Eagerly caching bean 'methodValidationPostProcessor' to allow for resolving potential circular references
2018-06-03 17:00:10 [main] DEBUG o.s.b.f.s.DefaultListableBeanFactory -
				Invoking afterPropertiesSet() on bean with name 'methodValidationPostProcessor'
2018-06-03 17:00:10 [main] DEBUG o.s.b.f.s.DefaultListableBeanFactory -
				Finished creating instance of bean 'methodValidationPostProcessor'
2018-06-03 17:00:10 [main] DEBUG o.s.b.f.s.DefaultListableBeanFactory -
				Creating shared instance of singleton bean 'org.springframework.aop.config.internalAutoProxyCreator'
2018-06-03 17:00:10 [main] DEBUG o.s.b.f.s.DefaultListableBeanFactory -
				Creating instance of bean 'org.springframework.aop.config.internalAutoProxyCreator'
2018-06-03 17:00:10 [main] DEBUG o.s.b.f.s.DefaultListableBeanFactory -
				Eagerly caching bean 'org.springframework.aop.config.internalAutoProxyCreator' to allow for resolving potential circular references
2018-06-03 17:00:10 [main] DEBUG o.s.b.f.s.DefaultListableBeanFactory -
				Finished creating instance of bean 'org.springframework.aop.config.internalAutoProxyCreator'
2018-06-03 17:00:10 [main] DEBUG o.s.b.f.s.DefaultListableBeanFactory -
				Creating shared instance of singleton bean 'dataSourceInitializerPostProcessor'
2018-06-03 17:00:10 [main] DEBUG o.s.b.f.s.DefaultListableBeanFactory -
				Creating instance of bean 'dataSourceInitializerPostProcessor'
2018-06-03 17:00:10 [main] DEBUG o.s.b.f.annotation.InjectionMetadata -
				Registered injected element on class [org.springframework.boot.autoconfigure.jdbc.DataSourceInitializerPostProcessor]: AutowiredFieldElement for private org.springframework.beans.factory.BeanFactory org.springframework.boot.autoconfigure.jdbc.DataSourceInitializerPostProcessor.beanFactory
2018-06-03 17:00:10 [main] DEBUG o.s.b.f.s.DefaultListableBeanFactory -
				Eagerly caching bean 'dataSourceInitializerPostProcessor' to allow for resolving potential circular references
2018-06-03 17:00:10 [main] DEBUG o.s.b.f.annotation.InjectionMetadata -
				Processing injected element of bean 'dataSourceInitializerPostProcessor': AutowiredFieldElement for private org.springframework.beans.factory.BeanFactory org.springframework.boot.autoconfigure.jdbc.DataSourceInitializerPostProcessor.beanFactory
2018-06-03 17:00:10 [main] DEBUG o.s.b.f.a.AutowiredAnnotationBeanPostProcessor -
				Autowiring by type from bean name 'dataSourceInitializerPostProcessor' to bean named 'org.springframework.beans.factory.support.DefaultListableBeanFactory@3c73951'
2018-06-03 17:00:10 [main] DEBUG o.s.b.f.s.DefaultListableBeanFactory -
				Finished creating instance of bean 'dataSourceInitializerPostProcessor'
2018-06-03 17:00:10 [main] DEBUG o.s.b.f.s.DefaultListableBeanFactory -
				Creating shared instance of singleton bean 'persistenceExceptionTranslationPostProcessor'
2018-06-03 17:00:10 [main] DEBUG o.s.b.f.s.DefaultListableBeanFactory -
				Creating instance of bean 'persistenceExceptionTranslationPostProcessor'
2018-06-03 17:00:10 [main] DEBUG o.s.b.f.s.DefaultListableBeanFactory -
				Returning cached instance of singleton bean 'environment'
2018-06-03 17:00:10 [main] DEBUG o.s.b.f.s.DefaultListableBeanFactory -
				Autowiring by type from bean name 'persistenceExceptionTranslationPostProcessor' via factory method to bean named 'environment'
2018-06-03 17:00:10 [main] DEBUG o.s.b.f.s.DefaultListableBeanFactory -
				Eagerly caching bean 'persistenceExceptionTranslationPostProcessor' to allow for resolving potential circular references
2018-06-03 17:00:10 [main] DEBUG o.s.b.f.s.DefaultListableBeanFactory -
				Finished creating instance of bean 'persistenceExceptionTranslationPostProcessor'
2018-06-03 17:00:10 [main] DEBUG o.s.b.f.s.DefaultListableBeanFactory -
				Creating shared instance of singleton bean 'embeddedServletContainerCustomizerBeanPostProcessor'
2018-06-03 17:00:10 [main] DEBUG o.s.b.f.s.DefaultListableBeanFactory -
				Creating instance of bean 'embeddedServletContainerCustomizerBeanPostProcessor'
2018-06-03 17:00:10 [main] DEBUG o.s.b.f.s.DefaultListableBeanFactory -
				Eagerly caching bean 'embeddedServletContainerCustomizerBeanPostProcessor' to allow for resolving potential circular references
2018-06-03 17:00:10 [main] DEBUG o.s.b.f.s.DefaultListableBeanFactory -
				Finished creating instance of bean 'embeddedServletContainerCustomizerBeanPostProcessor'
2018-06-03 17:00:10 [main] DEBUG o.s.b.f.s.DefaultListableBeanFactory -
				Creating shared instance of singleton bean 'errorPageRegistrarBeanPostProcessor'
2018-06-03 17:00:10 [main] DEBUG o.s.b.f.s.DefaultListableBeanFactory -
				Creating instance of bean 'errorPageRegistrarBeanPostProcessor'
2018-06-03 17:00:10 [main] DEBUG o.s.b.f.s.DefaultListableBeanFactory -
				Eagerly caching bean 'errorPageRegistrarBeanPostProcessor' to allow for resolving potential circular references
2018-06-03 17:00:10 [main] DEBUG o.s.b.f.s.DefaultListableBeanFactory -
				Finished creating instance of bean 'errorPageRegistrarBeanPostProcessor'
2018-06-03 17:00:10 [main] DEBUG o.s.b.f.s.DefaultListableBeanFactory -
				Creating shared instance of singleton bean 'dataSourceInitializedPublisher'
2018-06-03 17:00:10 [main] DEBUG o.s.b.f.s.DefaultListableBeanFactory -
				Creating instance of bean 'dataSourceInitializedPublisher'
2018-06-03 17:00:10 [main] DEBUG o.s.b.f.annotation.InjectionMetadata -
				Registered injected element on class [org.springframework.boot.autoconfigure.orm.jpa.DataSourceInitializedPublisher]: AutowiredFieldElement for private org.springframework.context.ApplicationContext org.springframework.boot.autoconfigure.orm.jpa.DataSourceInitializedPublisher.applicationContext
2018-06-03 17:00:10 [main] DEBUG o.s.b.f.s.DefaultListableBeanFactory -
				Eagerly caching bean 'dataSourceInitializedPublisher' to allow for resolving potential circular references
2018-06-03 17:00:10 [main] DEBUG o.s.b.f.annotation.InjectionMetadata -
				Processing injected element of bean 'dataSourceInitializedPublisher': AutowiredFieldElement for private org.springframework.context.ApplicationContext org.springframework.boot.autoconfigure.orm.jpa.DataSourceInitializedPublisher.applicationContext
2018-06-03 17:00:10 [main] DEBUG o.s.b.f.a.AutowiredAnnotationBeanPostProcessor -
				Autowiring by type from bean name 'dataSourceInitializedPublisher' to bean named 'org.springframework.boot.context.embedded.AnnotationConfigEmbeddedWebApplicationContext@5542c4ed'
2018-06-03 17:00:10 [main] DEBUG o.s.b.f.s.DefaultListableBeanFactory -
				Finished creating instance of bean 'dataSourceInitializedPublisher'
2018-06-03 17:00:10 [main] DEBUG o.s.b.c.e.AnnotationConfigEmbeddedWebApplicationContext -
				Unable to locate MessageSource with name 'messageSource': using default [org.springframework.context.support.DelegatingMessageSource@3591009c]
2018-06-03 17:00:10 [main] DEBUG o.s.b.c.e.AnnotationConfigEmbeddedWebApplicationContext -
				Unable to locate ApplicationEventMulticaster with name 'applicationEventMulticaster': using default [org.springframework.context.event.SimpleApplicationEventMulticaster@5398edd0]
2018-06-03 17:00:10 [main] DEBUG o.s.u.c.s.UiApplicationContextUtils -
				Unable to locate ThemeSource with name 'themeSource': using default [org.springframework.ui.context.support.ResourceBundleThemeSource@660e9100]
2018-06-03 17:00:10 [main] DEBUG o.s.b.f.s.DefaultListableBeanFactory -
				Creating shared instance of singleton bean 'tomcatEmbeddedServletContainerFactory'
2018-06-03 17:00:10 [main] DEBUG o.s.b.f.s.DefaultListableBeanFactory -
				Creating instance of bean 'tomcatEmbeddedServletContainerFactory'
2018-06-03 17:00:10 [main] DEBUG o.s.b.f.s.DefaultListableBeanFactory -
				Creating shared instance of singleton bean 'org.springframework.transaction.config.internalTransactionAdvisor'
2018-06-03 17:00:10 [main] DEBUG o.s.b.f.s.DefaultListableBeanFactory -
				Creating instance of bean 'org.springframework.transaction.config.internalTransactionAdvisor'
2018-06-03 17:00:10 [main] DEBUG o.s.b.f.s.DefaultListableBeanFactory -
				Creating shared instance of singleton bean 'org.springframework.transaction.annotation.ProxyTransactionManagementConfiguration'
2018-06-03 17:00:10 [main] DEBUG o.s.b.f.s.DefaultListableBeanFactory -
				Creating instance of bean 'org.springframework.transaction.annotation.ProxyTransactionManagementConfiguration'
2018-06-03 17:00:10 [main] DEBUG o.s.a.f.a.BeanFactoryAdvisorRetrievalHelper -
				Skipping currently created advisor 'org.springframework.transaction.config.internalTransactionAdvisor'
2018-06-03 17:00:10 [main] DEBUG o.s.a.a.a.ReflectiveAspectJAdvisorFactory -
				Found AspectJ method: public void com.stackroute.activitystream.aspect.LoggingAspect.logBeforeCreateUser(org.aspectj.lang.JoinPoint)
2018-06-03 17:00:10 [main] DEBUG o.s.a.a.a.ReflectiveAspectJAdvisorFactory -
				Found AspectJ method: public void com.stackroute.activitystream.aspect.LoggingAspect.logBeforeGetUser(org.aspectj.lang.JoinPoint)
2018-06-03 17:00:10 [main] DEBUG o.s.a.a.a.ReflectiveAspectJAdvisorFactory -
				Found AspectJ method: public void com.stackroute.activitystream.aspect.LoggingAspect.logBeforeListAllUsers(org.aspectj.lang.JoinPoint)
2018-06-03 17:00:10 [main] DEBUG o.s.a.a.a.ReflectiveAspectJAdvisorFactory -
				Found AspectJ method: public void com.stackroute.activitystream.aspect.LoggingAspect.logBeforeUpdateUser(org.aspectj.lang.JoinPoint)
2018-06-03 17:00:10 [main] DEBUG o.s.a.a.a.ReflectiveAspectJAdvisorFactory -
				Found AspectJ method: public void com.stackroute.activitystream.aspect.LoggingAspect.logAfterCreateUser(org.aspectj.lang.JoinPoint)
2018-06-03 17:00:10 [main] DEBUG o.s.a.a.a.ReflectiveAspectJAdvisorFactory -
				Found AspectJ method: public void com.stackroute.activitystream.aspect.LoggingAspect.logAfterGetUser(org.aspectj.lang.JoinPoint)
2018-06-03 17:00:10 [main] DEBUG o.s.a.a.a.ReflectiveAspectJAdvisorFactory -
				Found AspectJ method: public void com.stackroute.activitystream.aspect.LoggingAspect.logAfterListAllUsers(org.aspectj.lang.JoinPoint)
2018-06-03 17:00:10 [main] DEBUG o.s.a.a.a.ReflectiveAspectJAdvisorFactory -
				Found AspectJ method: public void com.stackroute.activitystream.aspect.LoggingAspect.logAfterUpdateUser(org.aspectj.lang.JoinPoint)
2018-06-03 17:00:10 [main] DEBUG o.s.a.a.a.ReflectiveAspectJAdvisorFactory -
				Found AspectJ method: public void com.stackroute.activitystream.aspect.LoggingAspect.logAfterReturningAddUser(org.aspectj.lang.JoinPoint,java.lang.Object)
2018-06-03 17:00:10 [main] DEBUG o.s.a.a.a.ReflectiveAspectJAdvisorFactory -
				Found AspectJ method: public void com.stackroute.activitystream.aspect.LoggingAspect.logAfterReturningCreateUser(org.aspectj.lang.JoinPoint,java.lang.Object)
2018-06-03 17:00:10 [main] DEBUG o.s.a.a.a.ReflectiveAspectJAdvisorFactory -
				Found AspectJ method: public void com.stackroute.activitystream.aspect.LoggingAspect.logAfterReturningGetMyCircles(org.aspectj.lang.JoinPoint,java.lang.Object)
2018-06-03 17:00:10 [main] DEBUG o.s.a.a.a.ReflectiveAspectJAdvisorFactory -
				Found AspectJ method: public void com.stackroute.activitystream.aspect.LoggingAspect.logAfterReturningGetUser(org.aspectj.lang.JoinPoint,java.lang.Object)
2018-06-03 17:00:10 [main] DEBUG o.s.a.a.a.ReflectiveAspectJAdvisorFactory -
				Found AspectJ method: public void com.stackroute.activitystream.aspect.LoggingAspect.logAfterReturningListAllUsers(org.aspectj.lang.JoinPoint,java.lang.Object)
2018-06-03 17:00:10 [main] DEBUG o.s.a.a.a.ReflectiveAspectJAdvisorFactory -
				Found AspectJ method: public void com.stackroute.activitystream.aspect.LoggingAspect.logAfterReturningRemoveUser(org.aspectj.lang.JoinPoint,java.lang.Object)
2018-06-03 17:00:10 [main] DEBUG o.s.a.a.a.ReflectiveAspectJAdvisorFactory -
				Found AspectJ method: public void com.stackroute.activitystream.aspect.LoggingAspect.logAfterReturningUpdateUser(org.aspectj.lang.JoinPoint,java.lang.Object)
2018-06-03 17:00:10 [main] DEBUG o.s.a.a.a.ReflectiveAspectJAdvisorFactory -
				Found AspectJ method: public void com.stackroute.activitystream.aspect.LoggingAspect.logAfterThrowingAddUser(org.aspectj.lang.JoinPoint,java.lang.Throwable)
2018-06-03 17:00:10 [main] DEBUG o.s.a.a.a.ReflectiveAspectJAdvisorFactory -
				Found AspectJ method: public void com.stackroute.activitystream.aspect.LoggingAspect.logAfterThrowingCreateUser(org.aspectj.lang.JoinPoint,java.lang.Throwable)
2018-06-03 17:00:10 [main] DEBUG o.s.a.a.a.ReflectiveAspectJAdvisorFactory -
				Found AspectJ method: public void com.stackroute.activitystream.aspect.LoggingAspect.logAfterThrowingGetMyCircles(org.aspectj.lang.JoinPoint,java.lang.Throwable)
2018-06-03 17:00:10 [main] DEBUG o.s.a.a.a.ReflectiveAspectJAdvisorFactory -
				Found AspectJ method: public void com.stackroute.activitystream.aspect.LoggingAspect.logAfterThrowingGetUser(org.aspectj.lang.JoinPoint,java.lang.Throwable)
2018-06-03 17:00:10 [main] DEBUG o.s.a.a.a.ReflectiveAspectJAdvisorFactory -
				Found AspectJ method: public void com.stackroute.activitystream.aspect.LoggingAspect.logAfterThrowingListAllUsers(org.aspectj.lang.JoinPoint,java.lang.Throwable)
2018-06-03 17:00:10 [main] DEBUG o.s.a.a.a.ReflectiveAspectJAdvisorFactory -
				Found AspectJ method: public void com.stackroute.activitystream.aspect.LoggingAspect.logAfterThrowingRemoveUser(org.aspectj.lang.JoinPoint,java.lang.Throwable)
2018-06-03 17:00:10 [main] DEBUG o.s.a.a.a.ReflectiveAspectJAdvisorFactory -
				Found AspectJ method: public void com.stackroute.activitystream.aspect.LoggingAspect.logAfterThrowingUpdateUser(org.aspectj.lang.JoinPoint,java.lang.Throwable)
