2018-06-03 17:02:37 [localhost-startStop-1] DEBUG o.s.b.f.s.DefaultListableBeanFactory -
				Returning cached instance of singleton bean 'org.springframework.transaction.config.internalTransactionAdvisor'
2018-06-03 17:02:37 [localhost-startStop-1] DEBUG o.s.b.f.s.DefaultListableBeanFactory -
				Returning cached instance of singleton bean 'org.springframework.transaction.config.internalTransactionAdvisor'
2018-06-03 17:02:37 [localhost-startStop-1] DEBUG o.s.b.f.s.DefaultListableBeanFactory -
				Finished creating instance of bean 'org.springframework.boot.autoconfigure.web.DispatcherServletAutoConfiguration$DispatcherServletConfiguration'
2018-06-03 17:02:37 [localhost-startStop-1] DEBUG o.s.b.f.s.DefaultListableBeanFactory -
				Eagerly caching bean 'dispatcherServlet' to allow for resolving potential circular references
2018-06-03 17:02:37 [localhost-startStop-1] DEBUG o.s.b.f.s.DefaultListableBeanFactory -
				Returning cached instance of singleton bean 'org.springframework.transaction.config.internalTransactionAdvisor'
2018-06-03 17:02:37 [localhost-startStop-1] DEBUG o.s.b.f.s.DefaultListableBeanFactory -
				Returning cached instance of singleton bean 'org.springframework.transaction.config.internalTransactionAdvisor'
2018-06-03 17:02:37 [localhost-startStop-1] DEBUG o.s.b.f.s.DefaultListableBeanFactory -
				Finished creating instance of bean 'dispatcherServlet'
2018-06-03 17:02:37 [localhost-startStop-1] DEBUG o.s.b.f.s.DefaultListableBeanFactory -
				Autowiring by type from bean name 'dispatcherServletRegistration' via factory method to bean named 'dispatcherServlet'
2018-06-03 17:02:37 [localhost-startStop-1] DEBUG o.s.b.f.s.DefaultListableBeanFactory -
				Eagerly caching bean 'dispatcherServletRegistration' to allow for resolving potential circular references
2018-06-03 17:02:37 [localhost-startStop-1] DEBUG o.s.b.f.s.DefaultListableBeanFactory -
				Returning cached instance of singleton bean 'org.springframework.transaction.config.internalTransactionAdvisor'
2018-06-03 17:02:37 [localhost-startStop-1] DEBUG o.s.b.f.s.DefaultListableBeanFactory -
				Returning cached instance of singleton bean 'org.springframework.transaction.config.internalTransactionAdvisor'
2018-06-03 17:02:37 [localhost-startStop-1] DEBUG o.s.b.f.s.DefaultListableBeanFactory -
				Finished creating instance of bean 'dispatcherServletRegistration'
2018-06-03 17:02:37 [localhost-startStop-1] DEBUG o.s.b.w.s.ServletContextInitializerBeans -
				Added existing Filter initializer bean 'jwtFilter'; order=2147483647, resource=com.stackroute.activitystream.AuthenticationServiceBoot
2018-06-03 17:02:37 [localhost-startStop-1] DEBUG o.s.b.w.s.ServletContextInitializerBeans -
				Added existing Servlet initializer bean 'dispatcherServletRegistration'; order=2147483647, resource=class path resource [org/springframework/boot/autoconfigure/web/DispatcherServletAutoConfiguration$DispatcherServletRegistrationConfiguration.class]
2018-06-03 17:02:37 [localhost-startStop-1] DEBUG o.s.b.f.s.DefaultListableBeanFactory -
				Returning cached instance of singleton bean 'multipartConfigElement'
2018-06-03 17:02:37 [localhost-startStop-1] DEBUG o.s.b.f.s.DefaultListableBeanFactory -
				Returning cached instance of singleton bean 'dispatcherServlet'
2018-06-03 17:02:37 [localhost-startStop-1] DEBUG o.s.b.f.s.DefaultListableBeanFactory -
				Creating shared instance of singleton bean 'characterEncodingFilter'
2018-06-03 17:02:37 [localhost-startStop-1] DEBUG o.s.b.f.s.DefaultListableBeanFactory -
				Creating instance of bean 'characterEncodingFilter'
2018-06-03 17:02:37 [localhost-startStop-1] DEBUG o.s.b.f.s.DefaultListableBeanFactory -
				Returning cached instance of singleton bean 'org.springframework.transaction.config.internalTransactionAdvisor'
2018-06-03 17:02:37 [localhost-startStop-1] DEBUG o.s.b.f.s.DefaultListableBeanFactory -
				Returning cached instance of singleton bean 'org.springframework.boot.autoconfigure.web.HttpEncodingAutoConfiguration'
2018-06-03 17:02:37 [localhost-startStop-1] DEBUG o.s.b.f.s.DefaultListableBeanFactory -
				Eagerly caching bean 'characterEncodingFilter' to allow for resolving potential circular references
2018-06-03 17:02:37 [localhost-startStop-1] DEBUG o.s.b.f.s.DefaultListableBeanFactory -
				Invoking afterPropertiesSet() on bean with name 'characterEncodingFilter'
2018-06-03 17:02:37 [localhost-startStop-1] DEBUG o.s.b.f.s.DefaultListableBeanFactory -
				Returning cached instance of singleton bean 'org.springframework.transaction.config.internalTransactionAdvisor'
2018-06-03 17:02:37 [localhost-startStop-1] DEBUG o.s.b.f.s.DefaultListableBeanFactory -
				Returning cached instance of singleton bean 'org.springframework.transaction.config.internalTransactionAdvisor'
2018-06-03 17:02:37 [localhost-startStop-1] DEBUG o.s.b.f.s.DefaultListableBeanFactory -
				Finished creating instance of bean 'characterEncodingFilter'
2018-06-03 17:02:37 [localhost-startStop-1] DEBUG o.s.b.w.s.ServletContextInitializerBeans -
				Created Filter initializer for bean 'characterEncodingFilter'; order=-2147483648, resource=class path resource [org/springframework/boot/autoconfigure/web/HttpEncodingAutoConfiguration.class]
2018-06-03 17:02:37 [localhost-startStop-1] INFO  o.s.b.w.s.FilterRegistrationBean -
				Mapping filter: 'characterEncodingFilter' to: [/*]
2018-06-03 17:02:37 [localhost-startStop-1] INFO  o.s.b.w.s.FilterRegistrationBean -
				Mapping filter: 'jwtFilter' to urls: [/api/*]
2018-06-03 17:02:37 [localhost-startStop-1] INFO  o.s.b.w.s.ServletRegistrationBean -
				Mapping servlet: 'dispatcherServlet' to [/]
2018-06-03 17:02:37 [localhost-startStop-1] DEBUG o.s.b.w.f.OrderedCharacterEncodingFilter -
				Initializing filter 'characterEncodingFilter'
2018-06-03 17:02:37 [localhost-startStop-1] DEBUG o.s.b.w.f.OrderedCharacterEncodingFilter -
				Filter 'characterEncodingFilter' configured successfully
2018-06-03 17:02:37 [localhost-startStop-1] DEBUG c.s.activitystream.config.JwtFilter -
				Initializing filter 'jwtFilter'
2018-06-03 17:02:37 [localhost-startStop-1] DEBUG c.s.activitystream.config.JwtFilter -
				Filter 'jwtFilter' configured successfully
2018-06-03 17:02:37 [main] DEBUG o.s.w.c.s.StandardServletEnvironment -
				Replacing PropertySource 'servletContextInitParams' with 'servletContextInitParams'
2018-06-03 17:02:37 [main] DEBUG o.s.b.f.s.DefaultListableBeanFactory -
				Creating shared instance of singleton bean 'entityManagerFactory'
2018-06-03 17:02:37 [main] DEBUG o.s.b.f.s.DefaultListableBeanFactory -
				Creating instance of bean 'entityManagerFactory'
2018-06-03 17:02:37 [main] DEBUG o.s.b.f.s.DefaultListableBeanFactory -
				Returning cached instance of singleton bean 'org.springframework.transaction.config.internalTransactionAdvisor'
2018-06-03 17:02:37 [main] DEBUG o.s.b.f.s.DefaultListableBeanFactory -
				Creating shared instance of singleton bean 'org.springframework.boot.autoconfigure.orm.jpa.HibernateJpaAutoConfiguration'
2018-06-03 17:02:37 [main] DEBUG o.s.b.f.s.DefaultListableBeanFactory -
				Creating instance of bean 'org.springframework.boot.autoconfigure.orm.jpa.HibernateJpaAutoConfiguration'
2018-06-03 17:02:37 [main] DEBUG o.s.b.f.s.DefaultListableBeanFactory -
				Returning cached instance of singleton bean 'org.springframework.transaction.config.internalTransactionAdvisor'
2018-06-03 17:02:37 [main] DEBUG o.s.c.LocalVariableTableParameterNameDiscoverer -
				Cannot find '.class' file for class [class org.springframework.boot.autoconfigure.orm.jpa.HibernateJpaAutoConfiguration$$EnhancerBySpringCGLIB$$6523864f] - unable to determine constructor/method parameter names
2018-06-03 17:02:37 [main] DEBUG o.s.b.f.s.DefaultListableBeanFactory -
				Creating shared instance of singleton bean 'dataSource'
2018-06-03 17:02:37 [main] DEBUG o.s.b.f.s.DefaultListableBeanFactory -
				Creating instance of bean 'dataSource'
2018-06-03 17:02:37 [main] DEBUG o.s.b.f.s.DefaultListableBeanFactory -
				Returning cached instance of singleton bean 'org.springframework.transaction.config.internalTransactionAdvisor'
2018-06-03 17:02:37 [main] DEBUG o.s.b.f.s.DefaultListableBeanFactory -
				Creating shared instance of singleton bean 'org.springframework.boot.autoconfigure.jdbc.DataSourceConfiguration$Tomcat'
2018-06-03 17:02:37 [main] DEBUG o.s.b.f.s.DefaultListableBeanFactory -
				Creating instance of bean 'org.springframework.boot.autoconfigure.jdbc.DataSourceConfiguration$Tomcat'
2018-06-03 17:02:37 [main] DEBUG o.s.b.f.s.DefaultListableBeanFactory -
				Returning cached instance of singleton bean 'org.springframework.transaction.config.internalTransactionAdvisor'
2018-06-03 17:02:37 [main] DEBUG o.s.b.f.s.DefaultListableBeanFactory -
				Eagerly caching bean 'org.springframework.boot.autoconfigure.jdbc.DataSourceConfiguration$Tomcat' to allow for resolving potential circular references
2018-06-03 17:02:37 [main] DEBUG o.s.b.f.s.DefaultListableBeanFactory -
				Returning cached instance of singleton bean 'org.springframework.transaction.config.internalTransactionAdvisor'
2018-06-03 17:02:37 [main] DEBUG o.s.b.f.s.DefaultListableBeanFactory -
				Returning cached instance of singleton bean 'org.springframework.transaction.config.internalTransactionAdvisor'
2018-06-03 17:02:37 [main] DEBUG o.s.b.f.s.DefaultListableBeanFactory -
				Finished creating instance of bean 'org.springframework.boot.autoconfigure.jdbc.DataSourceConfiguration$Tomcat'
2018-06-03 17:02:37 [main] DEBUG o.s.b.f.s.DefaultListableBeanFactory -
				Creating shared instance of singleton bean 'spring.datasource-org.springframework.boot.autoconfigure.jdbc.DataSourceProperties'
2018-06-03 17:02:37 [main] DEBUG o.s.b.f.s.DefaultListableBeanFactory -
				Creating instance of bean 'spring.datasource-org.springframework.boot.autoconfigure.jdbc.DataSourceProperties'
2018-06-03 17:02:37 [main] DEBUG o.s.b.f.s.DefaultListableBeanFactory -
				Returning cached instance of singleton bean 'org.springframework.transaction.config.internalTransactionAdvisor'
2018-06-03 17:02:37 [main] DEBUG o.s.b.f.s.DefaultListableBeanFactory -
				Eagerly caching bean 'spring.datasource-org.springframework.boot.autoconfigure.jdbc.DataSourceProperties' to allow for resolving potential circular references
2018-06-03 17:02:37 [main] DEBUG o.s.core.env.MutablePropertySources -
				Adding PropertySource 'commandLineArgs' with lowest search precedence
2018-06-03 17:02:37 [main] DEBUG o.s.core.env.MutablePropertySources -
				Adding PropertySource 'servletConfigInitParams' with lowest search precedence
2018-06-03 17:02:37 [main] DEBUG o.s.core.env.MutablePropertySources -
				Adding PropertySource 'servletContextInitParams' with lowest search precedence
2018-06-03 17:02:37 [main] DEBUG o.s.core.env.MutablePropertySources -
				Adding PropertySource 'systemProperties' with lowest search precedence
2018-06-03 17:02:37 [main] DEBUG o.s.core.env.MutablePropertySources -
				Adding PropertySource 'systemEnvironment' with lowest search precedence
2018-06-03 17:02:37 [main] DEBUG o.s.core.env.MutablePropertySources -
				Adding PropertySource 'random' with lowest search precedence
2018-06-03 17:02:37 [main] DEBUG o.s.core.env.MutablePropertySources -
				Adding PropertySource 'applicationConfig: [classpath:/application.yml]' with lowest search precedence
2018-06-03 17:02:37 [main] DEBUG o.s.core.env.MutablePropertySources -
				Adding PropertySource 'localProperties' with lowest search precedence
2018-06-03 17:02:37 [main] DEBUG o.s.core.env.MutablePropertySources -
				Adding PropertySource 'commandLineArgs' with lowest search precedence
2018-06-03 17:02:37 [main] DEBUG o.s.core.env.MutablePropertySources -
				Adding PropertySource 'servletConfigInitParams' with lowest search precedence
2018-06-03 17:02:37 [main] DEBUG o.s.core.env.MutablePropertySources -
				Adding PropertySource 'servletContextInitParams' with lowest search precedence
2018-06-03 17:02:37 [main] DEBUG o.s.core.env.MutablePropertySources -
				Adding PropertySource 'systemProperties' with lowest search precedence
2018-06-03 17:02:37 [main] DEBUG o.s.core.env.MutablePropertySources -
				Adding PropertySource 'systemEnvironment' with lowest search precedence
2018-06-03 17:02:37 [main] DEBUG o.s.core.env.MutablePropertySources -
				Adding PropertySource 'random' with lowest search precedence
2018-06-03 17:02:37 [main] DEBUG o.s.core.env.MutablePropertySources -
				Adding PropertySource 'applicationConfig: [classpath:/application.yml]' with lowest search precedence
2018-06-03 17:02:37 [main] DEBUG o.s.core.env.MutablePropertySources -
				Adding PropertySource 'localProperties' with lowest search precedence
2018-06-03 17:02:37 [main] DEBUG o.s.core.env.MutablePropertySources -
				Adding PropertySource 'commandLineArgs' with lowest search precedence
2018-06-03 17:02:37 [main] DEBUG o.s.core.env.MutablePropertySources -
				Adding PropertySource 'servletConfigInitParams' with lowest search precedence
2018-06-03 17:02:37 [main] DEBUG o.s.core.env.MutablePropertySources -
				Adding PropertySource 'servletContextInitParams' with lowest search precedence
2018-06-03 17:02:37 [main] DEBUG o.s.core.env.MutablePropertySources -
				Adding PropertySource 'systemProperties' with lowest search precedence
2018-06-03 17:02:37 [main] DEBUG o.s.core.env.MutablePropertySources -
				Adding PropertySource 'systemEnvironment' with lowest search precedence
2018-06-03 17:02:37 [main] DEBUG o.s.core.env.MutablePropertySources -
				Adding PropertySource 'random' with lowest search precedence
2018-06-03 17:02:37 [main] DEBUG o.s.core.env.MutablePropertySources -
				Adding PropertySource 'applicationConfig: [classpath:/application.yml]' with lowest search precedence
2018-06-03 17:02:37 [main] DEBUG o.s.core.env.MutablePropertySources -
				Adding PropertySource 'localProperties' with lowest search precedence
2018-06-03 17:02:37 [main] DEBUG o.s.c.e.PropertySourcesPropertyResolver -
				Could not find key 'MYSQL_DATABASE' in any property source
2018-06-03 17:02:37 [main] DEBUG o.s.core.env.MutablePropertySources -
				Adding PropertySource 'commandLineArgs' with lowest search precedence
2018-06-03 17:02:37 [main] DEBUG o.s.core.env.MutablePropertySources -
				Adding PropertySource 'servletConfigInitParams' with lowest search precedence
2018-06-03 17:02:37 [main] DEBUG o.s.core.env.MutablePropertySources -
				Adding PropertySource 'servletContextInitParams' with lowest search precedence
2018-06-03 17:02:37 [main] DEBUG o.s.core.env.MutablePropertySources -
				Adding PropertySource 'systemProperties' with lowest search precedence
2018-06-03 17:02:37 [main] DEBUG o.s.core.env.MutablePropertySources -
				Adding PropertySource 'systemEnvironment' with lowest search precedence
2018-06-03 17:02:37 [main] DEBUG o.s.core.env.MutablePropertySources -
				Adding PropertySource 'random' with lowest search precedence
2018-06-03 17:02:37 [main] DEBUG o.s.core.env.MutablePropertySources -
				Adding PropertySource 'applicationConfig: [classpath:/application.yml]' with lowest search precedence
2018-06-03 17:02:37 [main] DEBUG o.s.core.env.MutablePropertySources -
				Adding PropertySource 'localProperties' with lowest search precedence
2018-06-03 17:02:37 [main] DEBUG o.s.core.env.MutablePropertySources -
				Adding PropertySource 'commandLineArgs' with lowest search precedence
2018-06-03 17:02:37 [main] DEBUG o.s.core.env.MutablePropertySources -
				Adding PropertySource 'servletConfigInitParams' with lowest search precedence
2018-06-03 17:02:37 [main] DEBUG o.s.core.env.MutablePropertySources -
				Adding PropertySource 'servletContextInitParams' with lowest search precedence
2018-06-03 17:02:37 [main] DEBUG o.s.core.env.MutablePropertySources -
				Adding PropertySource 'systemProperties' with lowest search precedence
2018-06-03 17:02:37 [main] DEBUG o.s.core.env.MutablePropertySources -
				Adding PropertySource 'systemEnvironment' with lowest search precedence
2018-06-03 17:02:37 [main] DEBUG o.s.core.env.MutablePropertySources -
				Adding PropertySource 'random' with lowest search precedence
2018-06-03 17:02:37 [main] DEBUG o.s.core.env.MutablePropertySources -
				Adding PropertySource 'applicationConfig: [classpath:/application.yml]' with lowest search precedence
2018-06-03 17:02:37 [main] DEBUG o.s.core.env.MutablePropertySources -
				Adding PropertySource 'localProperties' with lowest search precedence
2018-06-03 17:02:37 [main] DEBUG o.s.c.e.PropertySourcesPropertyResolver -
				Could not find key 'MYSQL_USER' in any property source
2018-06-03 17:02:37 [main] DEBUG o.s.core.env.MutablePropertySources -
				Adding PropertySource 'commandLineArgs' with lowest search precedence
2018-06-03 17:02:37 [main] DEBUG o.s.core.env.MutablePropertySources -
				Adding PropertySource 'servletConfigInitParams' with lowest search precedence
2018-06-03 17:02:37 [main] DEBUG o.s.core.env.MutablePropertySources -
				Adding PropertySource 'servletContextInitParams' with lowest search precedence
2018-06-03 17:02:37 [main] DEBUG o.s.core.env.MutablePropertySources -
				Adding PropertySource 'systemProperties' with lowest search precedence
2018-06-03 17:02:37 [main] DEBUG o.s.core.env.MutablePropertySources -
				Adding PropertySource 'systemEnvironment' with lowest search precedence
2018-06-03 17:02:37 [main] DEBUG o.s.core.env.MutablePropertySources -
				Adding PropertySource 'random' with lowest search precedence
2018-06-03 17:02:37 [main] DEBUG o.s.core.env.MutablePropertySources -
				Adding PropertySource 'applicationConfig: [classpath:/application.yml]' with lowest search precedence
2018-06-03 17:02:37 [main] DEBUG o.s.core.env.MutablePropertySources -
				Adding PropertySource 'localProperties' with lowest search precedence
2018-06-03 17:02:37 [main] DEBUG o.s.core.env.MutablePropertySources -
				Adding PropertySource 'commandLineArgs' with lowest search precedence
2018-06-03 17:02:37 [main] DEBUG o.s.core.env.MutablePropertySources -
				Adding PropertySource 'servletConfigInitParams' with lowest search precedence
2018-06-03 17:02:37 [main] DEBUG o.s.core.env.MutablePropertySources -
				Adding PropertySource 'servletContextInitParams' with lowest search precedence
2018-06-03 17:02:37 [main] DEBUG o.s.core.env.MutablePropertySources -
				Adding PropertySource 'systemProperties' with lowest search precedence
2018-06-03 17:02:37 [main] DEBUG o.s.core.env.MutablePropertySources -
				Adding PropertySource 'systemEnvironment' with lowest search precedence
2018-06-03 17:02:37 [main] DEBUG o.s.core.env.MutablePropertySources -
				Adding PropertySource 'random' with lowest search precedence
2018-06-03 17:02:37 [main] DEBUG o.s.core.env.MutablePropertySources -
				Adding PropertySource 'applicationConfig: [classpath:/application.yml]' with lowest search precedence
2018-06-03 17:02:37 [main] DEBUG o.s.core.env.MutablePropertySources -
				Adding PropertySource 'localProperties' with lowest search precedence
2018-06-03 17:02:37 [main] DEBUG o.s.c.e.PropertySourcesPropertyResolver -
				Could not find key 'MYSQL_PASSWORD' in any property source
2018-06-03 17:02:37 [main] DEBUG o.s.b.f.s.DefaultListableBeanFactory -
				Invoking afterPropertiesSet() on bean with name 'spring.datasource-org.springframework.boot.autoconfigure.jdbc.DataSourceProperties'
2018-06-03 17:02:37 [main] DEBUG o.s.b.f.s.DefaultListableBeanFactory -
				Returning cached instance of singleton bean 'org.springframework.transaction.config.internalTransactionAdvisor'
2018-06-03 17:02:37 [main] DEBUG o.s.b.f.s.DefaultListableBeanFactory -
				Returning cached instance of singleton bean 'org.springframework.transaction.config.internalTransactionAdvisor'
2018-06-03 17:02:37 [main] DEBUG o.s.b.f.s.DefaultListableBeanFactory -
				Finished creating instance of bean 'spring.datasource-org.springframework.boot.autoconfigure.jdbc.DataSourceProperties'
2018-06-03 17:02:37 [main] DEBUG o.s.b.f.s.DefaultListableBeanFactory -
				Autowiring by type from bean name 'dataSource' via factory method to bean named 'spring.datasource-org.springframework.boot.autoconfigure.jdbc.DataSourceProperties'
2018-06-03 17:02:37 [main] DEBUG o.s.b.f.s.DefaultListableBeanFactory -
				Eagerly caching bean 'dataSource' to allow for resolving potential circular references
2018-06-03 17:02:37 [main] DEBUG o.s.core.env.MutablePropertySources -
				Adding PropertySource 'commandLineArgs' with lowest search precedence
2018-06-03 17:02:37 [main] DEBUG o.s.core.env.MutablePropertySources -
				Adding PropertySource 'servletConfigInitParams' with lowest search precedence
2018-06-03 17:02:37 [main] DEBUG o.s.core.env.MutablePropertySources -
				Adding PropertySource 'servletContextInitParams' with lowest search precedence
2018-06-03 17:02:37 [main] DEBUG o.s.core.env.MutablePropertySources -
				Adding PropertySource 'systemProperties' with lowest search precedence
2018-06-03 17:02:37 [main] DEBUG o.s.core.env.MutablePropertySources -
				Adding PropertySource 'systemEnvironment' with lowest search precedence
2018-06-03 17:02:37 [main] DEBUG o.s.core.env.MutablePropertySources -
				Adding PropertySource 'random' with lowest search precedence
2018-06-03 17:02:37 [main] DEBUG o.s.core.env.MutablePropertySources -
				Adding PropertySource 'applicationConfig: [classpath:/application.yml]' with lowest search precedence
2018-06-03 17:02:37 [main] DEBUG o.s.core.env.MutablePropertySources -
				Adding PropertySource 'localProperties' with lowest search precedence
2018-06-03 17:02:37 [main] DEBUG o.s.b.f.s.DefaultListableBeanFactory -
				Returning cached instance of singleton bean 'org.springframework.transaction.config.internalTransactionAdvisor'
2018-06-03 17:02:37 [main] DEBUG o.s.b.f.s.DefaultListableBeanFactory -
				Returning cached instance of singleton bean 'org.springframework.transaction.config.internalTransactionAdvisor'
2018-06-03 17:02:37 [main] DEBUG o.s.b.f.s.DefaultListableBeanFactory -
				Creating shared instance of singleton bean 'dataSourceInitializer'
2018-06-03 17:02:37 [main] DEBUG o.s.b.f.s.DefaultListableBeanFactory -
				Creating instance of bean 'dataSourceInitializer'
2018-06-03 17:02:37 [main] DEBUG o.s.b.f.s.DefaultListableBeanFactory -
				Returning cached instance of singleton bean 'org.springframework.transaction.config.internalTransactionAdvisor'
2018-06-03 17:02:37 [main] DEBUG o.s.b.f.s.DefaultListableBeanFactory -
				Creating shared instance of singleton bean 'org.springframework.boot.autoconfigure.jdbc.DataSourceAutoConfiguration'
2018-06-03 17:02:37 [main] DEBUG o.s.b.f.s.DefaultListableBeanFactory -
				Creating instance of bean 'org.springframework.boot.autoconfigure.jdbc.DataSourceAutoConfiguration'
2018-06-03 17:02:37 [main] DEBUG o.s.b.f.s.DefaultListableBeanFactory -
				Returning cached instance of singleton bean 'org.springframework.transaction.config.internalTransactionAdvisor'
2018-06-03 17:02:37 [main] DEBUG o.s.b.f.s.DefaultListableBeanFactory -
				Eagerly caching bean 'org.springframework.boot.autoconfigure.jdbc.DataSourceAutoConfiguration' to allow for resolving potential circular references
2018-06-03 17:02:37 [main] DEBUG o.s.b.f.s.DefaultListableBeanFactory -
				Returning cached instance of singleton bean 'org.springframework.transaction.config.internalTransactionAdvisor'
2018-06-03 17:02:37 [main] DEBUG o.s.b.f.s.DefaultListableBeanFactory -
				Returning cached instance of singleton bean 'org.springframework.transaction.config.internalTransactionAdvisor'
2018-06-03 17:02:37 [main] DEBUG o.s.b.f.s.DefaultListableBeanFactory -
				Finished creating instance of bean 'org.springframework.boot.autoconfigure.jdbc.DataSourceAutoConfiguration'
2018-06-03 17:02:37 [main] DEBUG o.s.b.f.s.DefaultListableBeanFactory -
				Returning cached instance of singleton bean 'spring.datasource-org.springframework.boot.autoconfigure.jdbc.DataSourceProperties'
2018-06-03 17:02:37 [main] DEBUG o.s.b.f.s.DefaultListableBeanFactory -
				Autowiring by type from bean name 'dataSourceInitializer' via factory method to bean named 'spring.datasource-org.springframework.boot.autoconfigure.jdbc.DataSourceProperties'
2018-06-03 17:02:37 [main] DEBUG o.s.b.f.s.DefaultListableBeanFactory -
				Autowiring by type from bean name 'dataSourceInitializer' via factory method to bean named 'org.springframework.boot.context.embedded.AnnotationConfigEmbeddedWebApplicationContext@5542c4ed'
2018-06-03 17:02:37 [main] DEBUG o.s.c.a.CommonAnnotationBeanPostProcessor -
				Found init method on class [org.springframework.boot.autoconfigure.jdbc.DataSourceInitializer]: public void org.springframework.boot.autoconfigure.jdbc.DataSourceInitializer.init()
2018-06-03 17:02:37 [main] DEBUG o.s.c.a.CommonAnnotationBeanPostProcessor -
				Registered init method on class [org.springframework.boot.autoconfigure.jdbc.DataSourceInitializer]: org.springframework.beans.factory.annotation.InitDestroyAnnotationBeanPostProcessor$LifecycleElement@316510
2018-06-03 17:02:37 [main] DEBUG o.s.b.f.s.DefaultListableBeanFactory -
				Eagerly caching bean 'dataSourceInitializer' to allow for resolving potential circular references
2018-06-03 17:02:37 [main] DEBUG o.s.c.a.CommonAnnotationBeanPostProcessor -
				Invoking init method on bean 'dataSourceInitializer': public void org.springframework.boot.autoconfigure.jdbc.DataSourceInitializer.init()
2018-06-03 17:02:37 [main] DEBUG o.s.b.f.s.DefaultListableBeanFactory -
				Returning eagerly cached instance of singleton bean 'dataSource' that is not fully initialized yet - a consequence of a circular reference
2018-06-03 17:02:37 [main] DEBUG o.s.c.i.s.PathMatchingResourcePatternResolver -
				Resolved classpath location [schema-all.sql] to resources []
2018-06-03 17:02:37 [main] DEBUG o.s.c.i.s.PathMatchingResourcePatternResolver -
				Resolved classpath location [schema.sql] to resources []
2018-06-03 17:02:37 [main] DEBUG o.s.b.f.s.DefaultListableBeanFactory -
				Returning cached instance of singleton bean 'org.springframework.transaction.config.internalTransactionAdvisor'
2018-06-03 17:02:37 [main] DEBUG o.s.b.f.s.DefaultListableBeanFactory -
				Returning cached instance of singleton bean 'org.springframework.transaction.config.internalTransactionAdvisor'
2018-06-03 17:02:37 [main] DEBUG o.s.b.f.s.DefaultListableBeanFactory -
				Finished creating instance of bean 'dataSourceInitializer'
2018-06-03 17:02:37 [main] DEBUG o.s.b.f.s.DefaultListableBeanFactory -
				Finished creating instance of bean 'dataSource'
2018-06-03 17:02:37 [main] DEBUG o.s.b.f.s.DefaultListableBeanFactory -
				Creating shared instance of singleton bean 'spring.jpa-org.springframework.boot.autoconfigure.orm.jpa.JpaProperties'
2018-06-03 17:02:37 [main] DEBUG o.s.b.f.s.DefaultListableBeanFactory -
				Creating instance of bean 'spring.jpa-org.springframework.boot.autoconfigure.orm.jpa.JpaProperties'
2018-06-03 17:02:37 [main] DEBUG o.s.b.f.s.DefaultListableBeanFactory -
				Returning cached instance of singleton bean 'org.springframework.transaction.config.internalTransactionAdvisor'
2018-06-03 17:02:37 [main] DEBUG o.s.b.f.s.DefaultListableBeanFactory -
				Eagerly caching bean 'spring.jpa-org.springframework.boot.autoconfigure.orm.jpa.JpaProperties' to allow for resolving potential circular references
2018-06-03 17:02:37 [main] DEBUG o.s.core.env.MutablePropertySources -
				Adding PropertySource 'commandLineArgs' with lowest search precedence
2018-06-03 17:02:37 [main] DEBUG o.s.core.env.MutablePropertySources -
				Adding PropertySource 'servletConfigInitParams' with lowest search precedence
2018-06-03 17:02:37 [main] DEBUG o.s.core.env.MutablePropertySources -
				Adding PropertySource 'servletContextInitParams' with lowest search precedence
2018-06-03 17:02:37 [main] DEBUG o.s.core.env.MutablePropertySources -
				Adding PropertySource 'systemProperties' with lowest search precedence
2018-06-03 17:02:37 [main] DEBUG o.s.core.env.MutablePropertySources -
				Adding PropertySource 'systemEnvironment' with lowest search precedence
2018-06-03 17:02:37 [main] DEBUG o.s.core.env.MutablePropertySources -
				Adding PropertySource 'random' with lowest search precedence
2018-06-03 17:02:37 [main] DEBUG o.s.core.env.MutablePropertySources -
				Adding PropertySource 'applicationConfig: [classpath:/application.yml]' with lowest search precedence
2018-06-03 17:02:37 [main] DEBUG o.s.core.env.MutablePropertySources -
				Adding PropertySource 'localProperties' with lowest search precedence
2018-06-03 17:02:37 [main] DEBUG o.s.core.env.MutablePropertySources -
				Adding PropertySource 'commandLineArgs' with lowest search precedence
2018-06-03 17:02:37 [main] DEBUG o.s.core.env.MutablePropertySources -
				Adding PropertySource 'servletConfigInitParams' with lowest search precedence
2018-06-03 17:02:37 [main] DEBUG o.s.core.env.MutablePropertySources -
				Adding PropertySource 'servletContextInitParams' with lowest search precedence
2018-06-03 17:02:37 [main] DEBUG o.s.core.env.MutablePropertySources -
				Adding PropertySource 'systemProperties' with lowest search precedence
2018-06-03 17:02:37 [main] DEBUG o.s.core.env.MutablePropertySources -
				Adding PropertySource 'systemEnvironment' with lowest search precedence
2018-06-03 17:02:37 [main] DEBUG o.s.core.env.MutablePropertySources -
				Adding PropertySource 'random' with lowest search precedence
2018-06-03 17:02:37 [main] DEBUG o.s.core.env.MutablePropertySources -
				Adding PropertySource 'applicationConfig: [classpath:/application.yml]' with lowest search precedence
2018-06-03 17:02:37 [main] DEBUG o.s.core.env.MutablePropertySources -
				Adding PropertySource 'localProperties' with lowest search precedence
2018-06-03 17:02:37 [main] DEBUG o.s.c.e.PropertySourcesPropertyResolver -
				Found key 'spring.jpa.hibernate.ddl-auto' in PropertySource 'applicationConfig: [classpath:/application.yml]' with value of type String
2018-06-03 17:02:37 [main] DEBUG o.s.core.env.MutablePropertySources -
				Adding PropertySource 'commandLineArgs' with lowest search precedence
2018-06-03 17:02:37 [main] DEBUG o.s.core.env.MutablePropertySources -
				Adding PropertySource 'servletConfigInitParams' with lowest search precedence
2018-06-03 17:02:37 [main] DEBUG o.s.core.env.MutablePropertySources -
				Adding PropertySource 'servletContextInitParams' with lowest search precedence
2018-06-03 17:02:37 [main] DEBUG o.s.core.env.MutablePropertySources -
				Adding PropertySource 'systemProperties' with lowest search precedence
2018-06-03 17:02:37 [main] DEBUG o.s.core.env.MutablePropertySources -
				Adding PropertySource 'systemEnvironment' with lowest search precedence
2018-06-03 17:02:37 [main] DEBUG o.s.core.env.MutablePropertySources -
				Adding PropertySource 'random' with lowest search precedence
2018-06-03 17:02:37 [main] DEBUG o.s.core.env.MutablePropertySources -
				Adding PropertySource 'applicationConfig: [classpath:/application.yml]' with lowest search precedence
2018-06-03 17:02:37 [main] DEBUG o.s.core.env.MutablePropertySources -
				Adding PropertySource 'localProperties' with lowest search precedence
2018-06-03 17:02:37 [main] DEBUG o.s.c.e.PropertySourcesPropertyResolver -
				Found key 'spring.jpa.properties.hibernate.dialect' in PropertySource 'applicationConfig: [classpath:/application.yml]' with value of type String
2018-06-03 17:02:37 [main] DEBUG o.s.b.f.s.DefaultListableBeanFactory -
				Returning cached instance of singleton bean 'org.springframework.transaction.config.internalTransactionAdvisor'
2018-06-03 17:02:37 [main] DEBUG o.s.b.f.s.DefaultListableBeanFactory -
				Returning cached instance of singleton bean 'org.springframework.transaction.config.internalTransactionAdvisor'
2018-06-03 17:02:37 [main] DEBUG o.s.b.f.s.DefaultListableBeanFactory -
				Finished creating instance of bean 'spring.jpa-org.springframework.boot.autoconfigure.orm.jpa.JpaProperties'
2018-06-03 17:02:37 [main] DEBUG o.s.b.f.s.DefaultListableBeanFactory -
				Autowiring by type from bean name 'org.springframework.boot.autoconfigure.orm.jpa.HibernateJpaAutoConfiguration' via constructor to bean named 'dataSource'
2018-06-03 17:02:37 [main] DEBUG o.s.b.f.s.DefaultListableBeanFactory -
				Autowiring by type from bean name 'org.springframework.boot.autoconfigure.orm.jpa.HibernateJpaAutoConfiguration' via constructor to bean named 'spring.jpa-org.springframework.boot.autoconfigure.orm.jpa.JpaProperties'
2018-06-03 17:02:37 [main] DEBUG o.s.b.f.s.DefaultListableBeanFactory -
				Creating shared instance of singleton bean 'platformTransactionManagerCustomizers'
2018-06-03 17:02:37 [main] DEBUG o.s.b.f.s.DefaultListableBeanFactory -
				Creating instance of bean 'platformTransactionManagerCustomizers'
2018-06-03 17:02:37 [main] DEBUG o.s.b.f.s.DefaultListableBeanFactory -
				Returning cached instance of singleton bean 'org.springframework.transaction.config.internalTransactionAdvisor'
2018-06-03 17:02:37 [main] DEBUG o.s.b.f.s.DefaultListableBeanFactory -
				Creating shared instance of singleton bean 'org.springframework.boot.autoconfigure.transaction.TransactionAutoConfiguration'
2018-06-03 17:02:37 [main] DEBUG o.s.b.f.s.DefaultListableBeanFactory -
				Creating instance of bean 'org.springframework.boot.autoconfigure.transaction.TransactionAutoConfiguration'
2018-06-03 17:02:37 [main] DEBUG o.s.b.f.s.DefaultListableBeanFactory -
				Returning cached instance of singleton bean 'org.springframework.transaction.config.internalTransactionAdvisor'
2018-06-03 17:02:37 [main] DEBUG o.s.b.f.s.DefaultListableBeanFactory -
				Eagerly caching bean 'org.springframework.boot.autoconfigure.transaction.TransactionAutoConfiguration' to allow for resolving potential circular references
2018-06-03 17:02:37 [main] DEBUG o.s.b.f.s.DefaultListableBeanFactory -
				Returning cached instance of singleton bean 'org.springframework.transaction.config.internalTransactionAdvisor'
2018-06-03 17:02:37 [main] DEBUG o.s.b.f.s.DefaultListableBeanFactory -
				Returning cached instance of singleton bean 'org.springframework.transaction.config.internalTransactionAdvisor'
2018-06-03 17:02:37 [main] DEBUG o.s.b.f.s.DefaultListableBeanFactory -
				Finished creating instance of bean 'org.springframework.boot.autoconfigure.transaction.TransactionAutoConfiguration'
2018-06-03 17:02:37 [main] DEBUG o.s.b.f.s.DefaultListableBeanFactory -
				Creating shared instance of singleton bean 'spring.transaction-org.springframework.boot.autoconfigure.transaction.TransactionProperties'
2018-06-03 17:02:37 [main] DEBUG o.s.b.f.s.DefaultListableBeanFactory -
				Creating instance of bean 'spring.transaction-org.springframework.boot.autoconfigure.transaction.TransactionProperties'
2018-06-03 17:02:37 [main] DEBUG o.s.b.f.s.DefaultListableBeanFactory -
				Returning cached instance of singleton bean 'org.springframework.transaction.config.internalTransactionAdvisor'
2018-06-03 17:02:37 [main] DEBUG o.s.b.f.s.DefaultListableBeanFactory -
				Eagerly caching bean 'spring.transaction-org.springframework.boot.autoconfigure.transaction.TransactionProperties' to allow for resolving potential circular references
2018-06-03 17:02:37 [main] DEBUG o.s.core.env.MutablePropertySources -
				Adding PropertySource 'commandLineArgs' with lowest search precedence
2018-06-03 17:02:37 [main] DEBUG o.s.core.env.MutablePropertySources -
				Adding PropertySource 'servletConfigInitParams' with lowest search precedence
2018-06-03 17:02:37 [main] DEBUG o.s.core.env.MutablePropertySources -
				Adding PropertySource 'servletContextInitParams' with lowest search precedence
2018-06-03 17:02:37 [main] DEBUG o.s.core.env.MutablePropertySources -
				Adding PropertySource 'systemProperties' with lowest search precedence
2018-06-03 17:02:37 [main] DEBUG o.s.core.env.MutablePropertySources -
				Adding PropertySource 'systemEnvironment' with lowest search precedence
2018-06-03 17:02:37 [main] DEBUG o.s.core.env.MutablePropertySources -
				Adding PropertySource 'random' with lowest search precedence
2018-06-03 17:02:37 [main] DEBUG o.s.core.env.MutablePropertySources -
				Adding PropertySource 'applicationConfig: [classpath:/application.yml]' with lowest search precedence
2018-06-03 17:02:37 [main] DEBUG o.s.core.env.MutablePropertySources -
				Adding PropertySource 'localProperties' with lowest search precedence
2018-06-03 17:02:37 [main] DEBUG o.s.b.f.s.DefaultListableBeanFactory -
				Returning cached instance of singleton bean 'org.springframework.transaction.config.internalTransactionAdvisor'
2018-06-03 17:02:37 [main] DEBUG o.s.b.f.s.DefaultListableBeanFactory -
				Returning cached instance of singleton bean 'org.springframework.transaction.config.internalTransactionAdvisor'
2018-06-03 17:02:37 [main] DEBUG o.s.b.f.s.DefaultListableBeanFactory -
				Finished creating instance of bean 'spring.transaction-org.springframework.boot.autoconfigure.transaction.TransactionProperties'
2018-06-03 17:02:37 [main] DEBUG o.s.b.f.s.DefaultListableBeanFactory -
				Eagerly caching bean 'platformTransactionManagerCustomizers' to allow for resolving potential circular references
2018-06-03 17:02:37 [main] DEBUG o.s.b.f.s.DefaultListableBeanFactory -
				Returning cached instance of singleton bean 'org.springframework.transaction.config.internalTransactionAdvisor'
2018-06-03 17:02:37 [main] DEBUG o.s.b.f.s.DefaultListableBeanFactory -
				Returning cached instance of singleton bean 'org.springframework.transaction.config.internalTransactionAdvisor'
2018-06-03 17:02:37 [main] DEBUG o.s.b.f.s.DefaultListableBeanFactory -
				Finished creating instance of bean 'platformTransactionManagerCustomizers'
2018-06-03 17:02:37 [main] DEBUG o.s.b.f.s.DefaultListableBeanFactory -
				Eagerly caching bean 'org.springframework.boot.autoconfigure.orm.jpa.HibernateJpaAutoConfiguration' to allow for resolving potential circular references
2018-06-03 17:02:37 [main] DEBUG o.s.b.f.s.DefaultListableBeanFactory -
				Returning cached instance of singleton bean 'org.springframework.transaction.config.internalTransactionAdvisor'
2018-06-03 17:02:37 [main] DEBUG o.s.b.f.s.DefaultListableBeanFactory -
				Returning cached instance of singleton bean 'org.springframework.transaction.config.internalTransactionAdvisor'
2018-06-03 17:02:37 [main] DEBUG o.s.b.f.s.DefaultListableBeanFactory -
				Finished creating instance of bean 'org.springframework.boot.autoconfigure.orm.jpa.HibernateJpaAutoConfiguration'
2018-06-03 17:02:37 [main] DEBUG o.s.b.f.s.DefaultListableBeanFactory -
				Creating shared instance of singleton bean 'entityManagerFactoryBuilder'
2018-06-03 17:02:37 [main] DEBUG o.s.b.f.s.DefaultListableBeanFactory -
				Creating instance of bean 'entityManagerFactoryBuilder'
2018-06-03 17:02:37 [main] DEBUG o.s.b.f.s.DefaultListableBeanFactory -
				Returning cached instance of singleton bean 'org.springframework.transaction.config.internalTransactionAdvisor'
2018-06-03 17:02:37 [main] DEBUG o.s.b.f.s.DefaultListableBeanFactory -
				Returning cached instance of singleton bean 'org.springframework.boot.autoconfigure.orm.jpa.HibernateJpaAutoConfiguration'
2018-06-03 17:02:37 [main] DEBUG o.s.b.f.s.DefaultListableBeanFactory -
				Creating shared instance of singleton bean 'jpaVendorAdapter'
2018-06-03 17:02:37 [main] DEBUG o.s.b.f.s.DefaultListableBeanFactory -
				Creating instance of bean 'jpaVendorAdapter'
2018-06-03 17:02:37 [main] DEBUG o.s.b.f.s.DefaultListableBeanFactory -
				Returning cached instance of singleton bean 'org.springframework.transaction.config.internalTransactionAdvisor'
2018-06-03 17:02:37 [main] DEBUG o.s.b.f.s.DefaultListableBeanFactory -
				Returning cached instance of singleton bean 'org.springframework.boot.autoconfigure.orm.jpa.HibernateJpaAutoConfiguration'
2018-06-03 17:02:37 [main] DEBUG o.s.jdbc.datasource.DataSourceUtils -
				Fetching JDBC Connection from DataSource
2018-06-03 17:02:37 [main] ERROR o.a.tomcat.jdbc.pool.ConnectionPool -
				Unable to create initial connections of pool.
java.sql.SQLException: Access denied for user '${MYSQL_USER}'@'localhost' (using password: YES)
	at com.mysql.jdbc.SQLError.createSQLException(SQLError.java:964)
	at com.mysql.jdbc.MysqlIO.checkErrorPacket(MysqlIO.java:3973)
	at com.mysql.jdbc.MysqlIO.checkErrorPacket(MysqlIO.java:3909)
	at com.mysql.jdbc.MysqlIO.checkErrorPacket(MysqlIO.java:873)
	at com.mysql.jdbc.MysqlIO.proceedHandshakeWithPluggableAuthentication(MysqlIO.java:1710)
	at com.mysql.jdbc.MysqlIO.doHandshake(MysqlIO.java:1226)
	at com.mysql.jdbc.ConnectionImpl.coreConnect(ConnectionImpl.java:2191)
	at com.mysql.jdbc.ConnectionImpl.connectOneTryOnly(ConnectionImpl.java:2222)
	at com.mysql.jdbc.ConnectionImpl.createNewIO(ConnectionImpl.java:2017)
	at com.mysql.jdbc.ConnectionImpl.<init>(ConnectionImpl.java:779)
	at com.mysql.jdbc.JDBC4Connection.<init>(JDBC4Connection.java:47)
	at sun.reflect.NativeConstructorAccessorImpl.newInstance0(Native Method)
	at sun.reflect.NativeConstructorAccessorImpl.newInstance(NativeConstructorAccessorImpl.java:62)
	at sun.reflect.DelegatingConstructorAccessorImpl.newInstance(DelegatingConstructorAccessorImpl.java:45)
	at java.lang.reflect.Constructor.newInstance(Constructor.java:423)
	at com.mysql.jdbc.Util.handleNewInstance(Util.java:425)
	at com.mysql.jdbc.ConnectionImpl.getInstance(ConnectionImpl.java:389)
	at com.mysql.jdbc.NonRegisteringDriver.connect(NonRegisteringDriver.java:330)
	at org.apache.tomcat.jdbc.pool.PooledConnection.connectUsingDriver(PooledConnection.java:310)
	at org.apache.tomcat.jdbc.pool.PooledConnection.connect(PooledConnection.java:203)
	at org.apache.tomcat.jdbc.pool.ConnectionPool.createConnection(ConnectionPool.java:735)
	at org.apache.tomcat.jdbc.pool.ConnectionPool.borrowConnection(ConnectionPool.java:667)
	at org.apache.tomcat.jdbc.pool.ConnectionPool.init(ConnectionPool.java:482)
	at org.apache.tomcat.jdbc.pool.ConnectionPool.<init>(ConnectionPool.java:154)
	at org.apache.tomcat.jdbc.pool.DataSourceProxy.pCreatePool(DataSourceProxy.java:118)
	at org.apache.tomcat.jdbc.pool.DataSourceProxy.createPool(DataSourceProxy.java:107)
	at org.apache.tomcat.jdbc.pool.DataSourceProxy.getConnection(DataSourceProxy.java:131)
	at org.springframework.jdbc.datasource.DataSourceUtils.doGetConnection(DataSourceUtils.java:111)
	at org.springframework.jdbc.datasource.DataSourceUtils.getConnection(DataSourceUtils.java:77)
	at org.springframework.jdbc.support.JdbcUtils.extractDatabaseMetaData(JdbcUtils.java:326)
	at org.springframework.jdbc.support.JdbcUtils.extractDatabaseMetaData(JdbcUtils.java:366)
	at org.springframework.boot.autoconfigure.orm.jpa.DatabaseLookup.getDatabase(DatabaseLookup.java:72)
	at org.springframework.boot.autoconfigure.orm.jpa.JpaProperties.determineDatabase(JpaProperties.java:139)
	at org.springframework.boot.autoconfigure.orm.jpa.JpaBaseConfiguration.jpaVendorAdapter(JpaBaseConfiguration.java:105)
	at org.springframework.boot.autoconfigure.orm.jpa.HibernateJpaAutoConfiguration$$EnhancerBySpringCGLIB$$6523864f.CGLIB$jpaVendorAdapter$5(<generated>)
	at org.springframework.boot.autoconfigure.orm.jpa.HibernateJpaAutoConfiguration$$EnhancerBySpringCGLIB$$6523864f$$FastClassBySpringCGLIB$$3803eeae.invoke(<generated>)
	at org.springframework.cglib.proxy.MethodProxy.invokeSuper(MethodProxy.java:228)
	at org.springframework.context.annotation.ConfigurationClassEnhancer$BeanMethodInterceptor.intercept(ConfigurationClassEnhancer.java:358)
	at org.springframework.boot.autoconfigure.orm.jpa.HibernateJpaAutoConfiguration$$EnhancerBySpringCGLIB$$6523864f.jpaVendorAdapter(<generated>)
	at sun.reflect.NativeMethodAccessorImpl.invoke0(Native Method)
	at sun.reflect.NativeMethodAccessorImpl.invoke(NativeMethodAccessorImpl.java:62)
	at sun.reflect.DelegatingMethodAccessorImpl.invoke(DelegatingMethodAccessorImpl.java:43)
	at java.lang.reflect.Method.invoke(Method.java:498)
	at org.springframework.beans.factory.support.SimpleInstantiationStrategy.instantiate(SimpleInstantiationStrategy.java:162)
	at org.springframework.beans.factory.support.ConstructorResolver.instantiateUsingFactoryMethod(ConstructorResolver.java:588)
	at org.springframework.beans.factory.support.AbstractAutowireCapableBeanFactory.instantiateUsingFactoryMethod(AbstractAutowireCapableBeanFactory.java:1173)
	at org.springframework.beans.factory.support.AbstractAutowireCapableBeanFactory.createBeanInstance(AbstractAutowireCapableBeanFactory.java:1067)
	at org.springframework.beans.factory.support.AbstractAutowireCapableBeanFactory.doCreateBean(AbstractAutowireCapableBeanFactory.java:513)
	at org.springframework.beans.factory.support.AbstractAutowireCapableBeanFactory.createBean(AbstractAutowireCapableBeanFactory.java:483)
	at org.springframework.beans.factory.support.AbstractBeanFactory$1.getObject(AbstractBeanFactory.java:306)
	at org.springframework.beans.factory.support.DefaultSingletonBeanRegistry.getSingleton(DefaultSingletonBeanRegistry.java:230)
	at org.springframework.beans.factory.support.AbstractBeanFactory.doGetBean(AbstractBeanFactory.java:302)
	at org.springframework.beans.factory.support.AbstractBeanFactory.getBean(AbstractBeanFactory.java:202)
	at org.springframework.beans.factory.config.DependencyDescriptor.resolveCandidate(DependencyDescriptor.java:208)
	at org.springframework.beans.factory.support.DefaultListableBeanFactory.doResolveDependency(DefaultListableBeanFactory.java:1138)
	at org.springframework.beans.factory.support.DefaultListableBeanFactory.resolveDependency(DefaultListableBeanFactory.java:1066)
	at org.springframework.beans.factory.support.ConstructorResolver.resolveAutowiredArgument(ConstructorResolver.java:835)
	at org.springframework.beans.factory.support.ConstructorResolver.createArgumentArray(ConstructorResolver.java:741)
	at org.springframework.beans.factory.support.ConstructorResolver.instantiateUsingFactoryMethod(ConstructorResolver.java:467)
	at org.springframework.beans.factory.support.AbstractAutowireCapableBeanFactory.instantiateUsingFactoryMethod(AbstractAutowireCapableBeanFactory.java:1173)
	at org.springframework.beans.factory.support.AbstractAutowireCapableBeanFactory.createBeanInstance(AbstractAutowireCapableBeanFactory.java:1067)
	at org.springframework.beans.factory.support.AbstractAutowireCapableBeanFactory.doCreateBean(AbstractAutowireCapableBeanFactory.java:513)
	at org.springframework.beans.factory.support.AbstractAutowireCapableBeanFactory.createBean(AbstractAutowireCapableBeanFactory.java:483)
	at org.springframework.beans.factory.support.AbstractBeanFactory$1.getObject(AbstractBeanFactory.java:306)
	at org.springframework.beans.factory.support.DefaultSingletonBeanRegistry.getSingleton(DefaultSingletonBeanRegistry.java:230)
	at org.springframework.beans.factory.support.AbstractBeanFactory.doGetBean(AbstractBeanFactory.java:302)
	at org.springframework.beans.factory.support.AbstractBeanFactory.getBean(AbstractBeanFactory.java:202)
	at org.springframework.beans.factory.config.DependencyDescriptor.resolveCandidate(DependencyDescriptor.java:208)
	at org.springframework.beans.factory.support.DefaultListableBeanFactory.doResolveDependency(DefaultListableBeanFactory.java:1138)
	at org.springframework.beans.factory.support.DefaultListableBeanFactory.resolveDependency(DefaultListableBeanFactory.java:1066)
	at org.springframework.beans.factory.support.ConstructorResolver.resolveAutowiredArgument(ConstructorResolver.java:835)
	at org.springframework.beans.factory.support.ConstructorResolver.createArgumentArray(ConstructorResolver.java:741)
	at org.springframework.beans.factory.support.ConstructorResolver.instantiateUsingFactoryMethod(ConstructorResolver.java:467)
	at org.springframework.beans.factory.support.AbstractAutowireCapableBeanFactory.instantiateUsingFactoryMethod(AbstractAutowireCapableBeanFactory.java:1173)
	at org.springframework.beans.factory.support.AbstractAutowireCapableBeanFactory.createBeanInstance(AbstractAutowireCapableBeanFactory.java:1067)
	at org.springframework.beans.factory.support.AbstractAutowireCapableBeanFactory.doCreateBean(AbstractAutowireCapableBeanFactory.java:513)
	at org.springframework.beans.factory.support.AbstractAutowireCapableBeanFactory.createBean(AbstractAutowireCapableBeanFactory.java:483)
	at org.springframework.beans.factory.support.AbstractBeanFactory$1.getObject(AbstractBeanFactory.java:306)
	at org.springframework.beans.factory.support.DefaultSingletonBeanRegistry.getSingleton(DefaultSingletonBeanRegistry.java:230)
	at org.springframework.beans.factory.support.AbstractBeanFactory.doGetBean(AbstractBeanFactory.java:302)
	at org.springframework.beans.factory.support.AbstractBeanFactory.getBean(AbstractBeanFactory.java:197)
	at org.springframework.context.support.AbstractApplicationContext.getBean(AbstractApplicationContext.java:1080)
	at org.springframework.context.support.AbstractApplicationContext.finishBeanFactoryInitialization(AbstractApplicationContext.java:857)
	at org.springframework.context.support.AbstractApplicationContext.refresh(AbstractApplicationContext.java:543)
	at org.springframework.boot.context.embedded.EmbeddedWebApplicationContext.refresh(EmbeddedWebApplicationContext.java:122)
	at org.springframework.boot.SpringApplication.refresh(SpringApplication.java:693)
	at org.springframework.boot.SpringApplication.refreshContext(SpringApplication.java:360)
	at org.springframework.boot.SpringApplication.run(SpringApplication.java:303)
	at org.springframework.boot.SpringApplication.run(SpringApplication.java:1118)
	at org.springframework.boot.SpringApplication.run(SpringApplication.java:1107)
	at com.stackroute.activitystream.AuthenticationServiceBoot.main(AuthenticationServiceBoot.java:30)
2018-06-03 17:02:37 [main] WARN  o.s.b.a.orm.jpa.DatabaseLookup -
				Unable to determine jdbc url from datasource
org.springframework.jdbc.support.MetaDataAccessException: Could not get Connection for extracting meta data; nested exception is org.springframework.jdbc.CannotGetJdbcConnectionException: Could not get JDBC Connection; nested exception is java.sql.SQLException: Access denied for user '${MYSQL_USER}'@'localhost' (using password: YES)
	at org.springframework.jdbc.support.JdbcUtils.extractDatabaseMetaData(JdbcUtils.java:339)
	at org.springframework.jdbc.support.JdbcUtils.extractDatabaseMetaData(JdbcUtils.java:366)
	at org.springframework.boot.autoconfigure.orm.jpa.DatabaseLookup.getDatabase(DatabaseLookup.java:72)
	at org.springframework.boot.autoconfigure.orm.jpa.JpaProperties.determineDatabase(JpaProperties.java:139)
	at org.springframework.boot.autoconfigure.orm.jpa.JpaBaseConfiguration.jpaVendorAdapter(JpaBaseConfiguration.java:105)
	at org.springframework.boot.autoconfigure.orm.jpa.HibernateJpaAutoConfiguration$$EnhancerBySpringCGLIB$$6523864f.CGLIB$jpaVendorAdapter$5(<generated>)
	at org.springframework.boot.autoconfigure.orm.jpa.HibernateJpaAutoConfiguration$$EnhancerBySpringCGLIB$$6523864f$$FastClassBySpringCGLIB$$3803eeae.invoke(<generated>)
	at org.springframework.cglib.proxy.MethodProxy.invokeSuper(MethodProxy.java:228)
	at org.springframework.context.annotation.ConfigurationClassEnhancer$BeanMethodInterceptor.intercept(ConfigurationClassEnhancer.java:358)
	at org.springframework.boot.autoconfigure.orm.jpa.HibernateJpaAutoConfiguration$$EnhancerBySpringCGLIB$$6523864f.jpaVendorAdapter(<generated>)
	at sun.reflect.NativeMethodAccessorImpl.invoke0(Native Method)
	at sun.reflect.NativeMethodAccessorImpl.invoke(NativeMethodAccessorImpl.java:62)
	at sun.reflect.DelegatingMethodAccessorImpl.invoke(DelegatingMethodAccessorImpl.java:43)
	at java.lang.reflect.Method.invoke(Method.java:498)
	at org.springframework.beans.factory.support.SimpleInstantiationStrategy.instantiate(SimpleInstantiationStrategy.java:162)
	at org.springframework.beans.factory.support.ConstructorResolver.instantiateUsingFactoryMethod(ConstructorResolver.java:588)
	at org.springframework.beans.factory.support.AbstractAutowireCapableBeanFactory.instantiateUsingFactoryMethod(AbstractAutowireCapableBeanFactory.java:1173)
	at org.springframework.beans.factory.support.AbstractAutowireCapableBeanFactory.createBeanInstance(AbstractAutowireCapableBeanFactory.java:1067)
	at org.springframework.beans.factory.support.AbstractAutowireCapableBeanFactory.doCreateBean(AbstractAutowireCapableBeanFactory.java:513)
	at org.springframework.beans.factory.support.AbstractAutowireCapableBeanFactory.createBean(AbstractAutowireCapableBeanFactory.java:483)
	at org.springframework.beans.factory.support.AbstractBeanFactory$1.getObject(AbstractBeanFactory.java:306)
	at org.springframework.beans.factory.support.DefaultSingletonBeanRegistry.getSingleton(DefaultSingletonBeanRegistry.java:230)
	at org.springframework.beans.factory.support.AbstractBeanFactory.doGetBean(AbstractBeanFactory.java:302)
	at org.springframework.beans.factory.support.AbstractBeanFactory.getBean(AbstractBeanFactory.java:202)
	at org.springframework.beans.factory.config.DependencyDescriptor.resolveCandidate(DependencyDescriptor.java:208)
	at org.springframework.beans.factory.support.DefaultListableBeanFactory.doResolveDependency(DefaultListableBeanFactory.java:1138)
	at org.springframework.beans.factory.support.DefaultListableBeanFactory.resolveDependency(DefaultListableBeanFactory.java:1066)
	at org.springframework.beans.factory.support.ConstructorResolver.resolveAutowiredArgument(ConstructorResolver.java:835)
	at org.springframework.beans.factory.support.ConstructorResolver.createArgumentArray(ConstructorResolver.java:741)
	at org.springframework.beans.factory.support.ConstructorResolver.instantiateUsingFactoryMethod(ConstructorResolver.java:467)
	at org.springframework.beans.factory.support.AbstractAutowireCapableBeanFactory.instantiateUsingFactoryMethod(AbstractAutowireCapableBeanFactory.java:1173)
	at org.springframework.beans.factory.support.AbstractAutowireCapableBeanFactory.createBeanInstance(AbstractAutowireCapableBeanFactory.java:1067)
	at org.springframework.beans.factory.support.AbstractAutowireCapableBeanFactory.doCreateBean(AbstractAutowireCapableBeanFactory.java:513)
	at org.springframework.beans.factory.support.AbstractAutowireCapableBeanFactory.createBean(AbstractAutowireCapableBeanFactory.java:483)
	at org.springframework.beans.factory.support.AbstractBeanFactory$1.getObject(AbstractBeanFactory.java:306)
	at org.springframework.beans.factory.support.DefaultSingletonBeanRegistry.getSingleton(DefaultSingletonBeanRegistry.java:230)
	at org.springframework.beans.factory.support.AbstractBeanFactory.doGetBean(AbstractBeanFactory.java:302)
	at org.springframework.beans.factory.support.AbstractBeanFactory.getBean(AbstractBeanFactory.java:202)
	at org.springframework.beans.factory.config.DependencyDescriptor.resolveCandidate(DependencyDescriptor.java:208)
	at org.springframework.beans.factory.support.DefaultListableBeanFactory.doResolveDependency(DefaultListableBeanFactory.java:1138)
	at org.springframework.beans.factory.support.DefaultListableBeanFactory.resolveDependency(DefaultListableBeanFactory.java:1066)
	at org.springframework.beans.factory.support.ConstructorResolver.resolveAutowiredArgument(ConstructorResolver.java:835)
	at org.springframework.beans.factory.support.ConstructorResolver.createArgumentArray(ConstructorResolver.java:741)
	at org.springframework.beans.factory.support.ConstructorResolver.instantiateUsingFactoryMethod(ConstructorResolver.java:467)
	at org.springframework.beans.factory.support.AbstractAutowireCapableBeanFactory.instantiateUsingFactoryMethod(AbstractAutowireCapableBeanFactory.java:1173)
	at org.springframework.beans.factory.support.AbstractAutowireCapableBeanFactory.createBeanInstance(AbstractAutowireCapableBeanFactory.java:1067)
	at org.springframework.beans.factory.support.AbstractAutowireCapableBeanFactory.doCreateBean(AbstractAutowireCapableBeanFactory.java:513)
	at org.springframework.beans.factory.support.AbstractAutowireCapableBeanFactory.createBean(AbstractAutowireCapableBeanFactory.java:483)
	at org.springframework.beans.factory.support.AbstractBeanFactory$1.getObject(AbstractBeanFactory.java:306)
	at org.springframework.beans.factory.support.DefaultSingletonBeanRegistry.getSingleton(DefaultSingletonBeanRegistry.java:230)
	at org.springframework.beans.factory.support.AbstractBeanFactory.doGetBean(AbstractBeanFactory.java:302)
	at org.springframework.beans.factory.support.AbstractBeanFactory.getBean(AbstractBeanFactory.java:197)
	at org.springframework.context.support.AbstractApplicationContext.getBean(AbstractApplicationContext.java:1080)
	at org.springframework.context.support.AbstractApplicationContext.finishBeanFactoryInitialization(AbstractApplicationContext.java:857)
	at org.springframework.context.support.AbstractApplicationContext.refresh(AbstractApplicationContext.java:543)
	at org.springframework.boot.context.embedded.EmbeddedWebApplicationContext.refresh(EmbeddedWebApplicationContext.java:122)
	at org.springframework.boot.SpringApplication.refresh(SpringApplication.java:693)
	at org.springframework.boot.SpringApplication.refreshContext(SpringApplication.java:360)
	at org.springframework.boot.SpringApplication.run(SpringApplication.java:303)
	at org.springframework.boot.SpringApplication.run(SpringApplication.java:1118)
	at org.springframework.boot.SpringApplication.run(SpringApplication.java:1107)
	at com.stackroute.activitystream.AuthenticationServiceBoot.main(AuthenticationServiceBoot.java:30)
Caused by: org.springframework.jdbc.CannotGetJdbcConnectionException: Could not get JDBC Connection; nested exception is java.sql.SQLException: Access denied for user '${MYSQL_USER}'@'localhost' (using password: YES)
	at org.springframework.jdbc.datasource.DataSourceUtils.getConnection(DataSourceUtils.java:80)
	at org.springframework.jdbc.support.JdbcUtils.extractDatabaseMetaData(JdbcUtils.java:326)
	... 61 common frames omitted
Caused by: java.sql.SQLException: Access denied for user '${MYSQL_USER}'@'localhost' (using password: YES)
	at com.mysql.jdbc.SQLError.createSQLException(SQLError.java:964)
	at com.mysql.jdbc.MysqlIO.checkErrorPacket(MysqlIO.java:3973)
	at com.mysql.jdbc.MysqlIO.checkErrorPacket(MysqlIO.java:3909)
	at com.mysql.jdbc.MysqlIO.checkErrorPacket(MysqlIO.java:873)
	at com.mysql.jdbc.MysqlIO.proceedHandshakeWithPluggableAuthentication(MysqlIO.java:1710)
	at com.mysql.jdbc.MysqlIO.doHandshake(MysqlIO.java:1226)
	at com.mysql.jdbc.ConnectionImpl.coreConnect(ConnectionImpl.java:2191)
	at com.mysql.jdbc.ConnectionImpl.connectOneTryOnly(ConnectionImpl.java:2222)
	at com.mysql.jdbc.ConnectionImpl.createNewIO(ConnectionImpl.java:2017)
	at com.mysql.jdbc.ConnectionImpl.<init>(ConnectionImpl.java:779)
	at com.mysql.jdbc.JDBC4Connection.<init>(JDBC4Connection.java:47)
	at sun.reflect.NativeConstructorAccessorImpl.newInstance0(Native Method)
	at sun.reflect.NativeConstructorAccessorImpl.newInstance(NativeConstructorAccessorImpl.java:62)
	at sun.reflect.DelegatingConstructorAccessorImpl.newInstance(DelegatingConstructorAccessorImpl.java:45)
	at java.lang.reflect.Constructor.newInstance(Constructor.java:423)
	at com.mysql.jdbc.Util.handleNewInstance(Util.java:425)
	at com.mysql.jdbc.ConnectionImpl.getInstance(ConnectionImpl.java:389)
	at com.mysql.jdbc.NonRegisteringDriver.connect(NonRegisteringDriver.java:330)
	at org.apache.tomcat.jdbc.pool.PooledConnection.connectUsingDriver(PooledConnection.java:310)
	at org.apache.tomcat.jdbc.pool.PooledConnection.connect(PooledConnection.java:203)
	at org.apache.tomcat.jdbc.pool.ConnectionPool.createConnection(ConnectionPool.java:735)
	at org.apache.tomcat.jdbc.pool.ConnectionPool.borrowConnection(ConnectionPool.java:667)
	at org.apache.tomcat.jdbc.pool.ConnectionPool.init(ConnectionPool.java:482)
	at org.apache.tomcat.jdbc.pool.ConnectionPool.<init>(ConnectionPool.java:154)
	at org.apache.tomcat.jdbc.pool.DataSourceProxy.pCreatePool(DataSourceProxy.java:118)
	at org.apache.tomcat.jdbc.pool.DataSourceProxy.createPool(DataSourceProxy.java:107)
	at org.apache.tomcat.jdbc.pool.DataSourceProxy.getConnection(DataSourceProxy.java:131)
	at org.springframework.jdbc.datasource.DataSourceUtils.doGetConnection(DataSourceUtils.java:111)
	at org.springframework.jdbc.datasource.DataSourceUtils.getConnection(DataSourceUtils.java:77)
	... 62 common frames omitted
2018-06-03 17:02:37 [main] DEBUG o.s.b.f.s.DefaultListableBeanFactory -
				Eagerly caching bean 'jpaVendorAdapter' to allow for resolving potential circular references
2018-06-03 17:02:37 [main] DEBUG o.s.b.f.s.DefaultListableBeanFactory -
				Returning cached instance of singleton bean 'org.springframework.transaction.config.internalTransactionAdvisor'
2018-06-03 17:02:37 [main] DEBUG o.s.b.f.s.DefaultListableBeanFactory -
				Returning cached instance of singleton bean 'org.springframework.transaction.config.internalTransactionAdvisor'
2018-06-03 17:02:37 [main] DEBUG o.s.b.f.s.DefaultListableBeanFactory -
				Finished creating instance of bean 'jpaVendorAdapter'
2018-06-03 17:02:37 [main] DEBUG o.s.b.f.s.DefaultListableBeanFactory -
				Autowiring by type from bean name 'entityManagerFactoryBuilder' via factory method to bean named 'jpaVendorAdapter'
2018-06-03 17:02:37 [main] DEBUG o.s.b.f.s.DefaultListableBeanFactory -
				Eagerly caching bean 'entityManagerFactoryBuilder' to allow for resolving potential circular references
2018-06-03 17:02:37 [main] DEBUG o.s.b.f.s.DefaultListableBeanFactory -
				Returning cached instance of singleton bean 'org.springframework.transaction.config.internalTransactionAdvisor'
2018-06-03 17:02:37 [main] DEBUG o.s.b.f.s.DefaultListableBeanFactory -
				Returning cached instance of singleton bean 'org.springframework.transaction.config.internalTransactionAdvisor'
2018-06-03 17:02:37 [main] DEBUG o.s.b.f.s.DefaultListableBeanFactory -
				Finished creating instance of bean 'entityManagerFactoryBuilder'
2018-06-03 17:02:37 [main] DEBUG o.s.b.f.s.DefaultListableBeanFactory -
				Autowiring by type from bean name 'entityManagerFactory' via factory method to bean named 'entityManagerFactoryBuilder'
2018-06-03 17:02:37 [main] DEBUG o.s.b.f.s.DefaultListableBeanFactory -
				Creating shared instance of singleton bean 'org.springframework.boot.autoconfigure.domain.EntityScanPackages'
2018-06-03 17:02:37 [main] DEBUG o.s.b.f.s.DefaultListableBeanFactory -
				Creating instance of bean 'org.springframework.boot.autoconfigure.domain.EntityScanPackages'
2018-06-03 17:02:37 [main] DEBUG o.s.b.f.s.DefaultListableBeanFactory -
				Returning cached instance of singleton bean 'org.springframework.transaction.config.internalTransactionAdvisor'
2018-06-03 17:02:37 [main] DEBUG o.s.b.f.s.DefaultListableBeanFactory -
				Eagerly caching bean 'org.springframework.boot.autoconfigure.domain.EntityScanPackages' to allow for resolving potential circular references
2018-06-03 17:02:37 [main] DEBUG o.s.b.f.s.DefaultListableBeanFactory -
				Returning cached instance of singleton bean 'org.springframework.transaction.config.internalTransactionAdvisor'
2018-06-03 17:02:37 [main] DEBUG o.s.b.f.s.DefaultListableBeanFactory -
				Returning cached instance of singleton bean 'org.springframework.transaction.config.internalTransactionAdvisor'
2018-06-03 17:02:37 [main] DEBUG o.s.b.f.s.DefaultListableBeanFactory -
				Finished creating instance of bean 'org.springframework.boot.autoconfigure.domain.EntityScanPackages'
2018-06-03 17:02:38 [main] DEBUG o.s.b.f.s.DefaultListableBeanFactory -
				Eagerly caching bean 'entityManagerFactory' to allow for resolving potential circular references
2018-06-03 17:02:38 [main] DEBUG o.s.b.f.s.DefaultListableBeanFactory -
				Invoking afterPropertiesSet() on bean with name 'entityManagerFactory'
2018-06-03 17:02:38 [main] DEBUG o.s.c.i.s.PathMatchingResourcePatternResolver -
				Resolved classpath location [META-INF/persistence.xml] to resources []
2018-06-03 17:02:38 [main] DEBUG o.s.c.i.s.PathMatchingResourcePatternResolver -
				Resolved classpath location [com/stackroute/] to resources [URL [file:/home/ajinkya/rutuja/activitystream-step7-solution/step7-authenticationservice-solution/target/classes/com/stackroute/]]
2018-06-03 17:02:38 [main] DEBUG o.s.c.i.s.PathMatchingResourcePatternResolver -
				Looking for matching resources in directory tree [/home/ajinkya/rutuja/activitystream-step7-solution/step7-authenticationservice-solution/target/classes/com/stackroute]
2018-06-03 17:02:38 [main] DEBUG o.s.c.i.s.PathMatchingResourcePatternResolver -
				Searching directory [/home/ajinkya/rutuja/activitystream-step7-solution/step7-authenticationservice-solution/target/classes/com/stackroute] for files matching pattern [/home/ajinkya/rutuja/activitystream-step7-solution/step7-authenticationservice-solution/target/classes/com/stackroute/**/*.class]
