2018-06-04 09:05:18 [main] DEBUG o.s.b.f.s.DefaultListableBeanFactory -
				Returning cached instance of singleton bean 'org.springframework.boot.autoconfigure.condition.BeanTypeRegistry'
2018-06-04 09:05:18 [main] DEBUG o.s.b.f.s.DefaultListableBeanFactory -
				Returning cached instance of singleton bean 'autoConfigurationReport'
2018-06-04 09:05:18 [main] DEBUG o.s.c.a.ConfigurationClassBeanDefinitionReader -
				Registering bean definition for @Bean method org.springframework.boot.autoconfigure.web.DispatcherServletAutoConfiguration$DispatcherServletRegistrationConfiguration.dispatcherServletRegistration()
2018-06-04 09:05:18 [main] DEBUG o.s.c.a.ConfigurationClassBeanDefinitionReader -
				Registered bean definition for imported class 'org.springframework.boot.autoconfigure.web.DispatcherServletAutoConfiguration'
2018-06-04 09:05:18 [main] DEBUG o.s.b.f.s.DefaultListableBeanFactory -
				Returning cached instance of singleton bean 'autoConfigurationReport'
2018-06-04 09:05:18 [main] DEBUG o.s.b.f.s.DefaultListableBeanFactory -
				Returning cached instance of singleton bean 'autoConfigurationReport'
2018-06-04 09:05:18 [main] DEBUG o.s.c.a.ConfigurationClassBeanDefinitionReader -
				Registered bean definition for imported class 'org.springframework.boot.autoconfigure.validation.ValidationAutoConfiguration'
2018-06-04 09:05:18 [main] DEBUG o.s.b.f.s.DefaultListableBeanFactory -
				Returning cached instance of singleton bean 'org.springframework.boot.autoconfigure.condition.BeanTypeRegistry'
2018-06-04 09:05:18 [main] DEBUG o.s.b.f.s.DefaultListableBeanFactory -
				Returning cached instance of singleton bean 'autoConfigurationReport'
2018-06-04 09:05:18 [main] DEBUG o.s.c.a.ConfigurationClassBeanDefinitionReader -
				Registering bean definition for @Bean method org.springframework.boot.autoconfigure.validation.ValidationAutoConfiguration.defaultValidator()
2018-06-04 09:05:18 [main] DEBUG o.s.b.f.s.DefaultListableBeanFactory -
				Returning cached instance of singleton bean 'org.springframework.boot.autoconfigure.condition.BeanTypeRegistry'
2018-06-04 09:05:18 [main] DEBUG o.s.b.f.s.DefaultListableBeanFactory -
				Returning cached instance of singleton bean 'autoConfigurationReport'
2018-06-04 09:05:18 [main] DEBUG o.s.c.a.ConfigurationClassBeanDefinitionReader -
				Registering bean definition for @Bean method org.springframework.boot.autoconfigure.validation.ValidationAutoConfiguration.methodValidationPostProcessor()
2018-06-04 09:05:18 [main] DEBUG o.s.b.f.s.DefaultListableBeanFactory -
				Returning cached instance of singleton bean 'autoConfigurationReport'
2018-06-04 09:05:18 [main] DEBUG o.s.b.f.s.DefaultListableBeanFactory -
				Returning cached instance of singleton bean 'autoConfigurationReport'
2018-06-04 09:05:18 [main] DEBUG o.s.b.f.s.DefaultListableBeanFactory -
				Returning cached instance of singleton bean 'autoConfigurationReport'
2018-06-04 09:05:18 [main] DEBUG o.s.b.f.s.DefaultListableBeanFactory -
				Returning cached instance of singleton bean 'autoConfigurationReport'
2018-06-04 09:05:18 [main] DEBUG o.s.c.a.ConfigurationClassBeanDefinitionReader -
				Registered bean definition for imported class 'org.springframework.boot.autoconfigure.web.ErrorMvcAutoConfiguration$WhitelabelErrorViewConfiguration'
2018-06-04 09:05:18 [main] DEBUG o.s.b.f.s.DefaultListableBeanFactory -
				Returning cached instance of singleton bean 'autoConfigurationReport'
2018-06-04 09:05:18 [main] DEBUG o.s.c.a.ConfigurationClassBeanDefinitionReader -
				Registering bean definition for @Bean method org.springframework.boot.autoconfigure.web.ErrorMvcAutoConfiguration$WhitelabelErrorViewConfiguration.error()
2018-06-04 09:05:18 [main] DEBUG o.s.b.f.s.DefaultListableBeanFactory -
				Returning cached instance of singleton bean 'org.springframework.boot.autoconfigure.condition.BeanTypeRegistry'
2018-06-04 09:05:18 [main] DEBUG o.s.b.f.s.DefaultListableBeanFactory -
				Returning cached instance of singleton bean 'autoConfigurationReport'
2018-06-04 09:05:18 [main] DEBUG o.s.c.a.ConfigurationClassBeanDefinitionReader -
				Registering bean definition for @Bean method org.springframework.boot.autoconfigure.web.ErrorMvcAutoConfiguration$WhitelabelErrorViewConfiguration.beanNameViewResolver()
2018-06-04 09:05:18 [main] DEBUG o.s.c.a.ConfigurationClassBeanDefinitionReader -
				Registered bean definition for imported class 'org.springframework.boot.autoconfigure.web.ErrorMvcAutoConfiguration$DefaultErrorViewResolverConfiguration'
2018-06-04 09:05:18 [main] DEBUG o.s.b.f.s.DefaultListableBeanFactory -
				Returning cached instance of singleton bean 'org.springframework.boot.autoconfigure.condition.BeanTypeRegistry'
2018-06-04 09:05:18 [main] DEBUG o.s.b.f.s.DefaultListableBeanFactory -
				Returning cached instance of singleton bean 'org.springframework.boot.autoconfigure.condition.BeanTypeRegistry'
2018-06-04 09:05:18 [main] DEBUG o.s.b.f.s.DefaultListableBeanFactory -
				Returning cached instance of singleton bean 'autoConfigurationReport'
2018-06-04 09:05:18 [main] DEBUG o.s.b.f.s.DefaultListableBeanFactory -
				Returning cached instance of singleton bean 'org.springframework.boot.autoconfigure.condition.BeanTypeRegistry'
2018-06-04 09:05:18 [main] DEBUG o.s.b.f.s.DefaultListableBeanFactory -
				Returning cached instance of singleton bean 'org.springframework.boot.autoconfigure.condition.BeanTypeRegistry'
2018-06-04 09:05:18 [main] DEBUG o.s.b.f.s.DefaultListableBeanFactory -
				Returning cached instance of singleton bean 'autoConfigurationReport'
2018-06-04 09:05:18 [main] DEBUG o.s.c.a.ConfigurationClassBeanDefinitionReader -
				Registering bean definition for @Bean method org.springframework.boot.autoconfigure.web.ErrorMvcAutoConfiguration$DefaultErrorViewResolverConfiguration.conventionErrorViewResolver()
2018-06-04 09:05:18 [main] DEBUG o.s.c.a.ConfigurationClassBeanDefinitionReader -
				Registered bean definition for imported class 'org.springframework.boot.autoconfigure.web.ErrorMvcAutoConfiguration'
2018-06-04 09:05:18 [main] DEBUG o.s.b.f.s.DefaultListableBeanFactory -
				Returning cached instance of singleton bean 'org.springframework.boot.autoconfigure.condition.BeanTypeRegistry'
2018-06-04 09:05:18 [main] DEBUG o.s.b.f.s.DefaultListableBeanFactory -
				Returning cached instance of singleton bean 'autoConfigurationReport'
2018-06-04 09:05:18 [main] DEBUG o.s.c.a.ConfigurationClassBeanDefinitionReader -
				Registering bean definition for @Bean method org.springframework.boot.autoconfigure.web.ErrorMvcAutoConfiguration.errorAttributes()
2018-06-04 09:05:18 [main] DEBUG o.s.b.f.s.DefaultListableBeanFactory -
				Returning cached instance of singleton bean 'org.springframework.boot.autoconfigure.condition.BeanTypeRegistry'
2018-06-04 09:05:18 [main] DEBUG o.s.b.f.s.DefaultListableBeanFactory -
				Returning cached instance of singleton bean 'autoConfigurationReport'
2018-06-04 09:05:18 [main] DEBUG o.s.c.a.ConfigurationClassBeanDefinitionReader -
				Registering bean definition for @Bean method org.springframework.boot.autoconfigure.web.ErrorMvcAutoConfiguration.basicErrorController()
2018-06-04 09:05:18 [main] DEBUG o.s.c.a.ConfigurationClassBeanDefinitionReader -
				Registering bean definition for @Bean method org.springframework.boot.autoconfigure.web.ErrorMvcAutoConfiguration.errorPageCustomizer()
2018-06-04 09:05:18 [main] DEBUG o.s.c.a.ConfigurationClassBeanDefinitionReader -
				Registering bean definition for @Bean method org.springframework.boot.autoconfigure.web.ErrorMvcAutoConfiguration.preserveErrorControllerTargetClassPostProcessor()
2018-06-04 09:05:18 [main] DEBUG o.s.b.f.s.DefaultListableBeanFactory -
				Returning cached instance of singleton bean 'autoConfigurationReport'
2018-06-04 09:05:18 [main] DEBUG o.s.b.f.s.DefaultListableBeanFactory -
				Returning cached instance of singleton bean 'autoConfigurationReport'
2018-06-04 09:05:18 [main] DEBUG o.s.b.f.s.DefaultListableBeanFactory -
				Returning cached instance of singleton bean 'org.springframework.boot.autoconfigure.condition.BeanTypeRegistry'
2018-06-04 09:05:18 [main] DEBUG o.s.b.f.s.DefaultListableBeanFactory -
				Returning cached instance of singleton bean 'autoConfigurationReport'
2018-06-04 09:05:18 [main] DEBUG o.s.b.f.s.DefaultListableBeanFactory -
				Returning cached instance of singleton bean 'autoConfigurationReport'
2018-06-04 09:05:18 [main] DEBUG o.s.b.f.s.DefaultListableBeanFactory -
				Returning cached instance of singleton bean 'autoConfigurationReport'
2018-06-04 09:05:18 [main] DEBUG o.s.c.a.ConfigurationClassBeanDefinitionReader -
				Registered bean definition for imported class 'org.springframework.boot.autoconfigure.jmx.JmxAutoConfiguration'
2018-06-04 09:05:18 [main] DEBUG o.s.b.f.s.DefaultListableBeanFactory -
				Returning cached instance of singleton bean 'org.springframework.boot.autoconfigure.condition.BeanTypeRegistry'
2018-06-04 09:05:18 [main] DEBUG o.s.b.f.s.DefaultListableBeanFactory -
				Returning cached instance of singleton bean 'autoConfigurationReport'
2018-06-04 09:05:18 [main] DEBUG o.s.c.a.ConfigurationClassBeanDefinitionReader -
				Registering bean definition for @Bean method org.springframework.boot.autoconfigure.jmx.JmxAutoConfiguration.mbeanExporter()
2018-06-04 09:05:18 [main] DEBUG o.s.b.f.s.DefaultListableBeanFactory -
				Returning cached instance of singleton bean 'org.springframework.boot.autoconfigure.condition.BeanTypeRegistry'
2018-06-04 09:05:18 [main] DEBUG o.s.b.f.s.DefaultListableBeanFactory -
				Returning cached instance of singleton bean 'autoConfigurationReport'
2018-06-04 09:05:18 [main] DEBUG o.s.c.a.ConfigurationClassBeanDefinitionReader -
				Registering bean definition for @Bean method org.springframework.boot.autoconfigure.jmx.JmxAutoConfiguration.objectNamingStrategy()
2018-06-04 09:05:18 [main] DEBUG o.s.b.f.s.DefaultListableBeanFactory -
				Returning cached instance of singleton bean 'org.springframework.boot.autoconfigure.condition.BeanTypeRegistry'
2018-06-04 09:05:18 [main] DEBUG o.s.b.f.s.DefaultListableBeanFactory -
				Returning cached instance of singleton bean 'autoConfigurationReport'
2018-06-04 09:05:18 [main] DEBUG o.s.c.a.ConfigurationClassBeanDefinitionReader -
				Registering bean definition for @Bean method org.springframework.boot.autoconfigure.jmx.JmxAutoConfiguration.mbeanServer()
2018-06-04 09:05:18 [main] DEBUG o.s.c.e.PropertySourcesPropertyResolver -
				Found key 'spring.application.admin.enabled' in PropertySource 'systemProperties' with value of type String
2018-06-04 09:05:18 [main] DEBUG o.s.b.f.s.DefaultListableBeanFactory -
				Returning cached instance of singleton bean 'autoConfigurationReport'
2018-06-04 09:05:18 [main] DEBUG o.s.c.a.ConfigurationClassBeanDefinitionReader -
				Registered bean definition for imported class 'org.springframework.boot.autoconfigure.admin.SpringApplicationAdminJmxAutoConfiguration'
2018-06-04 09:05:18 [main] DEBUG o.s.b.f.s.DefaultListableBeanFactory -
				Returning cached instance of singleton bean 'org.springframework.boot.autoconfigure.condition.BeanTypeRegistry'
2018-06-04 09:05:18 [main] DEBUG o.s.b.f.s.DefaultListableBeanFactory -
				Returning cached instance of singleton bean 'autoConfigurationReport'
2018-06-04 09:05:18 [main] DEBUG o.s.c.a.ConfigurationClassBeanDefinitionReader -
				Registering bean definition for @Bean method org.springframework.boot.autoconfigure.admin.SpringApplicationAdminJmxAutoConfiguration.springApplicationAdminRegistrar()
2018-06-04 09:05:18 [main] DEBUG o.s.b.f.s.DefaultListableBeanFactory -
				Returning cached instance of singleton bean 'autoConfigurationReport'
2018-06-04 09:05:18 [main] DEBUG o.s.b.f.s.DefaultListableBeanFactory -
				Returning cached instance of singleton bean 'autoConfigurationReport'
2018-06-04 09:05:18 [main] DEBUG o.s.b.f.s.DefaultListableBeanFactory -
				Returning cached instance of singleton bean 'autoConfigurationReport'
2018-06-04 09:05:18 [main] DEBUG o.s.c.a.ConfigurationClassBeanDefinitionReader -
				Registered bean definition for imported class 'org.springframework.boot.autoconfigure.aop.AopAutoConfiguration$JdkDynamicAutoProxyConfiguration'
2018-06-04 09:05:18 [main] DEBUG o.s.c.a.ConfigurationClassBeanDefinitionReader -
				Registered bean definition for imported class 'org.springframework.boot.autoconfigure.aop.AopAutoConfiguration'
2018-06-04 09:05:18 [main] DEBUG o.s.b.f.s.DefaultListableBeanFactory -
				Returning cached instance of singleton bean 'autoConfigurationReport'
2018-06-04 09:05:18 [main] DEBUG o.s.b.f.s.DefaultListableBeanFactory -
				Returning cached instance of singleton bean 'autoConfigurationReport'
2018-06-04 09:05:18 [main] DEBUG o.s.c.a.ConfigurationClassBeanDefinitionReader -
				Registered bean definition for imported class 'org.springframework.boot.autoconfigure.transaction.jta.JtaAutoConfiguration'
2018-06-04 09:05:18 [main] DEBUG o.s.b.f.s.DefaultListableBeanFactory -
				Returning cached instance of singleton bean 'autoConfigurationReport'
2018-06-04 09:05:18 [main] DEBUG o.s.b.f.s.DefaultListableBeanFactory -
				Returning cached instance of singleton bean 'org.springframework.boot.autoconfigure.condition.BeanTypeRegistry'
2018-06-04 09:05:18 [main] DEBUG o.s.b.f.s.DefaultListableBeanFactory -
				Returning cached instance of singleton bean 'autoConfigurationReport'
2018-06-04 09:05:18 [main] DEBUG o.s.b.f.s.DefaultListableBeanFactory -
				Returning cached instance of singleton bean 'autoConfigurationReport'
2018-06-04 09:05:18 [main] DEBUG o.s.b.f.s.DefaultListableBeanFactory -
				Returning cached instance of singleton bean 'org.springframework.boot.autoconfigure.condition.BeanTypeRegistry'
2018-06-04 09:05:18 [main] DEBUG o.s.b.f.s.DefaultListableBeanFactory -
				Returning cached instance of singleton bean 'org.springframework.boot.autoconfigure.condition.BeanTypeRegistry'
2018-06-04 09:05:18 [main] DEBUG o.s.b.f.s.DefaultListableBeanFactory -
				Returning cached instance of singleton bean 'autoConfigurationReport'
2018-06-04 09:05:18 [main] DEBUG o.s.b.f.s.DefaultListableBeanFactory -
				Returning cached instance of singleton bean 'autoConfigurationReport'
2018-06-04 09:05:18 [main] DEBUG o.s.b.f.s.DefaultListableBeanFactory -
				Returning cached instance of singleton bean 'autoConfigurationReport'
2018-06-04 09:05:18 [main] DEBUG o.s.c.a.ConfigurationClassBeanDefinitionReader -
				Registered bean definition for imported class 'org.springframework.boot.autoconfigure.jdbc.DataSourceConfiguration$Tomcat'
2018-06-04 09:05:18 [main] DEBUG o.s.c.a.ConfigurationClassBeanDefinitionReader -
				Registering bean definition for @Bean method org.springframework.boot.autoconfigure.jdbc.DataSourceConfiguration$Tomcat.dataSource()
2018-06-04 09:05:18 [main] DEBUG o.s.c.a.ConfigurationClassBeanDefinitionReader -
				Registered bean definition for imported class 'org.springframework.boot.autoconfigure.jdbc.DataSourceAutoConfiguration$PooledDataSourceConfiguration'
2018-06-04 09:05:18 [main] DEBUG o.s.b.f.s.DefaultListableBeanFactory -
				Returning cached instance of singleton bean 'autoConfigurationReport'
2018-06-04 09:05:18 [main] DEBUG o.s.c.a.ConfigurationClassBeanDefinitionReader -
				Registered bean definition for imported class 'org.springframework.boot.autoconfigure.jdbc.metadata.DataSourcePoolMetadataProvidersConfiguration$TomcatDataSourcePoolMetadataProviderConfiguration'
2018-06-04 09:05:18 [main] DEBUG o.s.c.a.ConfigurationClassBeanDefinitionReader -
				Registering bean definition for @Bean method org.springframework.boot.autoconfigure.jdbc.metadata.DataSourcePoolMetadataProvidersConfiguration$TomcatDataSourcePoolMetadataProviderConfiguration.tomcatPoolDataSourceMetadataProvider()
2018-06-04 09:05:18 [main] DEBUG o.s.c.a.ConfigurationClassBeanDefinitionReader -
				Registered bean definition for imported class 'org.springframework.boot.autoconfigure.jdbc.metadata.DataSourcePoolMetadataProvidersConfiguration'
2018-06-04 09:05:18 [main] DEBUG o.s.c.a.ConfigurationClassBeanDefinitionReader -
				Registered bean definition for imported class 'org.springframework.boot.autoconfigure.jdbc.DataSourceAutoConfiguration'
2018-06-04 09:05:18 [main] DEBUG o.s.b.f.s.DefaultListableBeanFactory -
				Returning cached instance of singleton bean 'org.springframework.boot.autoconfigure.condition.BeanTypeRegistry'
2018-06-04 09:05:18 [main] DEBUG o.s.b.f.s.DefaultListableBeanFactory -
				Returning cached instance of singleton bean 'autoConfigurationReport'
2018-06-04 09:05:18 [main] DEBUG o.s.c.a.ConfigurationClassBeanDefinitionReader -
				Registering bean definition for @Bean method org.springframework.boot.autoconfigure.jdbc.DataSourceAutoConfiguration.dataSourceInitializer()
2018-06-04 09:05:18 [main] DEBUG o.s.b.f.s.DefaultListableBeanFactory -
				Returning cached instance of singleton bean 'autoConfigurationReport'
2018-06-04 09:05:18 [main] DEBUG o.s.b.f.s.DefaultListableBeanFactory -
				Returning cached instance of singleton bean 'org.springframework.boot.autoconfigure.condition.BeanTypeRegistry'
2018-06-04 09:05:18 [main] DEBUG o.s.b.f.s.DefaultListableBeanFactory -
				Returning cached instance of singleton bean 'autoConfigurationReport'
2018-06-04 09:05:18 [main] DEBUG o.s.b.f.s.DefaultListableBeanFactory -
				Returning cached instance of singleton bean 'autoConfigurationReport'
2018-06-04 09:05:18 [main] DEBUG o.s.b.f.s.DefaultListableBeanFactory -
				Returning cached instance of singleton bean 'autoConfigurationReport'
2018-06-04 09:05:18 [main] DEBUG o.s.b.f.s.DefaultListableBeanFactory -
				Returning cached instance of singleton bean 'autoConfigurationReport'
2018-06-04 09:05:18 [main] DEBUG o.s.b.f.s.DefaultListableBeanFactory -
				Returning cached instance of singleton bean 'autoConfigurationReport'
2018-06-04 09:05:18 [main] DEBUG o.s.b.f.s.DefaultListableBeanFactory -
				Returning cached instance of singleton bean 'autoConfigurationReport'
2018-06-04 09:05:18 [main] DEBUG o.s.b.f.s.DefaultListableBeanFactory -
				Returning cached instance of singleton bean 'org.springframework.boot.autoconfigure.condition.BeanTypeRegistry'
2018-06-04 09:05:18 [main] DEBUG o.s.b.f.s.DefaultListableBeanFactory -
				Returning cached instance of singleton bean 'org.springframework.boot.autoconfigure.condition.BeanTypeRegistry'
2018-06-04 09:05:18 [main] DEBUG o.s.b.f.s.DefaultListableBeanFactory -
				Returning cached instance of singleton bean 'autoConfigurationReport'
2018-06-04 09:05:18 [main] DEBUG o.s.c.a.ConfigurationClassBeanDefinitionReader -
				Registered bean definition for imported class 'org.springframework.boot.autoconfigure.orm.jpa.JpaBaseConfiguration$JpaWebConfiguration$JpaWebMvcConfiguration'
2018-06-04 09:05:18 [main] DEBUG o.s.c.a.ConfigurationClassBeanDefinitionReader -
				Registering bean definition for @Bean method org.springframework.boot.autoconfigure.orm.jpa.JpaBaseConfiguration$JpaWebConfiguration$JpaWebMvcConfiguration.openEntityManagerInViewInterceptor()
2018-06-04 09:05:18 [main] DEBUG o.s.c.a.ConfigurationClassBeanDefinitionReader -
				Registered bean definition for imported class 'org.springframework.boot.autoconfigure.orm.jpa.JpaBaseConfiguration$JpaWebConfiguration'
2018-06-04 09:05:18 [main] DEBUG o.s.c.a.ConfigurationClassBeanDefinitionReader -
				Registered bean definition for imported class 'org.springframework.boot.autoconfigure.orm.jpa.HibernateJpaAutoConfiguration'
2018-06-04 09:05:18 [main] DEBUG o.s.b.f.s.DefaultListableBeanFactory -
				Returning cached instance of singleton bean 'org.springframework.boot.autoconfigure.condition.BeanTypeRegistry'
2018-06-04 09:05:18 [main] DEBUG o.s.b.f.s.DefaultListableBeanFactory -
				Returning cached instance of singleton bean 'autoConfigurationReport'
2018-06-04 09:05:18 [main] DEBUG o.s.c.a.ConfigurationClassBeanDefinitionReader -
				Registering bean definition for @Bean method org.springframework.boot.autoconfigure.orm.jpa.HibernateJpaAutoConfiguration.transactionManager()
2018-06-04 09:05:18 [main] DEBUG o.s.b.f.s.DefaultListableBeanFactory -
				Returning cached instance of singleton bean 'org.springframework.boot.autoconfigure.condition.BeanTypeRegistry'
2018-06-04 09:05:18 [main] DEBUG o.s.b.f.s.DefaultListableBeanFactory -
				Returning cached instance of singleton bean 'autoConfigurationReport'
2018-06-04 09:05:18 [main] DEBUG o.s.c.a.ConfigurationClassBeanDefinitionReader -
				Registering bean definition for @Bean method org.springframework.boot.autoconfigure.orm.jpa.HibernateJpaAutoConfiguration.jpaVendorAdapter()
2018-06-04 09:05:18 [main] DEBUG o.s.b.f.s.DefaultListableBeanFactory -
				Returning cached instance of singleton bean 'org.springframework.boot.autoconfigure.condition.BeanTypeRegistry'
2018-06-04 09:05:18 [main] DEBUG o.s.b.f.s.DefaultListableBeanFactory -
				Returning cached instance of singleton bean 'autoConfigurationReport'
2018-06-04 09:05:18 [main] DEBUG o.s.c.a.ConfigurationClassBeanDefinitionReader -
				Registering bean definition for @Bean method org.springframework.boot.autoconfigure.orm.jpa.HibernateJpaAutoConfiguration.entityManagerFactoryBuilder()
2018-06-04 09:05:18 [main] DEBUG o.s.b.f.s.DefaultListableBeanFactory -
				Returning cached instance of singleton bean 'org.springframework.boot.autoconfigure.condition.BeanTypeRegistry'
2018-06-04 09:05:18 [main] DEBUG o.s.b.f.s.DefaultListableBeanFactory -
				Returning cached instance of singleton bean 'org.springframework.boot.autoconfigure.condition.BeanTypeRegistry'
2018-06-04 09:05:18 [main] DEBUG o.s.b.f.s.DefaultListableBeanFactory -
				Returning cached instance of singleton bean 'autoConfigurationReport'
2018-06-04 09:05:18 [main] DEBUG o.s.c.a.ConfigurationClassBeanDefinitionReader -
				Registering bean definition for @Bean method org.springframework.boot.autoconfigure.orm.jpa.HibernateJpaAutoConfiguration.entityManagerFactory()
2018-06-04 09:05:18 [main] DEBUG o.s.c.a.ConfigurationClassBeanDefinitionReader -
				Registered bean definition for imported class 'org.springframework.boot.autoconfigure.context.ConfigurationPropertiesAutoConfiguration'
2018-06-04 09:05:18 [main] DEBUG o.s.b.f.s.DefaultListableBeanFactory -
				Returning cached instance of singleton bean 'autoConfigurationReport'
2018-06-04 09:05:18 [main] DEBUG o.s.c.a.ConfigurationClassBeanDefinitionReader -
				Registered bean definition for imported class 'org.springframework.boot.autoconfigure.dao.PersistenceExceptionTranslationAutoConfiguration'
2018-06-04 09:05:18 [main] DEBUG o.s.b.f.s.DefaultListableBeanFactory -
				Returning cached instance of singleton bean 'autoConfigurationReport'
2018-06-04 09:05:18 [main] DEBUG o.s.b.f.s.DefaultListableBeanFactory -
				Returning cached instance of singleton bean 'org.springframework.boot.autoconfigure.condition.BeanTypeRegistry'
2018-06-04 09:05:18 [main] DEBUG o.s.b.f.s.DefaultListableBeanFactory -
				Returning cached instance of singleton bean 'autoConfigurationReport'
2018-06-04 09:05:18 [main] DEBUG o.s.c.a.ConfigurationClassBeanDefinitionReader -
				Registering bean definition for @Bean method org.springframework.boot.autoconfigure.dao.PersistenceExceptionTranslationAutoConfiguration.persistenceExceptionTranslationPostProcessor()
2018-06-04 09:05:18 [main] DEBUG o.s.b.f.s.DefaultListableBeanFactory -
				Returning cached instance of singleton bean 'autoConfigurationReport'
2018-06-04 09:05:18 [main] DEBUG o.s.b.f.s.DefaultListableBeanFactory -
				Returning cached instance of singleton bean 'autoConfigurationReport'
2018-06-04 09:05:18 [main] DEBUG o.s.b.f.s.DefaultListableBeanFactory -
				Returning cached instance of singleton bean 'org.springframework.boot.autoconfigure.condition.BeanTypeRegistry'
