2018-06-03 17:00:14 [main] DEBUG o.h.i.f.i.DefaultIdentifierGeneratorFactory -
				Registering IdentifierGenerator strategy [sequence] -> [org.hibernate.id.enhanced.SequenceStyleGenerator]
2018-06-03 17:00:14 [main] DEBUG o.h.i.f.i.DefaultIdentifierGeneratorFactory -
				Registering IdentifierGenerator strategy [seqhilo] -> [org.hibernate.id.SequenceHiLoGenerator]
2018-06-03 17:00:14 [main] DEBUG o.h.i.f.i.DefaultIdentifierGeneratorFactory -
				Registering IdentifierGenerator strategy [increment] -> [org.hibernate.id.IncrementGenerator]
2018-06-03 17:00:14 [main] DEBUG o.h.i.f.i.DefaultIdentifierGeneratorFactory -
				Registering IdentifierGenerator strategy [foreign] -> [org.hibernate.id.ForeignGenerator]
2018-06-03 17:00:14 [main] DEBUG o.h.i.f.i.DefaultIdentifierGeneratorFactory -
				Registering IdentifierGenerator strategy [sequence-identity] -> [org.hibernate.id.SequenceIdentityGenerator]
2018-06-03 17:00:14 [main] DEBUG o.h.i.f.i.DefaultIdentifierGeneratorFactory -
				Registering IdentifierGenerator strategy [enhanced-sequence] -> [org.hibernate.id.enhanced.SequenceStyleGenerator]
2018-06-03 17:00:14 [main] DEBUG o.h.i.f.i.DefaultIdentifierGeneratorFactory -
				Registering IdentifierGenerator strategy [enhanced-table] -> [org.hibernate.id.enhanced.TableGenerator]
2018-06-03 17:00:14 [main] DEBUG o.h.i.f.i.DefaultIdentifierGeneratorFactory -
				Registering IdentifierGenerator strategy [sequence] -> [org.hibernate.id.SequenceGenerator]
2018-06-03 17:00:14 [main] DEBUG o.h.i.f.i.DefaultIdentifierGeneratorFactory -
				    - overriding [org.hibernate.id.enhanced.SequenceStyleGenerator]
2018-06-03 17:00:14 [main] DEBUG o.h.boot.model.relational.Namespace -
				Created database namespace [logicalName=Name{catalog=null, schema=null}, physicalName=Name{catalog=null, schema=null}]
2018-06-03 17:00:14 [main] DEBUG org.hibernate.cfg.AnnotationBinder -
				Binding entity from annotated class: com.stackroute.activitystream.model.User
2018-06-03 17:00:14 [main] DEBUG org.hibernate.cfg.Ejb3Column -
				Binding column: Ejb3DiscriminatorColumn{logicalColumnName'DTYPE', discriminatorTypeName='string'}
2018-06-03 17:00:14 [main] DEBUG o.h.cfg.annotations.EntityBinder -
				Import with entity name User
2018-06-03 17:00:14 [main] DEBUG o.h.cfg.annotations.EntityBinder -
				Bind entity com.stackroute.activitystream.model.User on table user
2018-06-03 17:00:14 [main] DEBUG org.hibernate.cfg.Ejb3Column -
				Binding column: Ejb3Column{table=org.hibernate.mapping.Table(user), mappingColumn=username, insertable=true, updatable=true, unique=false}
2018-06-03 17:00:14 [main] DEBUG o.h.cfg.annotations.PropertyBinder -
				MetadataSourceProcessor property username with lazy=false
2018-06-03 17:00:14 [main] DEBUG o.h.cfg.AbstractPropertyHolder -
				Attempting to locate auto-apply AttributeConverter for property [com.stackroute.activitystream.model.User:username]
2018-06-03 17:00:14 [main] DEBUG o.h.c.annotations.SimpleValueBinder -
				building SimpleValue for username
2018-06-03 17:00:14 [main] DEBUG o.h.cfg.annotations.PropertyBinder -
				Building property username
2018-06-03 17:00:14 [main] DEBUG org.hibernate.cfg.Ejb3Column -
				Binding column: Ejb3Column{table=org.hibernate.mapping.Table(user), mappingColumn=name, insertable=true, updatable=true, unique=false}
2018-06-03 17:00:14 [main] DEBUG o.h.cfg.annotations.PropertyBinder -
				MetadataSourceProcessor property name with lazy=false
2018-06-03 17:00:14 [main] DEBUG o.h.cfg.AbstractPropertyHolder -
				Attempting to locate auto-apply AttributeConverter for property [com.stackroute.activitystream.model.User:name]
2018-06-03 17:00:14 [main] DEBUG o.h.c.annotations.SimpleValueBinder -
				building SimpleValue for name
2018-06-03 17:00:14 [main] DEBUG o.h.cfg.annotations.PropertyBinder -
				Building property name
2018-06-03 17:00:14 [main] DEBUG org.hibernate.cfg.Ejb3Column -
				Binding column: Ejb3Column{table=org.hibernate.mapping.Table(user), mappingColumn=password, insertable=true, updatable=true, unique=false}
2018-06-03 17:00:14 [main] DEBUG o.h.cfg.annotations.PropertyBinder -
				MetadataSourceProcessor property password with lazy=false
2018-06-03 17:00:14 [main] DEBUG o.h.cfg.AbstractPropertyHolder -
				Attempting to locate auto-apply AttributeConverter for property [com.stackroute.activitystream.model.User:password]
2018-06-03 17:00:14 [main] DEBUG o.h.c.annotations.SimpleValueBinder -
				building SimpleValue for password
2018-06-03 17:00:14 [main] DEBUG o.h.cfg.annotations.PropertyBinder -
				Building property password
2018-06-03 17:00:14 [main] DEBUG o.h.c.annotations.SimpleValueBinder -
				Starting fillSimpleValue for username
2018-06-03 17:00:14 [main] DEBUG o.h.c.annotations.SimpleValueBinder -
				Starting fillSimpleValue for name
2018-06-03 17:00:14 [main] DEBUG o.h.c.annotations.SimpleValueBinder -
				Starting fillSimpleValue for password
2018-06-03 17:00:14 [main] DEBUG org.hibernate.mapping.PrimaryKey -
				Forcing column [username] to be non-null as it is part of the primary key for table [user]
2018-06-03 17:00:14 [main] DEBUG o.h.internal.SessionFactoryImpl -
				Building session factory
2018-06-03 17:00:14 [main] DEBUG org.hibernate.cfg.Settings -
				SessionFactory name : null
2018-06-03 17:00:14 [main] DEBUG org.hibernate.cfg.Settings -
				Automatic flush during beforeCompletion(): disabled
2018-06-03 17:00:14 [main] DEBUG org.hibernate.cfg.Settings -
				Automatic session close at end of transaction: disabled
2018-06-03 17:00:14 [main] DEBUG org.hibernate.cfg.Settings -
				Statistics: disabled
2018-06-03 17:00:14 [main] DEBUG org.hibernate.cfg.Settings -
				Deleted entity synthetic identifier rollback: disabled
2018-06-03 17:00:14 [main] DEBUG org.hibernate.cfg.Settings -
				Default entity-mode: pojo
2018-06-03 17:00:14 [main] DEBUG org.hibernate.cfg.Settings -
				Check Nullability in Core (should be disabled when Bean Validation is on): enabled
2018-06-03 17:00:14 [main] DEBUG org.hibernate.cfg.Settings -
				Allow initialization of lazy state outside session : disabled
2018-06-03 17:00:14 [main] DEBUG org.hibernate.cfg.Settings -
				Using BatchFetchStyle : LEGACY
2018-06-03 17:00:14 [main] DEBUG org.hibernate.cfg.Settings -
				Default batch fetch size: -1
2018-06-03 17:00:14 [main] DEBUG org.hibernate.cfg.Settings -
				Maximum outer join fetch depth: 2
2018-06-03 17:00:14 [main] DEBUG org.hibernate.cfg.Settings -
				Default null ordering: NONE
2018-06-03 17:00:14 [main] DEBUG org.hibernate.cfg.Settings -
				Order SQL updates by primary key: disabled
2018-06-03 17:00:14 [main] DEBUG org.hibernate.cfg.Settings -
				Order SQL inserts for batching: disabled
2018-06-03 17:00:14 [main] DEBUG org.hibernate.cfg.Settings -
				multi-tenancy strategy : NONE
2018-06-03 17:00:14 [main] DEBUG org.hibernate.cfg.Settings -
				JTA Track by Thread: enabled
2018-06-03 17:00:14 [main] DEBUG org.hibernate.cfg.Settings -
				Query language substitutions: {}
2018-06-03 17:00:14 [main] DEBUG org.hibernate.cfg.Settings -
				JPA query language strict compliance: disabled
2018-06-03 17:00:14 [main] DEBUG org.hibernate.cfg.Settings -
				Named query checking : enabled
2018-06-03 17:00:14 [main] DEBUG org.hibernate.cfg.Settings -
				Second-level cache: enabled
2018-06-03 17:00:14 [main] DEBUG org.hibernate.cfg.Settings -
				Second-level query cache: disabled
2018-06-03 17:00:14 [main] DEBUG org.hibernate.cfg.Settings -
				Second-level query cache factory: org.hibernate.cache.internal.StandardQueryCacheFactory@7b66322e
2018-06-03 17:00:14 [main] DEBUG org.hibernate.cfg.Settings -
				Second-level cache region prefix: null
2018-06-03 17:00:14 [main] DEBUG org.hibernate.cfg.Settings -
				Optimize second-level cache for minimal puts: disabled
2018-06-03 17:00:14 [main] DEBUG org.hibernate.cfg.Settings -
				Structured second-level cache entries: disabled
2018-06-03 17:00:14 [main] DEBUG org.hibernate.cfg.Settings -
				Second-level cache direct-reference entries: disabled
2018-06-03 17:00:14 [main] DEBUG org.hibernate.cfg.Settings -
				Automatic eviction of collection cache: disabled
2018-06-03 17:00:14 [main] DEBUG org.hibernate.cfg.Settings -
				JDBC batch size: 0
2018-06-03 17:00:14 [main] DEBUG org.hibernate.cfg.Settings -
				JDBC batch updates for versioned data: enabled
2018-06-03 17:00:14 [main] DEBUG org.hibernate.cfg.Settings -
				Scrollable result sets: disabled
2018-06-03 17:00:14 [main] DEBUG org.hibernate.cfg.Settings -
				Wrap result sets: disabled
2018-06-03 17:00:14 [main] DEBUG org.hibernate.cfg.Settings -
				JDBC3 getGeneratedKeys(): disabled
2018-06-03 17:00:14 [main] DEBUG org.hibernate.cfg.Settings -
				JDBC result set fetch size: null
2018-06-03 17:00:14 [main] DEBUG org.hibernate.cfg.Settings -
				Connection release mode: ON_CLOSE
2018-06-03 17:00:14 [main] DEBUG org.hibernate.cfg.Settings -
				Generate SQL with comments: disabled
2018-06-03 17:00:14 [main] DEBUG o.h.internal.SessionFactoryImpl -
				Returning a Reference to the SessionFactory
2018-06-03 17:00:14 [main] DEBUG o.h.internal.SessionFactoryImpl -
				Session factory constructed with filter configurations : {}
2018-06-03 17:00:14 [main] DEBUG o.h.internal.SessionFactoryImpl -
				Instantiating session factory with properties: {java.vendor=Oracle Corporation, sun.java.launcher=SUN_STANDARD, catalina.base=/tmp/tomcat.7982946328166889933.8082, sun.management.compiler=HotSpot 64-Bit Tiered Compilers, catalina.useNaming=false, hibernate.implicit_naming_strategy=org.springframework.boot.orm.jpa.hibernate.SpringImplicitNamingStrategy, os.name=Linux, sun.boot.class.path=/usr/lib/jvm/java-8-openjdk-amd64/jre/lib/resources.jar:/usr/lib/jvm/java-8-openjdk-amd64/jre/lib/rt.jar:/usr/lib/jvm/java-8-openjdk-amd64/jre/lib/sunrsasign.jar:/usr/lib/jvm/java-8-openjdk-amd64/jre/lib/jsse.jar:/usr/lib/jvm/java-8-openjdk-amd64/jre/lib/jce.jar:/usr/lib/jvm/java-8-openjdk-amd64/jre/lib/charsets.jar:/usr/lib/jvm/java-8-openjdk-amd64/jre/lib/jfr.jar:/usr/lib/jvm/java-8-openjdk-amd64/jre/classes, sun.desktop=gnome, spring.application.admin.enabled=true, com.sun.management.jmxremote=, java.vm.specification.vendor=Oracle Corporation, java.runtime.version=1.8.0_151-8u151-b12-0ubuntu0.16.04.2-b12, spring.liveBeansView.mbeanDomain=, user.name=ajinkya, javax.persistence.validation.mode=AUTO, user.language=en, sun.boot.library.path=/usr/lib/jvm/java-8-openjdk-amd64/jre/lib/amd64, com.sun.management.jmxremote.port=40487, PID=13221, java.version=1.8.0_151, user.timezone=Asia/Kolkata, sun.arch.data.model=64, java.endorsed.dirs=/usr/lib/jvm/java-8-openjdk-amd64/jre/lib/endorsed, java.rmi.server.randomIDs=true, sun.cpu.isalist=, sun.jnu.encoding=UTF-8, file.encoding.pkg=sun.io, file.separator=/, java.specification.name=Java Platform API Specification, java.class.version=52.0, user.country=IN, java.home=/usr/lib/jvm/java-8-openjdk-amd64/jre, java.vm.info=mixed mode, os.version=4.13.0-36-generic, hibernate.boot.CfgXmlAccessService.key=org.hibernate.boot.cfgxml.spi.LoadedConfig@1806bc4c, hibernate.connection.datasource=org.apache.tomcat.jdbc.pool.DataSource@75798d03{ConnectionPool[defaultAutoCommit=null; defaultReadOnly=null; defaultTransactionIsolation=-1; defaultCatalog=null; driverClassName=com.mysql.jdbc.Driver; maxActive=100; maxIdle=100; minIdle=10; initialSize=10; maxWait=30000; testOnBorrow=true; testOnReturn=false; timeBetweenEvictionRunsMillis=5000; numTestsPerEvictionRun=0; minEvictableIdleTimeMillis=60000; testWhileIdle=false; testOnConnect=false; password=********; url=jdbc:mysql://localhost:3306/${MYSQL_DATABASE}?verifyServerCertificate=false&useSSL=false&requireSSL=false; username=${MYSQL_USER}; validationQuery=SELECT 1; validationQueryTimeout=-1; validatorClassName=null; validationInterval=3000; accessToUnderlyingConnectionAllowed=true; removeAbandoned=false; removeAbandonedTimeout=60; logAbandoned=false; connectionProperties=null; initSQL=null; jdbcInterceptors=null; jmxEnabled=true; fairQueue=true; useEquals=true; abandonWhenPercentageFull=0; maxAge=0; useLock=false; dataSource=null; dataSourceJNDI=null; suspectTimeout=0; alternateUsernameAllowed=false; commitOnReturn=false; rollbackOnReturn=false; useDisposableConnectionFacade=true; logValidationErrors=false; propagateInterruptState=false; ignoreExceptionOnPreLoad=false; useStatementFacade=true; }, com.sun.management.jmxremote.ssl=false, path.separator=:, java.vm.version=25.151-b12, org.jboss.logging.provider=slf4j, hibernate.id.new_generator_mappings=false, java.awt.printerjob=sun.print.PSPrinterJob, sun.io.unicode.encoding=UnicodeLittle, awt.toolkit=sun.awt.X11.XToolkit, com.sun.management.jmxremote.authenticate=false, java.security.egd=file:/dev/./urandom, user.home=/home/ajinkya, java.specification.vendor=Oracle Corporation, hibernate.transaction.coordinator_class=class org.hibernate.resource.transaction.backend.jdbc.internal.JdbcResourceLocalTransactionCoordinatorBuilderImpl, hibernate.hbm2ddl.auto=update, java.library.path=/usr/java/packages/lib/amd64:/usr/lib/x86_64-linux-gnu/jni:/lib/x86_64-linux-gnu:/usr/lib/x86_64-linux-gnu:/usr/lib/jni:/lib:/usr/lib, java.vendor.url=http://java.oracle.com/, spring.beaninfo.ignore=true, java.vm.vendor=Oracle Corporation, hibernate.dialect=org.hibernate.dialect.MySQL5Dialect, hibernate.ejb.persistenceUnitName=default, java.runtime.name=OpenJDK Runtime Environment, sun.java.command=com.stackroute.activitystream.AuthenticationServiceBoot --spring.output.ansi.enabled=always, java.class.path=/usr/lib/jvm/java-8-openjdk-amd64/jre/lib/resources.jar:/usr/lib/jvm/java-8-openjdk-amd64/jre/lib/rt.jar:/usr/lib/jvm/java-8-openjdk-amd64/jre/lib/jsse.jar:/usr/lib/jvm/java-8-openjdk-amd64/jre/lib/jce.jar:/usr/lib/jvm/java-8-openjdk-amd64/jre/lib/charsets.jar:/usr/lib/jvm/java-8-openjdk-amd64/jre/lib/ext/localedata.jar:/usr/lib/jvm/java-8-openjdk-amd64/jre/lib/ext/sunpkcs11.jar:/usr/lib/jvm/java-8-openjdk-amd64/jre/lib/ext/zipfs.jar:/usr/lib/jvm/java-8-openjdk-amd64/jre/lib/ext/cldrdata.jar:/usr/lib/jvm/java-8-openjdk-amd64/jre/lib/ext/dnsns.jar:/usr/lib/jvm/java-8-openjdk-amd64/jre/lib/ext/jaccess.jar:/usr/lib/jvm/java-8-openjdk-amd64/jre/lib/ext/nashorn.jar:/usr/lib/jvm/java-8-openjdk-amd64/jre/lib/ext/icedtea-sound.jar:/usr/lib/jvm/java-8-openjdk-amd64/jre/lib/ext/sunec.jar:/usr/lib/jvm/java-8-openjdk-amd64/jre/lib/ext/sunjce_provider.jar:/home/ajinkya/rutuja/activitystream-step7-solution/step7-authenticationservice-solution/target/classes:/home/ajinkya/.m2/repository/org/springframework/boot/spring-boot-starter-data-jpa/1.5.9.RELEASE/spring-boot-starter-data-jpa-1.5.9.RELEASE.jar:/home/ajinkya/.m2/repository/org/springframework/boot/spring-boot-starter/1.5.9.RELEASE/spring-boot-starter-1.5.9.RELEASE.jar:/home/ajinkya/.m2/repository/org/springframework/boot/spring-boot/1.5.9.RELEASE/spring-boot-1.5.9.RELEASE.jar:/home/ajinkya/.m2/repository/org/springframework/boot/spring-boot-autoconfigure/1.5.9.RELEASE/spring-boot-autoconfigure-1.5.9.RELEASE.jar:/home/ajinkya/.m2/repository/org/springframework/boot/spring-boot-starter-logging/1.5.9.RELEASE/spring-boot-starter-logging-1.5.9.RELEASE.jar:/home/ajinkya/.m2/repository/ch/qos/logback/logback-classic/1.1.11/logback-classic-1.1.11.jar:/home/ajinkya/.m2/repository/ch/qos/logback/logback-core/1.1.11/logback-core-1.1.11.jar:/home/ajinkya/.m2/repository/org/slf4j/jul-to-slf4j/1.7.25/jul-to-slf4j-1.7.25.jar:/home/ajinkya/.m2/repository/org/slf4j/log4j-over-slf4j/1.7.25/log4j-over-slf4j-1.7.25.jar:/home/ajinkya/.m2/repository/org/yaml/snakeyaml/1.17/snakeyaml-1.17.jar:/home/ajinkya/.m2/repository/org/springframework/boot/spring-boot-starter-aop/1.5.9.RELEASE/spring-boot-starter-aop-1.5.9.RELEASE.jar:/home/ajinkya/.m2/repository/org/springframework/spring-aop/4.3.13.RELEASE/spring-aop-4.3.13.RELEASE.jar:/home/ajinkya/.m2/repository/org/aspectj/aspectjweaver/1.8.13/aspectjweaver-1.8.13.jar:/home/ajinkya/.m2/repository/org/springframework/boot/spring-boot-starter-jdbc/1.5.9.RELEASE/spring-boot-starter-jdbc-1.5.9.RELEASE.jar:/home/ajinkya/.m2/repository/org/apache/tomcat/tomcat-jdbc/8.5.23/tomcat-jdbc-8.5.23.jar:/home/ajinkya/.m2/repository/org/apache/tomcat/tomcat-juli/8.5.23/tomcat-juli-8.5.23.jar:/home/ajinkya/.m2/repository/org/springframework/spring-jdbc/4.3.13.RELEASE/spring-jdbc-4.3.13.RELEASE.jar:/home/ajinkya/.m2/repository/org/hibernate/hibernate-core/5.0.12.Final/hibernate-core-5.0.12.Final.jar:/home/ajinkya/.m2/repository/org/jboss/logging/jboss-logging/3.3.1.Final/jboss-logging-3.3.1.Final.jar:/home/ajinkya/.m2/repository/org/hibernate/javax/persistence/hibernate-jpa-2.1-api/1.0.0.Final/hibernate-jpa-2.1-api-1.0.0.Final.jar:/home/ajinkya/.m2/repository/org/javassist/javassist/3.21.0-GA/javassist-3.21.0-GA.jar:/home/ajinkya/.m2/repository/antlr/antlr/2.7.7/antlr-2.7.7.jar:/home/ajinkya/.m2/repository/org/jboss/jandex/2.0.0.Final/jandex-2.0.0.Final.jar:/home/ajinkya/.m2/repository/dom4j/dom4j/1.6.1/dom4j-1.6.1.jar:/home/ajinkya/.m2/repository/org/hibernate/common/hibernate-commons-annotations/5.0.1.Final/hibernate-commons-annotations-5.0.1.Final.jar:/home/ajinkya/.m2/repository/org/hibernate/hibernate-entitymanager/5.0.12.Final/hibernate-entitymanager-5.0.12.Final.jar:/home/ajinkya/.m2/repository/javax/transaction/javax.transaction-api/1.2/javax.transaction-api-1.2.jar:/home/ajinkya/.m2/repository/org/springframework/data/spring-data-jpa/1.11.9.RELEASE/spring-data-jpa-1.11.9.RELEASE.jar:/home/ajinkya/.m2/repository/org/springframework/data/spring-data-commons/1.13.9.RELEASE/spring-data-commons-1.13.9.RELEASE.jar:/home/ajinkya/.m2/repository/org/springframework/spring-orm/4.3.13.RELEASE/spring-orm-4.3.13.RELEASE.jar:/home/ajinkya/.m2/repository/org/springframework/spring-context/4.3.13.RELEASE/spring-context-4.3.13.RELEASE.jar:/home/ajinkya/.m2/repository/org/springframework/spring-tx/4.3.13.RELEASE/spring-tx-4.3.13.RELEASE.jar:/home/ajinkya/.m2/repository/org/springframework/spring-beans/4.3.13.RELEASE/spring-beans-4.3.13.RELEASE.jar:/home/ajinkya/.m2/repository/org/slf4j/slf4j-api/1.7.25/slf4j-api-1.7.25.jar:/home/ajinkya/.m2/repository/org/slf4j/jcl-over-slf4j/1.7.25/jcl-over-slf4j-1.7.25.jar:/home/ajinkya/.m2/repository/org/springframework/spring-aspects/4.3.13.RELEASE/spring-aspects-4.3.13.RELEASE.jar:/home/ajinkya/.m2/repository/org/springframework/boot/spring-boot-starter-web/1.5.9.RELEASE/spring-boot-starter-web-1.5.9.RELEASE.jar:/home/ajinkya/.m2/repository/org/springframework/boot/spring-boot-starter-tomcat/1.5.9.RELEASE/spring-boot-starter-tomcat-1.5.9.RELEASE.jar:/home/ajinkya/.m2/repository/org/apache/tomcat/embed/tomcat-embed-core/8.5.23/tomcat-embed-core-8.5.23.jar:/home/ajinkya/.m2/repository/org/apache/tomcat/tomcat-annotations-api/8.5.23/tomcat-annotations-api-8.5.23.jar:/home/ajinkya/.m2/repository/org/apache/tomcat/embed/tomcat-embed-el/8.5.23/tomcat-embed-el-8.5.23.jar:/home/ajinkya/.m2/repository/org/apache/tomcat/embed/tomcat-embed-websocket/8.5.23/tomcat-embed-websocket-8.5.23.jar:/home/ajinkya/.m2/repository/org/hibernate/hibernate-validator/5.3.6.Final/hibernate-validator-5.3.6.Final.jar:/home/ajinkya/.m2/repository/javax/validation/validation-api/1.1.0.Final/validation-api-1.1.0.Final.jar:/home/ajinkya/.m2/repository/com/fasterxml/classmate/1.3.4/classmate-1.3.4.jar:/home/ajinkya/.m2/repository/com/fasterxml/jackson/core/jackson-databind/2.8.10/jackson-databind-2.8.10.jar:/home/ajinkya/.m2/repository/com/fasterxml/jackson/core/jackson-annotations/2.8.0/jackson-annotations-2.8.0.jar:/home/ajinkya/.m2/repository/com/fasterxml/jackson/core/jackson-core/2.8.10/jackson-core-2.8.10.jar:/home/ajinkya/.m2/repository/org/springframework/spring-web/4.3.13.RELEASE/spring-web-4.3.13.RELEASE.jar:/home/ajinkya/.m2/repository/org/springframework/spring-webmvc/4.3.13.RELEASE/spring-webmvc-4.3.13.RELEASE.jar:/home/ajinkya/.m2/repository/org/springframework/spring-expression/4.3.13.RELEASE/spring-expression-4.3.13.RELEASE.jar:/home/ajinkya/.m2/repository/mysql/mysql-connector-java/5.1.44/mysql-connector-java-5.1.44.jar:/home/ajinkya/.m2/repository/org/springframework/boot/spring-boot-starter-test/1.5.9.RELEASE/spring-boot-starter-test-1.5.9.RELEASE.jar:/home/ajinkya/.m2/repository/org/springframework/boot/spring-boot-test/1.5.9.RELEASE/spring-boot-test-1.5.9.RELEASE.jar:/home/ajinkya/.m2/repository/org/springframework/boot/spring-boot-test-autoconfigure/1.5.9.RELEASE/spring-boot-test-autoconfigure-1.5.9.RELEASE.jar:/home/ajinkya/.m2/repository/com/jayway/jsonpath/json-path/2.2.0/json-path-2.2.0.jar:/home/ajinkya/.m2/repository/net/minidev/json-smart/2.2.1/json-smart-2.2.1.jar:/home/ajinkya/.m2/repository/net/minidev/accessors-smart/1.1/accessors-smart-1.1.jar:/home/ajinkya/.m2/repository/org/ow2/asm/asm/5.0.3/asm-5.0.3.jar:/home/ajinkya/.m2/repository/junit/junit/4.12/junit-4.12.jar:/home/ajinkya/.m2/repository/org/assertj/assertj-core/2.6.0/assertj-core-2.6.0.jar:/home/ajinkya/.m2/repository/org/mockito/mockito-core/1.10.19/mockito-core-1.10.19.jar:/home/ajinkya/.m2/repository/org/objenesis/objenesis/2.1/objenesis-2.1.jar:/home/ajinkya/.m2/repository/org/hamcrest/hamcrest-core/1.3/hamcrest-core-1.3.jar:/home/ajinkya/.m2/repository/org/hamcrest/hamcrest-library/1.3/hamcrest-library-1.3.jar:/home/ajinkya/.m2/repository/org/skyscreamer/jsonassert/1.4.0/jsonassert-1.4.0.jar:/home/ajinkya/.m2/repository/com/vaadin/external/google/android-json/0.0.20131108.vaadin1/android-json-0.0.20131108.vaadin1.jar:/home/ajinkya/.m2/repository/org/springframework/spring-core/4.3.13.RELEASE/spring-core-4.3.13.RELEASE.jar:/home/ajinkya/.m2/repository/org/springframework/spring-test/4.3.13.RELEASE/spring-test-4.3.13.RELEASE.jar:/home/ajinkya/.m2/repository/io/jsonwebtoken/jjwt/0.7.0/jjwt-0.7.0.jar, hibernate.bytecode.use_reflection_optimizer=false, java.vm.specification.name=Java Virtual Machine Specification, java.vm.specification.version=1.8, catalina.home=/tmp/tomcat.7982946328166889933.8082, sun.cpu.endian=little, sun.os.patch.level=unknown, java.awt.headless=true, java.io.tmpdir=/tmp, java.vendor.url.bug=http://bugreport.sun.com/bugreport/, javax.persistence.sharedCache.mode=UNSPECIFIED, java.rmi.server.hostname=localhost, os.arch=amd64, java.awt.graphicsenv=sun.awt.X11GraphicsEnvironment, hibernate.physical_naming_strategy=org.springframework.boot.orm.jpa.hibernate.SpringPhysicalNamingStrategy, java.ext.dirs=/usr/lib/jvm/java-8-openjdk-amd64/jre/lib/ext:/usr/java/packages/lib/ext, user.dir=/home/ajinkya/rutuja/activitystream-step7-solution/step7-authenticationservice-solution, line.separator=
, java.vm.name=OpenJDK 64-Bit Server VM, hibernate.transaction.jta.platform=org.hibernate.engine.transaction.jta.platform.internal.NoJtaPlatform@462e1e64, file.encoding=UTF-8, java.specification.version=1.8}
2018-06-03 17:00:14 [main] DEBUG o.h.v.i.e.r.DefaultTraversableResolver -
				Found javax.persistence.Persistence on classpath containing 'getPersistenceUtil'. Assuming JPA 2 environment. Trying to instantiate JPA aware TraversableResolver
2018-06-03 17:00:14 [main] DEBUG o.h.v.i.e.r.DefaultTraversableResolver -
				Instantiated JPA aware TraversableResolver of type org.hibernate.validator.internal.engine.resolver.JPATraversableResolver.
2018-06-03 17:00:14 [main] DEBUG o.h.v.i.xml.ValidationXmlParser -
				Trying to load META-INF/validation.xml for XML based Validator configuration.
2018-06-03 17:00:14 [main] DEBUG o.h.v.i.xml.ResourceLoaderHelper -
				Trying to load META-INF/validation.xml via TCCL
2018-06-03 17:00:14 [main] DEBUG o.h.v.i.xml.ResourceLoaderHelper -
				Trying to load META-INF/validation.xml via Hibernate Validator's class loader
2018-06-03 17:00:14 [main] DEBUG o.h.v.i.xml.ValidationXmlParser -
				No META-INF/validation.xml found. Using annotation based configuration only.
2018-06-03 17:00:14 [main] DEBUG o.h.b.internal.ClassLoaderAccessImpl -
				Not known whether passed class name [com.stackroute.activitystream.model.User] is safe
2018-06-03 17:00:14 [main] DEBUG o.h.b.internal.ClassLoaderAccessImpl -
				No temp ClassLoader provided; using live ClassLoader for loading potentially unsafe class : com.stackroute.activitystream.model.User
2018-06-03 17:00:14 [main] DEBUG o.h.secure.spi.JaccIntegrator -
				Skipping JACC integration as it was not enabled
2018-06-03 17:00:14 [main] DEBUG o.hibernate.engine.spi.CascadeStyles -
				External cascade style regsitration [persist : STYLE_PERSIST_SKIPLAZY] overrode base registration [STYLE_PERSIST]
2018-06-03 17:00:14 [main] DEBUG o.h.b.internal.ClassLoaderAccessImpl -
				Not known whether passed class name [com.stackroute.activitystream.model.User] is safe
2018-06-03 17:00:14 [main] DEBUG o.h.b.internal.ClassLoaderAccessImpl -
				No temp ClassLoader provided; using live ClassLoader for loading potentially unsafe class : com.stackroute.activitystream.model.User
2018-06-03 17:00:14 [main] DEBUG o.h.b.internal.ClassLoaderAccessImpl -
				Not known whether passed class name [com.stackroute.activitystream.model.User] is safe
2018-06-03 17:00:14 [main] DEBUG o.h.b.internal.ClassLoaderAccessImpl -
				No temp ClassLoader provided; using live ClassLoader for loading potentially unsafe class : com.stackroute.activitystream.model.User
2018-06-03 17:00:14 [main] DEBUG o.h.p.entity.AbstractEntityPersister -
				Static SQL for entity: com.stackroute.activitystream.model.User
2018-06-03 17:00:14 [main] DEBUG o.h.p.entity.AbstractEntityPersister -
				 Version select: select username from user where username =?
2018-06-03 17:00:14 [main] DEBUG o.h.p.entity.AbstractEntityPersister -
				 Snapshot select: select user_.username, user_.name as name2_0_, user_.password as password3_0_ from user user_ where user_.username=?
2018-06-03 17:00:14 [main] DEBUG o.h.p.entity.AbstractEntityPersister -
				 Insert 0: insert into user (name, password, username) values (?, ?, ?)
2018-06-03 17:00:14 [main] DEBUG o.h.p.entity.AbstractEntityPersister -
				 Update 0: update user set name=?, password=? where username=?
2018-06-03 17:00:14 [main] DEBUG o.h.p.entity.AbstractEntityPersister -
				 Delete 0: delete from user where username=?
2018-06-03 17:00:14 [main] DEBUG o.h.l.p.b.i.spaces.QuerySpacesImpl -
				Adding QuerySpace : uid = <gen:0> -> org.hibernate.loader.plan.build.internal.spaces.EntityQuerySpaceImpl@267cde2e]
2018-06-03 17:00:14 [main] DEBUG o.h.p.w.spi.MetamodelGraphWalker -
				Visiting attribute path : name
2018-06-03 17:00:14 [main] DEBUG o.h.p.w.spi.MetamodelGraphWalker -
				Visiting attribute path : password
2018-06-03 17:00:14 [main] DEBUG o.h.l.p.b.i.FetchStyleLoadPlanBuildingAssociationVisitationStrategy -
				Building LoadPlan...
2018-06-03 17:00:14 [main] DEBUG o.h.l.p.e.i.LoadQueryJoinAndFetchProcessor -
				processing queryspace <gen:0>
2018-06-03 17:00:14 [main] DEBUG o.h.l.p.b.spi.LoadPlanTreePrinter -
				LoadPlan(entity=com.stackroute.activitystream.model.User)
    - Returns
       - EntityReturnImpl(entity=com.stackroute.activitystream.model.User, querySpaceUid=<gen:0>, path=com.stackroute.activitystream.model.User)
    - QuerySpaces
       - EntityQuerySpaceImpl(uid=<gen:0>, entity=com.stackroute.activitystream.model.User)
          - SQL table alias mapping - user0_
          - alias suffix - 0_
          - suffixed key columns - {username1_0_0_}

2018-06-03 17:00:14 [main] DEBUG o.h.loader.entity.plan.EntityLoader -
				Static select for entity com.stackroute.activitystream.model.User [NONE]: select user0_.username as username1_0_0_, user0_.name as name2_0_0_, user0_.password as password3_0_0_ from user user0_ where user0_.username=?
2018-06-03 17:00:14 [main] DEBUG o.h.l.p.b.i.spaces.QuerySpacesImpl -
				Adding QuerySpace : uid = <gen:0> -> org.hibernate.loader.plan.build.internal.spaces.EntityQuerySpaceImpl@682af059]
2018-06-03 17:00:14 [main] DEBUG o.h.p.w.spi.MetamodelGraphWalker -
				Visiting attribute path : name
2018-06-03 17:00:14 [main] DEBUG o.h.p.w.spi.MetamodelGraphWalker -
				Visiting attribute path : password
2018-06-03 17:00:14 [main] DEBUG o.h.l.p.b.i.FetchStyleLoadPlanBuildingAssociationVisitationStrategy -
				Building LoadPlan...
2018-06-03 17:00:14 [main] DEBUG o.h.l.p.e.i.LoadQueryJoinAndFetchProcessor -
				processing queryspace <gen:0>
2018-06-03 17:00:14 [main] DEBUG o.h.l.p.b.spi.LoadPlanTreePrinter -
				LoadPlan(entity=com.stackroute.activitystream.model.User)
    - Returns
       - EntityReturnImpl(entity=com.stackroute.activitystream.model.User, querySpaceUid=<gen:0>, path=com.stackroute.activitystream.model.User)
    - QuerySpaces
       - EntityQuerySpaceImpl(uid=<gen:0>, entity=com.stackroute.activitystream.model.User)
          - SQL table alias mapping - user0_
          - alias suffix - 0_
          - suffixed key columns - {username1_0_0_}

2018-06-03 17:00:14 [main] DEBUG o.h.loader.entity.plan.EntityLoader -
				Static select for entity com.stackroute.activitystream.model.User [READ]: select user0_.username as username1_0_0_, user0_.name as name2_0_0_, user0_.password as password3_0_0_ from user user0_ where user0_.username=?
2018-06-03 17:00:14 [main] DEBUG o.h.l.p.b.i.spaces.QuerySpacesImpl -
				Adding QuerySpace : uid = <gen:0> -> org.hibernate.loader.plan.build.internal.spaces.EntityQuerySpaceImpl@4da39ca9]
2018-06-03 17:00:14 [main] DEBUG o.h.p.w.spi.MetamodelGraphWalker -
				Visiting attribute path : name
2018-06-03 17:00:14 [main] DEBUG o.h.p.w.spi.MetamodelGraphWalker -
				Visiting attribute path : password
2018-06-03 17:00:14 [main] DEBUG o.h.l.p.b.i.FetchStyleLoadPlanBuildingAssociationVisitationStrategy -
				Building LoadPlan...
2018-06-03 17:00:14 [main] DEBUG o.h.l.p.e.i.LoadQueryJoinAndFetchProcessor -
				processing queryspace <gen:0>
2018-06-03 17:00:14 [main] DEBUG o.h.l.p.b.spi.LoadPlanTreePrinter -
				LoadPlan(entity=com.stackroute.activitystream.model.User)
    - Returns
       - EntityReturnImpl(entity=com.stackroute.activitystream.model.User, querySpaceUid=<gen:0>, path=com.stackroute.activitystream.model.User)
    - QuerySpaces
       - EntityQuerySpaceImpl(uid=<gen:0>, entity=com.stackroute.activitystream.model.User)
          - SQL table alias mapping - user0_
          - alias suffix - 0_
          - suffixed key columns - {username1_0_0_}

2018-06-03 17:00:14 [main] DEBUG o.h.loader.entity.plan.EntityLoader -
				Static select for entity com.stackroute.activitystream.model.User [UPGRADE]: select user0_.username as username1_0_0_, user0_.name as name2_0_0_, user0_.password as password3_0_0_ from user user0_ where user0_.username=? for update
2018-06-03 17:00:14 [main] DEBUG o.h.l.p.b.i.spaces.QuerySpacesImpl -
				Adding QuerySpace : uid = <gen:0> -> org.hibernate.loader.plan.build.internal.spaces.EntityQuerySpaceImpl@5584d9c6]
2018-06-03 17:00:14 [main] DEBUG o.h.p.w.spi.MetamodelGraphWalker -
				Visiting attribute path : name
2018-06-03 17:00:14 [main] DEBUG o.h.p.w.spi.MetamodelGraphWalker -
				Visiting attribute path : password
2018-06-03 17:00:14 [main] DEBUG o.h.l.p.b.i.FetchStyleLoadPlanBuildingAssociationVisitationStrategy -
				Building LoadPlan...
2018-06-03 17:00:14 [main] DEBUG o.h.l.p.e.i.LoadQueryJoinAndFetchProcessor -
				processing queryspace <gen:0>
2018-06-03 17:00:14 [main] DEBUG o.h.l.p.b.spi.LoadPlanTreePrinter -
				LoadPlan(entity=com.stackroute.activitystream.model.User)
    - Returns
       - EntityReturnImpl(entity=com.stackroute.activitystream.model.User, querySpaceUid=<gen:0>, path=com.stackroute.activitystream.model.User)
    - QuerySpaces
       - EntityQuerySpaceImpl(uid=<gen:0>, entity=com.stackroute.activitystream.model.User)
          - SQL table alias mapping - user0_
          - alias suffix - 0_
          - suffixed key columns - {username1_0_0_}

2018-06-03 17:00:14 [main] DEBUG o.h.loader.entity.plan.EntityLoader -
				Static select for entity com.stackroute.activitystream.model.User [UPGRADE_NOWAIT]: select user0_.username as username1_0_0_, user0_.name as name2_0_0_, user0_.password as password3_0_0_ from user user0_ where user0_.username=? for update
2018-06-03 17:00:14 [main] DEBUG o.h.l.p.b.i.spaces.QuerySpacesImpl -
				Adding QuerySpace : uid = <gen:0> -> org.hibernate.loader.plan.build.internal.spaces.EntityQuerySpaceImpl@6d0be7ab]
2018-06-03 17:00:14 [main] DEBUG o.h.p.w.spi.MetamodelGraphWalker -
				Visiting attribute path : name
2018-06-03 17:00:14 [main] DEBUG o.h.p.w.spi.MetamodelGraphWalker -
				Visiting attribute path : password
2018-06-03 17:00:14 [main] DEBUG o.h.l.p.b.i.FetchStyleLoadPlanBuildingAssociationVisitationStrategy -
				Building LoadPlan...
2018-06-03 17:00:14 [main] DEBUG o.h.l.p.e.i.LoadQueryJoinAndFetchProcessor -
				processing queryspace <gen:0>
2018-06-03 17:00:14 [main] DEBUG o.h.l.p.b.spi.LoadPlanTreePrinter -
				LoadPlan(entity=com.stackroute.activitystream.model.User)
    - Returns
       - EntityReturnImpl(entity=com.stackroute.activitystream.model.User, querySpaceUid=<gen:0>, path=com.stackroute.activitystream.model.User)
    - QuerySpaces
       - EntityQuerySpaceImpl(uid=<gen:0>, entity=com.stackroute.activitystream.model.User)
          - SQL table alias mapping - user0_
          - alias suffix - 0_
          - suffixed key columns - {username1_0_0_}

2018-06-03 17:00:14 [main] DEBUG o.h.loader.entity.plan.EntityLoader -
				Static select for entity com.stackroute.activitystream.model.User [UPGRADE_SKIPLOCKED]: select user0_.username as username1_0_0_, user0_.name as name2_0_0_, user0_.password as password3_0_0_ from user user0_ where user0_.username=? for update
2018-06-03 17:00:14 [main] DEBUG o.h.l.p.b.i.spaces.QuerySpacesImpl -
				Adding QuerySpace : uid = <gen:0> -> org.hibernate.loader.plan.build.internal.spaces.EntityQuerySpaceImpl@6ef60295]
