2018-06-03 17:00:13 [main] DEBUG o.s.c.i.s.PathMatchingResourcePatternResolver -
				Searching directory [/home/ajinkya/rutuja/activitystream-step7-solution/step7-authenticationservice-solution/target/classes/com/stackroute/activitystream] for files matching pattern [/home/ajinkya/rutuja/activitystream-step7-solution/step7-authenticationservice-solution/target/classes/com/stackroute/**/*.class]
2018-06-03 17:00:13 [main] DEBUG o.s.c.i.s.PathMatchingResourcePatternResolver -
				Searching directory [/home/ajinkya/rutuja/activitystream-step7-solution/step7-authenticationservice-solution/target/classes/com/stackroute/activitystream/aspect] for files matching pattern [/home/ajinkya/rutuja/activitystream-step7-solution/step7-authenticationservice-solution/target/classes/com/stackroute/**/*.class]
2018-06-03 17:00:13 [main] DEBUG o.s.c.i.s.PathMatchingResourcePatternResolver -
				Searching directory [/home/ajinkya/rutuja/activitystream-step7-solution/step7-authenticationservice-solution/target/classes/com/stackroute/activitystream/config] for files matching pattern [/home/ajinkya/rutuja/activitystream-step7-solution/step7-authenticationservice-solution/target/classes/com/stackroute/**/*.class]
2018-06-03 17:00:13 [main] DEBUG o.s.c.i.s.PathMatchingResourcePatternResolver -
				Searching directory [/home/ajinkya/rutuja/activitystream-step7-solution/step7-authenticationservice-solution/target/classes/com/stackroute/activitystream/controller] for files matching pattern [/home/ajinkya/rutuja/activitystream-step7-solution/step7-authenticationservice-solution/target/classes/com/stackroute/**/*.class]
2018-06-03 17:00:13 [main] DEBUG o.s.c.i.s.PathMatchingResourcePatternResolver -
				Searching directory [/home/ajinkya/rutuja/activitystream-step7-solution/step7-authenticationservice-solution/target/classes/com/stackroute/activitystream/model] for files matching pattern [/home/ajinkya/rutuja/activitystream-step7-solution/step7-authenticationservice-solution/target/classes/com/stackroute/**/*.class]
2018-06-03 17:00:13 [main] DEBUG o.s.c.i.s.PathMatchingResourcePatternResolver -
				Searching directory [/home/ajinkya/rutuja/activitystream-step7-solution/step7-authenticationservice-solution/target/classes/com/stackroute/activitystream/repository] for files matching pattern [/home/ajinkya/rutuja/activitystream-step7-solution/step7-authenticationservice-solution/target/classes/com/stackroute/**/*.class]
2018-06-03 17:00:13 [main] DEBUG o.s.c.i.s.PathMatchingResourcePatternResolver -
				Searching directory [/home/ajinkya/rutuja/activitystream-step7-solution/step7-authenticationservice-solution/target/classes/com/stackroute/activitystream/service] for files matching pattern [/home/ajinkya/rutuja/activitystream-step7-solution/step7-authenticationservice-solution/target/classes/com/stackroute/**/*.class]
2018-06-03 17:00:13 [main] DEBUG o.s.c.i.s.PathMatchingResourcePatternResolver -
				Resolved location pattern [classpath*:com/stackroute/**/*.class] to resources [file [/home/ajinkya/rutuja/activitystream-step7-solution/step7-authenticationservice-solution/target/classes/com/stackroute/activitystream/AuthenticationServiceBoot.class], file [/home/ajinkya/rutuja/activitystream-step7-solution/step7-authenticationservice-solution/target/classes/com/stackroute/activitystream/aspect/LoggingAspect.class], file [/home/ajinkya/rutuja/activitystream-step7-solution/step7-authenticationservice-solution/target/classes/com/stackroute/activitystream/config/JwtFilter.class], file [/home/ajinkya/rutuja/activitystream-step7-solution/step7-authenticationservice-solution/target/classes/com/stackroute/activitystream/controller/UserAuthenticateController.class], file [/home/ajinkya/rutuja/activitystream-step7-solution/step7-authenticationservice-solution/target/classes/com/stackroute/activitystream/controller/UserController.class], file [/home/ajinkya/rutuja/activitystream-step7-solution/step7-authenticationservice-solution/target/classes/com/stackroute/activitystream/model/User.class], file [/home/ajinkya/rutuja/activitystream-step7-solution/step7-authenticationservice-solution/target/classes/com/stackroute/activitystream/repository/UserRepository.class], file [/home/ajinkya/rutuja/activitystream-step7-solution/step7-authenticationservice-solution/target/classes/com/stackroute/activitystream/service/UserService.class], file [/home/ajinkya/rutuja/activitystream-step7-solution/step7-authenticationservice-solution/target/classes/com/stackroute/activitystream/service/UserServiceImpl.class]]
2018-06-03 17:00:13 [main] INFO  o.s.o.j.LocalContainerEntityManagerFactoryBean -
				Building JPA container EntityManagerFactory for persistence unit 'default'
2018-06-03 17:00:13 [main] DEBUG o.h.jpa.internal.util.LogHelper -
				PersistenceUnitInfo [
	name: default
	persistence provider classname: null
	classloader: sun.misc.Launcher$AppClassLoader@764c12b6
	excludeUnlistedClasses: true
	JTA datasource: null
	Non JTA datasource: org.apache.tomcat.jdbc.pool.DataSource@75798d03{ConnectionPool[defaultAutoCommit=null; defaultReadOnly=null; defaultTransactionIsolation=-1; defaultCatalog=null; driverClassName=com.mysql.jdbc.Driver; maxActive=100; maxIdle=100; minIdle=10; initialSize=10; maxWait=30000; testOnBorrow=true; testOnReturn=false; timeBetweenEvictionRunsMillis=5000; numTestsPerEvictionRun=0; minEvictableIdleTimeMillis=60000; testWhileIdle=false; testOnConnect=false; password=********; url=jdbc:mysql://localhost:3306/${MYSQL_DATABASE}?verifyServerCertificate=false&useSSL=false&requireSSL=false; username=${MYSQL_USER}; validationQuery=SELECT 1; validationQueryTimeout=-1; validatorClassName=null; validationInterval=3000; accessToUnderlyingConnectionAllowed=true; removeAbandoned=false; removeAbandonedTimeout=60; logAbandoned=false; connectionProperties=null; initSQL=null; jdbcInterceptors=null; jmxEnabled=true; fairQueue=true; useEquals=true; abandonWhenPercentageFull=0; maxAge=0; useLock=false; dataSource=null; dataSourceJNDI=null; suspectTimeout=0; alternateUsernameAllowed=false; commitOnReturn=false; rollbackOnReturn=false; useDisposableConnectionFacade=true; logValidationErrors=false; propagateInterruptState=false; ignoreExceptionOnPreLoad=false; useStatementFacade=true; }
	Transaction type: RESOURCE_LOCAL
	PU root URL: file:/home/ajinkya/rutuja/activitystream-step7-solution/step7-authenticationservice-solution/target/classes/
	Shared Cache Mode: UNSPECIFIED
	Validation Mode: AUTO
	Jar files URLs []
	Managed classes names [
		com.stackroute.activitystream.model.User]
	Mapping files names []
	Properties []
2018-06-03 17:00:13 [main] DEBUG o.h.i.internal.IntegratorServiceImpl -
				Adding Integrator [org.hibernate.cfg.beanvalidation.BeanValidationIntegrator].
2018-06-03 17:00:13 [main] DEBUG o.h.i.internal.IntegratorServiceImpl -
				Adding Integrator [org.hibernate.secure.spi.JaccIntegrator].
2018-06-03 17:00:13 [main] DEBUG o.h.i.internal.IntegratorServiceImpl -
				Adding Integrator [org.hibernate.cache.internal.CollectionCacheInvalidator].
2018-06-03 17:00:13 [main] DEBUG o.h.i.internal.IntegratorServiceImpl -
				Adding Integrator [org.hibernate.jpa.event.spi.JpaIntegrator].
2018-06-03 17:00:13 [main] INFO  org.hibernate.Version -
				HHH000412: Hibernate Core {5.0.12.Final}
2018-06-03 17:00:13 [main] INFO  org.hibernate.cfg.Environment -
				HHH000206: hibernate.properties not found
2018-06-03 17:00:13 [main] INFO  org.hibernate.cfg.Environment -
				HHH000021: Bytecode provider name : javassist
2018-06-03 17:00:13 [main] DEBUG o.h.service.spi.ServiceBinding -
				Overriding existing service binding [org.hibernate.secure.spi.JaccService]
2018-06-03 17:00:13 [main] DEBUG o.h.c.i.RegionFactoryInitiator -
				Cache region factory : org.hibernate.cache.internal.NoCachingRegionFactory
2018-06-03 17:00:13 [main] INFO  o.h.annotations.common.Version -
				HCANN000001: Hibernate Commons Annotations {5.0.1.Final}
2018-06-03 17:00:13 [main] DEBUG org.hibernate.type.BasicTypeRegistry -
				Adding type registration boolean -> org.hibernate.type.BooleanType@3bddc676
2018-06-03 17:00:13 [main] DEBUG org.hibernate.type.BasicTypeRegistry -
				Adding type registration boolean -> org.hibernate.type.BooleanType@3bddc676
2018-06-03 17:00:13 [main] DEBUG org.hibernate.type.BasicTypeRegistry -
				Adding type registration java.lang.Boolean -> org.hibernate.type.BooleanType@3bddc676
2018-06-03 17:00:13 [main] DEBUG org.hibernate.type.BasicTypeRegistry -
				Adding type registration numeric_boolean -> org.hibernate.type.NumericBooleanType@44b18fe4
2018-06-03 17:00:13 [main] DEBUG org.hibernate.type.BasicTypeRegistry -
				Adding type registration true_false -> org.hibernate.type.TrueFalseType@49122b8f
2018-06-03 17:00:13 [main] DEBUG org.hibernate.type.BasicTypeRegistry -
				Adding type registration yes_no -> org.hibernate.type.YesNoType@3b4d50b
2018-06-03 17:00:13 [main] DEBUG org.hibernate.type.BasicTypeRegistry -
				Adding type registration byte -> org.hibernate.type.ByteType@2dd2e270
2018-06-03 17:00:13 [main] DEBUG org.hibernate.type.BasicTypeRegistry -
				Adding type registration byte -> org.hibernate.type.ByteType@2dd2e270
2018-06-03 17:00:13 [main] DEBUG org.hibernate.type.BasicTypeRegistry -
				Adding type registration java.lang.Byte -> org.hibernate.type.ByteType@2dd2e270
2018-06-03 17:00:13 [main] DEBUG org.hibernate.type.BasicTypeRegistry -
				Adding type registration character -> org.hibernate.type.CharacterType@14fa92af
2018-06-03 17:00:13 [main] DEBUG org.hibernate.type.BasicTypeRegistry -
				Adding type registration char -> org.hibernate.type.CharacterType@14fa92af
2018-06-03 17:00:13 [main] DEBUG org.hibernate.type.BasicTypeRegistry -
				Adding type registration java.lang.Character -> org.hibernate.type.CharacterType@14fa92af
2018-06-03 17:00:13 [main] DEBUG org.hibernate.type.BasicTypeRegistry -
				Adding type registration short -> org.hibernate.type.ShortType@360bc645
2018-06-03 17:00:13 [main] DEBUG org.hibernate.type.BasicTypeRegistry -
				Adding type registration short -> org.hibernate.type.ShortType@360bc645
2018-06-03 17:00:13 [main] DEBUG org.hibernate.type.BasicTypeRegistry -
				Adding type registration java.lang.Short -> org.hibernate.type.ShortType@360bc645
2018-06-03 17:00:13 [main] DEBUG org.hibernate.type.BasicTypeRegistry -
				Adding type registration integer -> org.hibernate.type.IntegerType@21c815e4
2018-06-03 17:00:13 [main] DEBUG org.hibernate.type.BasicTypeRegistry -
				Adding type registration int -> org.hibernate.type.IntegerType@21c815e4
2018-06-03 17:00:13 [main] DEBUG org.hibernate.type.BasicTypeRegistry -
				Adding type registration java.lang.Integer -> org.hibernate.type.IntegerType@21c815e4
2018-06-03 17:00:13 [main] DEBUG org.hibernate.type.BasicTypeRegistry -
				Adding type registration long -> org.hibernate.type.LongType@761956ac
2018-06-03 17:00:13 [main] DEBUG org.hibernate.type.BasicTypeRegistry -
				Adding type registration long -> org.hibernate.type.LongType@761956ac
2018-06-03 17:00:13 [main] DEBUG org.hibernate.type.BasicTypeRegistry -
				Adding type registration java.lang.Long -> org.hibernate.type.LongType@761956ac
2018-06-03 17:00:13 [main] DEBUG org.hibernate.type.BasicTypeRegistry -
				Adding type registration float -> org.hibernate.type.FloatType@7915bca3
2018-06-03 17:00:13 [main] DEBUG org.hibernate.type.BasicTypeRegistry -
				Adding type registration float -> org.hibernate.type.FloatType@7915bca3
2018-06-03 17:00:13 [main] DEBUG org.hibernate.type.BasicTypeRegistry -
				Adding type registration java.lang.Float -> org.hibernate.type.FloatType@7915bca3
2018-06-03 17:00:13 [main] DEBUG org.hibernate.type.BasicTypeRegistry -
				Adding type registration double -> org.hibernate.type.DoubleType@eca6a74
2018-06-03 17:00:13 [main] DEBUG org.hibernate.type.BasicTypeRegistry -
				Adding type registration double -> org.hibernate.type.DoubleType@eca6a74
2018-06-03 17:00:13 [main] DEBUG org.hibernate.type.BasicTypeRegistry -
				Adding type registration java.lang.Double -> org.hibernate.type.DoubleType@eca6a74
2018-06-03 17:00:13 [main] DEBUG org.hibernate.type.BasicTypeRegistry -
				Adding type registration big_decimal -> org.hibernate.type.BigDecimalType@1c7f96b1
2018-06-03 17:00:13 [main] DEBUG org.hibernate.type.BasicTypeRegistry -
				Adding type registration java.math.BigDecimal -> org.hibernate.type.BigDecimalType@1c7f96b1
2018-06-03 17:00:13 [main] DEBUG org.hibernate.type.BasicTypeRegistry -
				Adding type registration big_integer -> org.hibernate.type.BigIntegerType@4f66ffc8
2018-06-03 17:00:13 [main] DEBUG org.hibernate.type.BasicTypeRegistry -
				Adding type registration java.math.BigInteger -> org.hibernate.type.BigIntegerType@4f66ffc8
2018-06-03 17:00:13 [main] DEBUG org.hibernate.type.BasicTypeRegistry -
				Adding type registration string -> org.hibernate.type.StringType@188cbcde
2018-06-03 17:00:13 [main] DEBUG org.hibernate.type.BasicTypeRegistry -
				Adding type registration java.lang.String -> org.hibernate.type.StringType@188cbcde
2018-06-03 17:00:13 [main] DEBUG org.hibernate.type.BasicTypeRegistry -
				Adding type registration nstring -> org.hibernate.type.StringNVarcharType@35267fd4
2018-06-03 17:00:13 [main] DEBUG org.hibernate.type.BasicTypeRegistry -
				Adding type registration ncharacter -> org.hibernate.type.CharacterNCharType@9b21bd3
2018-06-03 17:00:13 [main] DEBUG org.hibernate.type.BasicTypeRegistry -
				Adding type registration url -> org.hibernate.type.UrlType@7903d448
2018-06-03 17:00:13 [main] DEBUG org.hibernate.type.BasicTypeRegistry -
				Adding type registration java.net.URL -> org.hibernate.type.UrlType@7903d448
2018-06-03 17:00:13 [main] DEBUG org.hibernate.type.BasicTypeRegistry -
				Adding type registration date -> org.hibernate.type.DateType@2b2f5fcf
2018-06-03 17:00:13 [main] DEBUG org.hibernate.type.BasicTypeRegistry -
				Adding type registration java.sql.Date -> org.hibernate.type.DateType@2b2f5fcf
2018-06-03 17:00:13 [main] DEBUG org.hibernate.type.BasicTypeRegistry -
				Adding type registration time -> org.hibernate.type.TimeType@26844abb
2018-06-03 17:00:13 [main] DEBUG org.hibernate.type.BasicTypeRegistry -
				Adding type registration java.sql.Time -> org.hibernate.type.TimeType@26844abb
2018-06-03 17:00:13 [main] DEBUG org.hibernate.type.BasicTypeRegistry -
				Adding type registration timestamp -> org.hibernate.type.TimestampType@67c5ac52
2018-06-03 17:00:13 [main] DEBUG org.hibernate.type.BasicTypeRegistry -
				Adding type registration java.sql.Timestamp -> org.hibernate.type.TimestampType@67c5ac52
2018-06-03 17:00:13 [main] DEBUG org.hibernate.type.BasicTypeRegistry -
				Adding type registration java.util.Date -> org.hibernate.type.TimestampType@67c5ac52
