2018-06-03 17:02:36 [main] DEBUG o.s.c.a.ConfigurationClassBeanDefinitionReader -
				Registering bean definition for @Bean method org.springframework.web.servlet.config.annotation.DelegatingWebMvcConfiguration.viewControllerHandlerMapping()
2018-06-03 17:02:36 [main] DEBUG o.s.c.a.ConfigurationClassBeanDefinitionReader -
				Registering bean definition for @Bean method org.springframework.web.servlet.config.annotation.DelegatingWebMvcConfiguration.beanNameHandlerMapping()
2018-06-03 17:02:36 [main] DEBUG o.s.c.a.ConfigurationClassBeanDefinitionReader -
				Registering bean definition for @Bean method org.springframework.web.servlet.config.annotation.DelegatingWebMvcConfiguration.resourceHandlerMapping()
2018-06-03 17:02:36 [main] DEBUG o.s.c.a.ConfigurationClassBeanDefinitionReader -
				Registering bean definition for @Bean method org.springframework.web.servlet.config.annotation.DelegatingWebMvcConfiguration.mvcResourceUrlProvider()
2018-06-03 17:02:36 [main] DEBUG o.s.c.a.ConfigurationClassBeanDefinitionReader -
				Registering bean definition for @Bean method org.springframework.web.servlet.config.annotation.DelegatingWebMvcConfiguration.defaultServletHandlerMapping()
2018-06-03 17:02:36 [main] DEBUG o.s.c.a.ConfigurationClassBeanDefinitionReader -
				Registering bean definition for @Bean method org.springframework.web.servlet.config.annotation.DelegatingWebMvcConfiguration.requestMappingHandlerAdapter()
2018-06-03 17:02:36 [main] DEBUG o.s.c.a.ConfigurationClassBeanDefinitionReader -
				Registering bean definition for @Bean method org.springframework.web.servlet.config.annotation.DelegatingWebMvcConfiguration.mvcConversionService()
2018-06-03 17:02:36 [main] DEBUG o.s.c.a.ConfigurationClassBeanDefinitionReader -
				Registering bean definition for @Bean method org.springframework.web.servlet.config.annotation.DelegatingWebMvcConfiguration.mvcValidator()
2018-06-03 17:02:36 [main] DEBUG o.s.c.a.ConfigurationClassBeanDefinitionReader -
				Registering bean definition for @Bean method org.springframework.web.servlet.config.annotation.DelegatingWebMvcConfiguration.mvcUriComponentsContributor()
2018-06-03 17:02:36 [main] DEBUG o.s.c.a.ConfigurationClassBeanDefinitionReader -
				Registering bean definition for @Bean method org.springframework.web.servlet.config.annotation.DelegatingWebMvcConfiguration.httpRequestHandlerAdapter()
2018-06-03 17:02:36 [main] DEBUG o.s.c.a.ConfigurationClassBeanDefinitionReader -
				Registering bean definition for @Bean method org.springframework.web.servlet.config.annotation.DelegatingWebMvcConfiguration.simpleControllerHandlerAdapter()
2018-06-03 17:02:36 [main] DEBUG o.s.c.a.ConfigurationClassBeanDefinitionReader -
				Registering bean definition for @Bean method org.springframework.web.servlet.config.annotation.DelegatingWebMvcConfiguration.handlerExceptionResolver()
2018-06-03 17:02:36 [main] DEBUG o.s.c.a.ConfigurationClassBeanDefinitionReader -
				Registering bean definition for @Bean method org.springframework.web.servlet.config.annotation.DelegatingWebMvcConfiguration.mvcViewResolver()
2018-06-03 17:02:36 [main] DEBUG o.s.c.a.ConfigurationClassBeanDefinitionReader -
				Registering bean definition for @Bean method org.springframework.web.servlet.config.annotation.DelegatingWebMvcConfiguration.mvcHandlerMappingIntrospector()
2018-06-03 17:02:36 [main] DEBUG o.s.c.a.ConfigurationClassBeanDefinitionReader -
				Registering bean definition for @Bean method com.stackroute.activitystream.AuthenticationServiceBoot.jwtFilter()
2018-06-03 17:02:36 [main] DEBUG o.s.c.a.ConfigurationClassBeanDefinitionReader -
				Registered bean definition for imported class 'org.springframework.boot.autoconfigure.context.PropertyPlaceholderAutoConfiguration'
2018-06-03 17:02:36 [main] DEBUG o.s.b.f.s.DefaultListableBeanFactory -
				Creating shared instance of singleton bean 'org.springframework.boot.autoconfigure.condition.BeanTypeRegistry'
2018-06-03 17:02:36 [main] DEBUG o.s.b.f.s.DefaultListableBeanFactory -
				Creating instance of bean 'org.springframework.boot.autoconfigure.condition.BeanTypeRegistry'
2018-06-03 17:02:36 [main] DEBUG o.s.b.f.s.DefaultListableBeanFactory -
				Eagerly caching bean 'org.springframework.boot.autoconfigure.condition.BeanTypeRegistry' to allow for resolving potential circular references
2018-06-03 17:02:36 [main] DEBUG o.s.b.f.s.DefaultListableBeanFactory -
				Finished creating instance of bean 'org.springframework.boot.autoconfigure.condition.BeanTypeRegistry'
2018-06-03 17:02:36 [main] DEBUG o.s.b.f.s.DefaultListableBeanFactory -
				Returning cached instance of singleton bean 'autoConfigurationReport'
2018-06-03 17:02:36 [main] DEBUG o.s.c.a.ConfigurationClassBeanDefinitionReader -
				Registering bean definition for @Bean method org.springframework.boot.autoconfigure.context.PropertyPlaceholderAutoConfiguration.propertySourcesPlaceholderConfigurer()
2018-06-03 17:02:36 [main] DEBUG o.s.b.f.s.DefaultListableBeanFactory -
				Returning cached instance of singleton bean 'autoConfigurationReport'
2018-06-03 17:02:36 [main] DEBUG o.s.b.f.s.DefaultListableBeanFactory -
				Returning cached instance of singleton bean 'autoConfigurationReport'
2018-06-03 17:02:36 [main] DEBUG o.s.c.a.ConfigurationClassBeanDefinitionReader -
				Registered bean definition for imported class 'org.springframework.boot.autoconfigure.jackson.JacksonAutoConfiguration$Jackson2ObjectMapperBuilderCustomizerConfiguration'
2018-06-03 17:02:36 [main] DEBUG o.s.c.a.ConfigurationClassBeanDefinitionReader -
				Registering bean definition for @Bean method org.springframework.boot.autoconfigure.jackson.JacksonAutoConfiguration$Jackson2ObjectMapperBuilderCustomizerConfiguration.standardJacksonObjectMapperBuilderCustomizer()
2018-06-03 17:02:36 [main] DEBUG o.s.b.f.s.DefaultListableBeanFactory -
				Returning cached instance of singleton bean 'autoConfigurationReport'
2018-06-03 17:02:36 [main] DEBUG o.s.c.a.ConfigurationClassBeanDefinitionReader -
				Registered bean definition for imported class 'org.springframework.boot.autoconfigure.jackson.JacksonAutoConfiguration$JacksonObjectMapperBuilderConfiguration'
2018-06-03 17:02:36 [main] DEBUG o.s.b.f.s.DefaultListableBeanFactory -
				Returning cached instance of singleton bean 'org.springframework.boot.autoconfigure.condition.BeanTypeRegistry'
2018-06-03 17:02:36 [main] DEBUG o.s.b.f.s.DefaultListableBeanFactory -
				Returning cached instance of singleton bean 'autoConfigurationReport'
2018-06-03 17:02:36 [main] DEBUG o.s.c.a.ConfigurationClassBeanDefinitionReader -
				Registering bean definition for @Bean method org.springframework.boot.autoconfigure.jackson.JacksonAutoConfiguration$JacksonObjectMapperBuilderConfiguration.jacksonObjectMapperBuilder()
2018-06-03 17:02:36 [main] DEBUG o.s.b.f.s.DefaultListableBeanFactory -
				Returning cached instance of singleton bean 'autoConfigurationReport'
2018-06-03 17:02:36 [main] DEBUG o.s.c.a.ConfigurationClassBeanDefinitionReader -
				Registered bean definition for imported class 'org.springframework.boot.autoconfigure.jackson.JacksonAutoConfiguration$JacksonObjectMapperConfiguration'
2018-06-03 17:02:36 [main] DEBUG o.s.b.f.s.DefaultListableBeanFactory -
				Returning cached instance of singleton bean 'org.springframework.boot.autoconfigure.condition.BeanTypeRegistry'
2018-06-03 17:02:36 [main] DEBUG o.s.b.f.s.DefaultListableBeanFactory -
				Returning cached instance of singleton bean 'autoConfigurationReport'
2018-06-03 17:02:36 [main] DEBUG o.s.c.a.ConfigurationClassBeanDefinitionReader -
				Registering bean definition for @Bean method org.springframework.boot.autoconfigure.jackson.JacksonAutoConfiguration$JacksonObjectMapperConfiguration.jacksonObjectMapper()
2018-06-03 17:02:36 [main] DEBUG o.s.c.a.ConfigurationClassBeanDefinitionReader -
				Registered bean definition for imported class 'org.springframework.boot.autoconfigure.jackson.JacksonAutoConfiguration'
2018-06-03 17:02:36 [main] DEBUG o.s.c.a.ConfigurationClassBeanDefinitionReader -
				Registering bean definition for @Bean method org.springframework.boot.autoconfigure.jackson.JacksonAutoConfiguration.jsonComponentModule()
2018-06-03 17:02:36 [main] DEBUG o.s.b.f.s.DefaultListableBeanFactory -
				Returning cached instance of singleton bean 'autoConfigurationReport'
2018-06-03 17:02:36 [main] DEBUG o.s.b.f.s.DefaultListableBeanFactory -
				Returning cached instance of singleton bean 'autoConfigurationReport'
2018-06-03 17:02:36 [main] DEBUG o.s.b.f.s.DefaultListableBeanFactory -
				Returning cached instance of singleton bean 'autoConfigurationReport'
2018-06-03 17:02:36 [main] DEBUG o.s.c.a.ConfigurationClassBeanDefinitionReader -
				Registered bean definition for imported class 'org.springframework.boot.autoconfigure.websocket.WebSocketAutoConfiguration$TomcatWebSocketConfiguration'
2018-06-03 17:02:36 [main] DEBUG o.s.b.f.s.DefaultListableBeanFactory -
				Returning cached instance of singleton bean 'autoConfigurationReport'
2018-06-03 17:02:36 [main] DEBUG o.s.b.f.s.DefaultListableBeanFactory -
				Returning cached instance of singleton bean 'autoConfigurationReport'
2018-06-03 17:02:36 [main] DEBUG o.s.c.a.ConfigurationClassBeanDefinitionReader -
				Registering bean definition for @Bean method org.springframework.boot.autoconfigure.websocket.WebSocketAutoConfiguration$TomcatWebSocketConfiguration.websocketContainerCustomizer()
2018-06-03 17:02:36 [main] DEBUG o.s.c.a.ConfigurationClassBeanDefinitionReader -
				Registered bean definition for imported class 'org.springframework.boot.autoconfigure.websocket.WebSocketAutoConfiguration'
2018-06-03 17:02:36 [main] DEBUG o.s.b.f.s.DefaultListableBeanFactory -
				Returning cached instance of singleton bean 'autoConfigurationReport'
2018-06-03 17:02:36 [main] DEBUG o.s.b.f.s.DefaultListableBeanFactory -
				Returning cached instance of singleton bean 'autoConfigurationReport'
2018-06-03 17:02:36 [main] DEBUG o.s.b.f.s.DefaultListableBeanFactory -
				Returning cached instance of singleton bean 'org.springframework.boot.autoconfigure.condition.BeanTypeRegistry'
2018-06-03 17:02:36 [main] DEBUG o.s.b.f.s.DefaultListableBeanFactory -
				Returning cached instance of singleton bean 'autoConfigurationReport'
2018-06-03 17:02:36 [main] DEBUG o.s.c.a.ConfigurationClassBeanDefinitionReader -
				Registered bean definition for imported class 'org.springframework.boot.autoconfigure.web.EmbeddedServletContainerAutoConfiguration$EmbeddedTomcat'
2018-06-03 17:02:36 [main] DEBUG o.s.c.a.ConfigurationClassBeanDefinitionReader -
				Registering bean definition for @Bean method org.springframework.boot.autoconfigure.web.EmbeddedServletContainerAutoConfiguration$EmbeddedTomcat.tomcatEmbeddedServletContainerFactory()
2018-06-03 17:02:36 [main] DEBUG o.s.c.a.ConfigurationClassBeanDefinitionReader -
				Registered bean definition for imported class 'org.springframework.boot.autoconfigure.web.EmbeddedServletContainerAutoConfiguration'
2018-06-03 17:02:36 [main] DEBUG o.s.b.f.s.DefaultListableBeanFactory -
				Returning cached instance of singleton bean 'autoConfigurationReport'
2018-06-03 17:02:36 [main] DEBUG o.s.b.f.s.DefaultListableBeanFactory -
				Returning cached instance of singleton bean 'autoConfigurationReport'
2018-06-03 17:02:36 [main] DEBUG o.s.b.f.s.DefaultListableBeanFactory -
				Returning cached instance of singleton bean 'autoConfigurationReport'
2018-06-03 17:02:36 [main] DEBUG o.s.b.f.s.DefaultListableBeanFactory -
				Returning cached instance of singleton bean 'autoConfigurationReport'
2018-06-03 17:02:36 [main] DEBUG o.s.b.f.s.DefaultListableBeanFactory -
				Returning cached instance of singleton bean 'autoConfigurationReport'
2018-06-03 17:02:36 [main] DEBUG o.s.b.f.s.DefaultListableBeanFactory -
				Returning cached instance of singleton bean 'autoConfigurationReport'
2018-06-03 17:02:36 [main] DEBUG o.s.c.a.ConfigurationClassBeanDefinitionReader -
				Registered bean definition for imported class 'org.springframework.boot.autoconfigure.web.DispatcherServletAutoConfiguration$DispatcherServletConfiguration'
2018-06-03 17:02:36 [main] DEBUG o.s.c.a.ConfigurationClassBeanDefinitionReader -
				Registering bean definition for @Bean method org.springframework.boot.autoconfigure.web.DispatcherServletAutoConfiguration$DispatcherServletConfiguration.dispatcherServlet()
2018-06-03 17:02:36 [main] DEBUG o.s.b.f.s.DefaultListableBeanFactory -
				Returning cached instance of singleton bean 'org.springframework.boot.autoconfigure.condition.BeanTypeRegistry'
2018-06-03 17:02:36 [main] DEBUG o.s.b.f.s.DefaultListableBeanFactory -
				Returning cached instance of singleton bean 'autoConfigurationReport'
2018-06-03 17:02:36 [main] DEBUG o.s.c.a.ConfigurationClassBeanDefinitionReader -
				Registered bean definition for imported class 'org.springframework.boot.autoconfigure.web.DispatcherServletAutoConfiguration$DispatcherServletRegistrationConfiguration'
