2018-06-03 17:00:10 [main] DEBUG o.s.b.f.annotation.InjectionMetadata -
				Registered injected element on class [org.springframework.transaction.annotation.ProxyTransactionManagementConfiguration$$EnhancerBySpringCGLIB$$90431b82]: AutowiredMethodElement for void org.springframework.transaction.annotation.AbstractTransactionManagementConfiguration.setConfigurers(java.util.Collection)
2018-06-03 17:00:10 [main] DEBUG o.s.b.f.s.DefaultListableBeanFactory -
				Eagerly caching bean 'org.springframework.transaction.annotation.ProxyTransactionManagementConfiguration' to allow for resolving potential circular references
2018-06-03 17:00:10 [main] DEBUG o.s.b.f.annotation.InjectionMetadata -
				Processing injected element of bean 'org.springframework.transaction.annotation.ProxyTransactionManagementConfiguration': AutowiredMethodElement for void org.springframework.transaction.annotation.AbstractTransactionManagementConfiguration.setConfigurers(java.util.Collection)
2018-06-03 17:00:10 [main] DEBUG o.s.b.f.s.DefaultListableBeanFactory -
				Returning cached instance of singleton bean 'org.springframework.context.annotation.ConfigurationClassPostProcessor.importRegistry'
2018-06-03 17:00:10 [main] DEBUG o.s.a.f.a.BeanFactoryAdvisorRetrievalHelper -
				Skipping currently created advisor 'org.springframework.transaction.config.internalTransactionAdvisor'
2018-06-03 17:00:10 [main] DEBUG o.s.a.f.a.BeanFactoryAdvisorRetrievalHelper -
				Skipping currently created advisor 'org.springframework.transaction.config.internalTransactionAdvisor'
2018-06-03 17:00:11 [main] DEBUG o.s.b.f.s.DefaultListableBeanFactory -
				Finished creating instance of bean 'org.springframework.transaction.annotation.ProxyTransactionManagementConfiguration'
2018-06-03 17:00:11 [main] DEBUG o.s.b.f.s.DefaultListableBeanFactory -
				Creating shared instance of singleton bean 'transactionAttributeSource'
2018-06-03 17:00:11 [main] DEBUG o.s.b.f.s.DefaultListableBeanFactory -
				Creating instance of bean 'transactionAttributeSource'
2018-06-03 17:00:11 [main] DEBUG o.s.a.f.a.BeanFactoryAdvisorRetrievalHelper -
				Skipping currently created advisor 'org.springframework.transaction.config.internalTransactionAdvisor'
2018-06-03 17:00:11 [main] DEBUG o.s.b.f.s.DefaultListableBeanFactory -
				Returning cached instance of singleton bean 'org.springframework.transaction.annotation.ProxyTransactionManagementConfiguration'
2018-06-03 17:00:11 [main] DEBUG o.s.b.f.s.DefaultListableBeanFactory -
				Eagerly caching bean 'transactionAttributeSource' to allow for resolving potential circular references
2018-06-03 17:00:11 [main] DEBUG o.s.a.f.a.BeanFactoryAdvisorRetrievalHelper -
				Skipping currently created advisor 'org.springframework.transaction.config.internalTransactionAdvisor'
2018-06-03 17:00:11 [main] DEBUG o.s.a.f.a.BeanFactoryAdvisorRetrievalHelper -
				Skipping currently created advisor 'org.springframework.transaction.config.internalTransactionAdvisor'
2018-06-03 17:00:11 [main] DEBUG o.s.b.f.s.DefaultListableBeanFactory -
				Finished creating instance of bean 'transactionAttributeSource'
2018-06-03 17:00:11 [main] DEBUG o.s.b.f.s.DefaultListableBeanFactory -
				Creating shared instance of singleton bean 'transactionInterceptor'
2018-06-03 17:00:11 [main] DEBUG o.s.b.f.s.DefaultListableBeanFactory -
				Creating instance of bean 'transactionInterceptor'
2018-06-03 17:00:11 [main] DEBUG o.s.b.f.s.DefaultListableBeanFactory -
				Returning cached instance of singleton bean 'org.springframework.transaction.annotation.ProxyTransactionManagementConfiguration'
2018-06-03 17:00:11 [main] DEBUG o.s.b.f.s.DefaultListableBeanFactory -
				Returning cached instance of singleton bean 'transactionAttributeSource'
2018-06-03 17:00:11 [main] DEBUG o.s.b.f.s.DefaultListableBeanFactory -
				Eagerly caching bean 'transactionInterceptor' to allow for resolving potential circular references
2018-06-03 17:00:11 [main] DEBUG o.s.b.f.s.DefaultListableBeanFactory -
				Invoking afterPropertiesSet() on bean with name 'transactionInterceptor'
2018-06-03 17:00:11 [main] DEBUG o.s.b.f.s.DefaultListableBeanFactory -
				Finished creating instance of bean 'transactionInterceptor'
2018-06-03 17:00:11 [main] DEBUG o.s.b.f.s.DefaultListableBeanFactory -
				Eagerly caching bean 'org.springframework.transaction.config.internalTransactionAdvisor' to allow for resolving potential circular references
2018-06-03 17:00:11 [main] DEBUG o.s.b.f.s.DefaultListableBeanFactory -
				Finished creating instance of bean 'org.springframework.transaction.config.internalTransactionAdvisor'
2018-06-03 17:00:11 [main] DEBUG o.s.b.f.s.DefaultListableBeanFactory -
				Creating shared instance of singleton bean 'org.springframework.boot.autoconfigure.web.EmbeddedServletContainerAutoConfiguration$EmbeddedTomcat'
2018-06-03 17:00:11 [main] DEBUG o.s.b.f.s.DefaultListableBeanFactory -
				Creating instance of bean 'org.springframework.boot.autoconfigure.web.EmbeddedServletContainerAutoConfiguration$EmbeddedTomcat'
2018-06-03 17:00:11 [main] DEBUG o.s.b.f.s.DefaultListableBeanFactory -
				Returning cached instance of singleton bean 'org.springframework.transaction.config.internalTransactionAdvisor'
2018-06-03 17:00:11 [main] DEBUG o.s.b.f.s.DefaultListableBeanFactory -
				Eagerly caching bean 'org.springframework.boot.autoconfigure.web.EmbeddedServletContainerAutoConfiguration$EmbeddedTomcat' to allow for resolving potential circular references
2018-06-03 17:00:11 [main] DEBUG o.s.b.f.s.DefaultListableBeanFactory -
				Returning cached instance of singleton bean 'org.springframework.transaction.config.internalTransactionAdvisor'
2018-06-03 17:00:11 [main] DEBUG o.s.b.f.s.DefaultListableBeanFactory -
				Returning cached instance of singleton bean 'org.springframework.transaction.config.internalTransactionAdvisor'
2018-06-03 17:00:11 [main] DEBUG o.s.b.f.s.DefaultListableBeanFactory -
				Finished creating instance of bean 'org.springframework.boot.autoconfigure.web.EmbeddedServletContainerAutoConfiguration$EmbeddedTomcat'
2018-06-03 17:00:11 [main] DEBUG o.s.b.f.s.DefaultListableBeanFactory -
				Eagerly caching bean 'tomcatEmbeddedServletContainerFactory' to allow for resolving potential circular references
2018-06-03 17:00:11 [main] DEBUG o.s.b.f.s.DefaultListableBeanFactory -
				Creating shared instance of singleton bean 'websocketContainerCustomizer'
2018-06-03 17:00:11 [main] DEBUG o.s.b.f.s.DefaultListableBeanFactory -
				Creating instance of bean 'websocketContainerCustomizer'
2018-06-03 17:00:11 [main] DEBUG o.s.b.f.s.DefaultListableBeanFactory -
				Returning cached instance of singleton bean 'org.springframework.transaction.config.internalTransactionAdvisor'
2018-06-03 17:00:11 [main] DEBUG o.s.b.f.s.DefaultListableBeanFactory -
				Creating shared instance of singleton bean 'org.springframework.boot.autoconfigure.websocket.WebSocketAutoConfiguration$TomcatWebSocketConfiguration'
2018-06-03 17:00:11 [main] DEBUG o.s.b.f.s.DefaultListableBeanFactory -
				Creating instance of bean 'org.springframework.boot.autoconfigure.websocket.WebSocketAutoConfiguration$TomcatWebSocketConfiguration'
2018-06-03 17:00:11 [main] DEBUG o.s.b.f.s.DefaultListableBeanFactory -
				Returning cached instance of singleton bean 'org.springframework.transaction.config.internalTransactionAdvisor'
2018-06-03 17:00:11 [main] DEBUG o.s.b.f.s.DefaultListableBeanFactory -
				Eagerly caching bean 'org.springframework.boot.autoconfigure.websocket.WebSocketAutoConfiguration$TomcatWebSocketConfiguration' to allow for resolving potential circular references
2018-06-03 17:00:11 [main] DEBUG o.s.b.f.s.DefaultListableBeanFactory -
				Returning cached instance of singleton bean 'org.springframework.transaction.config.internalTransactionAdvisor'
2018-06-03 17:00:11 [main] DEBUG o.s.b.f.s.DefaultListableBeanFactory -
				Returning cached instance of singleton bean 'org.springframework.transaction.config.internalTransactionAdvisor'
2018-06-03 17:00:11 [main] DEBUG o.s.b.f.s.DefaultListableBeanFactory -
				Finished creating instance of bean 'org.springframework.boot.autoconfigure.websocket.WebSocketAutoConfiguration$TomcatWebSocketConfiguration'
2018-06-03 17:00:11 [main] DEBUG o.s.b.f.s.DefaultListableBeanFactory -
				Eagerly caching bean 'websocketContainerCustomizer' to allow for resolving potential circular references
2018-06-03 17:00:11 [main] DEBUG o.s.b.f.s.DefaultListableBeanFactory -
				Returning cached instance of singleton bean 'org.springframework.transaction.config.internalTransactionAdvisor'
2018-06-03 17:00:11 [main] DEBUG o.s.b.f.s.DefaultListableBeanFactory -
				Returning cached instance of singleton bean 'org.springframework.transaction.config.internalTransactionAdvisor'
2018-06-03 17:00:11 [main] DEBUG o.s.b.f.s.DefaultListableBeanFactory -
				Finished creating instance of bean 'websocketContainerCustomizer'
2018-06-03 17:00:11 [main] DEBUG o.s.b.f.s.DefaultListableBeanFactory -
				Creating shared instance of singleton bean 'localeCharsetMappingsCustomizer'
2018-06-03 17:00:11 [main] DEBUG o.s.b.f.s.DefaultListableBeanFactory -
				Creating instance of bean 'localeCharsetMappingsCustomizer'
2018-06-03 17:00:11 [main] DEBUG o.s.b.f.s.DefaultListableBeanFactory -
				Returning cached instance of singleton bean 'org.springframework.transaction.config.internalTransactionAdvisor'
2018-06-03 17:00:11 [main] DEBUG o.s.b.f.s.DefaultListableBeanFactory -
				Creating shared instance of singleton bean 'org.springframework.boot.autoconfigure.web.HttpEncodingAutoConfiguration'
2018-06-03 17:00:11 [main] DEBUG o.s.b.f.s.DefaultListableBeanFactory -
				Creating instance of bean 'org.springframework.boot.autoconfigure.web.HttpEncodingAutoConfiguration'
2018-06-03 17:00:11 [main] DEBUG o.s.b.f.s.DefaultListableBeanFactory -
				Returning cached instance of singleton bean 'org.springframework.transaction.config.internalTransactionAdvisor'
2018-06-03 17:00:11 [main] DEBUG o.s.c.LocalVariableTableParameterNameDiscoverer -
				Cannot find '.class' file for class [class org.springframework.boot.autoconfigure.web.HttpEncodingAutoConfiguration$$EnhancerBySpringCGLIB$$672f822d] - unable to determine constructor/method parameter names
2018-06-03 17:00:11 [main] DEBUG o.s.b.f.s.DefaultListableBeanFactory -
				Creating shared instance of singleton bean 'spring.http.encoding-org.springframework.boot.autoconfigure.web.HttpEncodingProperties'
2018-06-03 17:00:11 [main] DEBUG o.s.b.f.s.DefaultListableBeanFactory -
				Creating instance of bean 'spring.http.encoding-org.springframework.boot.autoconfigure.web.HttpEncodingProperties'
2018-06-03 17:00:11 [main] DEBUG o.s.b.f.s.DefaultListableBeanFactory -
				Returning cached instance of singleton bean 'org.springframework.transaction.config.internalTransactionAdvisor'
2018-06-03 17:00:11 [main] DEBUG o.s.b.f.s.DefaultListableBeanFactory -
				Eagerly caching bean 'spring.http.encoding-org.springframework.boot.autoconfigure.web.HttpEncodingProperties' to allow for resolving potential circular references
2018-06-03 17:00:11 [main] DEBUG o.h.v.i.e.r.DefaultTraversableResolver -
				Found javax.persistence.Persistence on classpath containing 'getPersistenceUtil'. Assuming JPA 2 environment. Trying to instantiate JPA aware TraversableResolver
2018-06-03 17:00:11 [main] DEBUG o.h.v.i.e.r.DefaultTraversableResolver -
				Instantiated JPA aware TraversableResolver of type org.hibernate.validator.internal.engine.resolver.JPATraversableResolver.
2018-06-03 17:00:11 [main] DEBUG o.h.v.i.e.r.DefaultTraversableResolver -
				Found javax.persistence.Persistence on classpath containing 'getPersistenceUtil'. Assuming JPA 2 environment. Trying to instantiate JPA aware TraversableResolver
2018-06-03 17:00:11 [main] DEBUG o.h.v.i.e.r.DefaultTraversableResolver -
				Instantiated JPA aware TraversableResolver of type org.hibernate.validator.internal.engine.resolver.JPATraversableResolver.
2018-06-03 17:00:11 [main] DEBUG o.h.v.i.engine.ConfigurationImpl -
				Setting custom MessageInterpolator of type org.springframework.validation.beanvalidation.LocaleContextMessageInterpolator
2018-06-03 17:00:11 [main] DEBUG o.h.v.i.engine.ConfigurationImpl -
				Setting custom ConstraintValidatorFactory of type org.springframework.validation.beanvalidation.SpringConstraintValidatorFactory
2018-06-03 17:00:11 [main] DEBUG o.h.v.i.engine.ConfigurationImpl -
				Setting custom ParameterNameProvider of type com.sun.proxy.$Proxy71
2018-06-03 17:00:11 [main] DEBUG o.h.v.i.xml.ValidationXmlParser -
				Trying to load META-INF/validation.xml for XML based Validator configuration.
2018-06-03 17:00:11 [main] DEBUG o.h.v.i.xml.ResourceLoaderHelper -
				Trying to load META-INF/validation.xml via user class loader
2018-06-03 17:00:11 [main] DEBUG o.h.v.i.xml.ResourceLoaderHelper -
				Trying to load META-INF/validation.xml via TCCL
2018-06-03 17:00:11 [main] DEBUG o.h.v.i.xml.ResourceLoaderHelper -
				Trying to load META-INF/validation.xml via Hibernate Validator's class loader
2018-06-03 17:00:11 [main] DEBUG o.h.v.i.xml.ValidationXmlParser -
				No META-INF/validation.xml found. Using annotation based configuration only.
2018-06-03 17:00:11 [main] DEBUG o.s.b.f.annotation.InjectionMetadata -
				Processing injected element of bean 'org.springframework.boot.context.properties.ConfigurationPropertiesBindingPostProcessor': AutowiredMethodElement for public void org.springframework.boot.context.properties.ConfigurationPropertiesBindingPostProcessor.setConverters(java.util.List)
2018-06-03 17:00:11 [main] DEBUG o.s.b.f.annotation.InjectionMetadata -
				Processing injected element of bean 'org.springframework.boot.context.properties.ConfigurationPropertiesBindingPostProcessor': AutowiredMethodElement for public void org.springframework.boot.context.properties.ConfigurationPropertiesBindingPostProcessor.setGenericConverters(java.util.List)
2018-06-03 17:00:11 [main] DEBUG o.s.core.env.MutablePropertySources -
				Adding PropertySource 'commandLineArgs' with lowest search precedence
2018-06-03 17:00:11 [main] DEBUG o.s.core.env.MutablePropertySources -
				Adding PropertySource 'servletConfigInitParams' with lowest search precedence
2018-06-03 17:00:11 [main] DEBUG o.s.core.env.MutablePropertySources -
				Adding PropertySource 'servletContextInitParams' with lowest search precedence
2018-06-03 17:00:11 [main] DEBUG o.s.core.env.MutablePropertySources -
				Adding PropertySource 'systemProperties' with lowest search precedence
2018-06-03 17:00:11 [main] DEBUG o.s.core.env.MutablePropertySources -
				Adding PropertySource 'systemEnvironment' with lowest search precedence
2018-06-03 17:00:11 [main] DEBUG o.s.core.env.MutablePropertySources -
				Adding PropertySource 'random' with lowest search precedence
2018-06-03 17:00:11 [main] DEBUG o.s.core.env.MutablePropertySources -
				Adding PropertySource 'applicationConfig: [classpath:/application.yml]' with lowest search precedence
2018-06-03 17:00:11 [main] DEBUG o.s.core.env.MutablePropertySources -
				Adding PropertySource 'localProperties' with lowest search precedence
2018-06-03 17:00:11 [main] DEBUG o.s.b.f.s.DefaultListableBeanFactory -
				Returning cached instance of singleton bean 'org.springframework.transaction.config.internalTransactionAdvisor'
2018-06-03 17:00:11 [main] DEBUG o.s.b.f.s.DefaultListableBeanFactory -
				Returning cached instance of singleton bean 'org.springframework.transaction.config.internalTransactionAdvisor'
2018-06-03 17:00:11 [main] DEBUG o.s.b.f.s.DefaultListableBeanFactory -
				Finished creating instance of bean 'spring.http.encoding-org.springframework.boot.autoconfigure.web.HttpEncodingProperties'
2018-06-03 17:00:11 [main] DEBUG o.s.b.f.s.DefaultListableBeanFactory -
				Autowiring by type from bean name 'org.springframework.boot.autoconfigure.web.HttpEncodingAutoConfiguration' via constructor to bean named 'spring.http.encoding-org.springframework.boot.autoconfigure.web.HttpEncodingProperties'
2018-06-03 17:00:11 [main] DEBUG o.s.b.f.s.DefaultListableBeanFactory -
				Eagerly caching bean 'org.springframework.boot.autoconfigure.web.HttpEncodingAutoConfiguration' to allow for resolving potential circular references
2018-06-03 17:00:11 [main] DEBUG o.s.b.f.s.DefaultListableBeanFactory -
				Returning cached instance of singleton bean 'org.springframework.transaction.config.internalTransactionAdvisor'
2018-06-03 17:00:11 [main] DEBUG o.s.b.f.s.DefaultListableBeanFactory -
				Returning cached instance of singleton bean 'org.springframework.transaction.config.internalTransactionAdvisor'
2018-06-03 17:00:11 [main] DEBUG o.s.b.f.s.DefaultListableBeanFactory -
				Finished creating instance of bean 'org.springframework.boot.autoconfigure.web.HttpEncodingAutoConfiguration'
