2018-06-04 09:05:19 [main] DEBUG o.s.b.f.annotation.InjectionMetadata -
				Processing injected element of bean 'org.springframework.boot.context.properties.ConfigurationPropertiesBindingPostProcessor': AutowiredMethodElement for public void org.springframework.boot.context.properties.ConfigurationPropertiesBindingPostProcessor.setConverters(java.util.List)
2018-06-04 09:05:19 [main] DEBUG o.s.b.f.annotation.InjectionMetadata -
				Processing injected element of bean 'org.springframework.boot.context.properties.ConfigurationPropertiesBindingPostProcessor': AutowiredMethodElement for public void org.springframework.boot.context.properties.ConfigurationPropertiesBindingPostProcessor.setGenericConverters(java.util.List)
2018-06-04 09:05:19 [main] DEBUG o.s.core.env.MutablePropertySources -
				Adding PropertySource 'commandLineArgs' with lowest search precedence
2018-06-04 09:05:19 [main] DEBUG o.s.core.env.MutablePropertySources -
				Adding PropertySource 'servletConfigInitParams' with lowest search precedence
2018-06-04 09:05:19 [main] DEBUG o.s.core.env.MutablePropertySources -
				Adding PropertySource 'servletContextInitParams' with lowest search precedence
2018-06-04 09:05:19 [main] DEBUG o.s.core.env.MutablePropertySources -
				Adding PropertySource 'systemProperties' with lowest search precedence
2018-06-04 09:05:19 [main] DEBUG o.s.core.env.MutablePropertySources -
				Adding PropertySource 'systemEnvironment' with lowest search precedence
2018-06-04 09:05:19 [main] DEBUG o.s.core.env.MutablePropertySources -
				Adding PropertySource 'random' with lowest search precedence
2018-06-04 09:05:19 [main] DEBUG o.s.core.env.MutablePropertySources -
				Adding PropertySource 'applicationConfig: [classpath:/application.yml]' with lowest search precedence
2018-06-04 09:05:19 [main] DEBUG o.s.core.env.MutablePropertySources -
				Adding PropertySource 'localProperties' with lowest search precedence
2018-06-04 09:05:19 [main] DEBUG o.s.b.f.s.DefaultListableBeanFactory -
				Returning cached instance of singleton bean 'org.springframework.transaction.config.internalTransactionAdvisor'
2018-06-04 09:05:19 [main] DEBUG o.s.b.f.s.DefaultListableBeanFactory -
				Returning cached instance of singleton bean 'org.springframework.transaction.config.internalTransactionAdvisor'
2018-06-04 09:05:19 [main] DEBUG o.s.b.f.s.DefaultListableBeanFactory -
				Finished creating instance of bean 'spring.http.encoding-org.springframework.boot.autoconfigure.web.HttpEncodingProperties'
2018-06-04 09:05:19 [main] DEBUG o.s.b.f.s.DefaultListableBeanFactory -
				Autowiring by type from bean name 'org.springframework.boot.autoconfigure.web.HttpEncodingAutoConfiguration' via constructor to bean named 'spring.http.encoding-org.springframework.boot.autoconfigure.web.HttpEncodingProperties'
2018-06-04 09:05:19 [main] DEBUG o.s.b.f.s.DefaultListableBeanFactory -
				Eagerly caching bean 'org.springframework.boot.autoconfigure.web.HttpEncodingAutoConfiguration' to allow for resolving potential circular references
2018-06-04 09:05:19 [main] DEBUG o.s.b.f.s.DefaultListableBeanFactory -
				Returning cached instance of singleton bean 'org.springframework.transaction.config.internalTransactionAdvisor'
2018-06-04 09:05:19 [main] DEBUG o.s.b.f.s.DefaultListableBeanFactory -
				Returning cached instance of singleton bean 'org.springframework.transaction.config.internalTransactionAdvisor'
2018-06-04 09:05:19 [main] DEBUG o.s.b.f.s.DefaultListableBeanFactory -
				Finished creating instance of bean 'org.springframework.boot.autoconfigure.web.HttpEncodingAutoConfiguration'
2018-06-04 09:05:19 [main] DEBUG o.s.b.f.s.DefaultListableBeanFactory -
				Eagerly caching bean 'localeCharsetMappingsCustomizer' to allow for resolving potential circular references
2018-06-04 09:05:19 [main] DEBUG o.s.b.f.s.DefaultListableBeanFactory -
				Returning cached instance of singleton bean 'org.springframework.transaction.config.internalTransactionAdvisor'
2018-06-04 09:05:19 [main] DEBUG o.s.b.f.s.DefaultListableBeanFactory -
				Returning cached instance of singleton bean 'org.springframework.transaction.config.internalTransactionAdvisor'
2018-06-04 09:05:19 [main] DEBUG o.s.b.f.s.DefaultListableBeanFactory -
				Finished creating instance of bean 'localeCharsetMappingsCustomizer'
2018-06-04 09:05:19 [main] DEBUG o.s.b.f.s.DefaultListableBeanFactory -
				Creating shared instance of singleton bean 'serverProperties'
2018-06-04 09:05:19 [main] DEBUG o.s.b.f.s.DefaultListableBeanFactory -
				Creating instance of bean 'serverProperties'
2018-06-04 09:05:19 [main] DEBUG o.s.b.f.s.DefaultListableBeanFactory -
				Returning cached instance of singleton bean 'org.springframework.transaction.config.internalTransactionAdvisor'
2018-06-04 09:05:19 [main] DEBUG o.s.b.f.s.DefaultListableBeanFactory -
				Creating shared instance of singleton bean 'org.springframework.boot.autoconfigure.web.ServerPropertiesAutoConfiguration'
2018-06-04 09:05:19 [main] DEBUG o.s.b.f.s.DefaultListableBeanFactory -
				Creating instance of bean 'org.springframework.boot.autoconfigure.web.ServerPropertiesAutoConfiguration'
2018-06-04 09:05:19 [main] DEBUG o.s.b.f.s.DefaultListableBeanFactory -
				Returning cached instance of singleton bean 'org.springframework.transaction.config.internalTransactionAdvisor'
2018-06-04 09:05:19 [main] DEBUG o.s.b.f.s.DefaultListableBeanFactory -
				Eagerly caching bean 'org.springframework.boot.autoconfigure.web.ServerPropertiesAutoConfiguration' to allow for resolving potential circular references
2018-06-04 09:05:19 [main] DEBUG o.s.b.f.s.DefaultListableBeanFactory -
				Returning cached instance of singleton bean 'org.springframework.transaction.config.internalTransactionAdvisor'
2018-06-04 09:05:19 [main] DEBUG o.s.b.f.s.DefaultListableBeanFactory -
				Returning cached instance of singleton bean 'org.springframework.transaction.config.internalTransactionAdvisor'
2018-06-04 09:05:19 [main] DEBUG o.s.b.f.s.DefaultListableBeanFactory -
				Finished creating instance of bean 'org.springframework.boot.autoconfigure.web.ServerPropertiesAutoConfiguration'
2018-06-04 09:05:19 [main] DEBUG o.s.b.f.s.DefaultListableBeanFactory -
				Eagerly caching bean 'serverProperties' to allow for resolving potential circular references
2018-06-04 09:05:19 [main] DEBUG o.s.core.env.MutablePropertySources -
				Adding PropertySource 'commandLineArgs' with lowest search precedence
2018-06-04 09:05:19 [main] DEBUG o.s.core.env.MutablePropertySources -
				Adding PropertySource 'servletConfigInitParams' with lowest search precedence
2018-06-04 09:05:19 [main] DEBUG o.s.core.env.MutablePropertySources -
				Adding PropertySource 'servletContextInitParams' with lowest search precedence
2018-06-04 09:05:19 [main] DEBUG o.s.core.env.MutablePropertySources -
				Adding PropertySource 'systemProperties' with lowest search precedence
2018-06-04 09:05:19 [main] DEBUG o.s.core.env.MutablePropertySources -
				Adding PropertySource 'systemEnvironment' with lowest search precedence
2018-06-04 09:05:19 [main] DEBUG o.s.core.env.MutablePropertySources -
				Adding PropertySource 'random' with lowest search precedence
2018-06-04 09:05:19 [main] DEBUG o.s.core.env.MutablePropertySources -
				Adding PropertySource 'applicationConfig: [classpath:/application.yml]' with lowest search precedence
2018-06-04 09:05:19 [main] DEBUG o.s.core.env.MutablePropertySources -
				Adding PropertySource 'localProperties' with lowest search precedence
2018-06-04 09:05:19 [main] DEBUG o.s.core.env.MutablePropertySources -
				Adding PropertySource 'commandLineArgs' with lowest search precedence
2018-06-04 09:05:19 [main] DEBUG o.s.core.env.MutablePropertySources -
				Adding PropertySource 'servletConfigInitParams' with lowest search precedence
2018-06-04 09:05:19 [main] DEBUG o.s.core.env.MutablePropertySources -
				Adding PropertySource 'servletContextInitParams' with lowest search precedence
2018-06-04 09:05:19 [main] DEBUG o.s.core.env.MutablePropertySources -
				Adding PropertySource 'systemProperties' with lowest search precedence
2018-06-04 09:05:19 [main] DEBUG o.s.core.env.MutablePropertySources -
				Adding PropertySource 'systemEnvironment' with lowest search precedence
2018-06-04 09:05:19 [main] DEBUG o.s.core.env.MutablePropertySources -
				Adding PropertySource 'random' with lowest search precedence
2018-06-04 09:05:19 [main] DEBUG o.s.core.env.MutablePropertySources -
				Adding PropertySource 'applicationConfig: [classpath:/application.yml]' with lowest search precedence
2018-06-04 09:05:19 [main] DEBUG o.s.core.env.MutablePropertySources -
				Adding PropertySource 'localProperties' with lowest search precedence
2018-06-04 09:05:19 [main] DEBUG o.s.c.e.PropertySourcesPropertyResolver -
				Found key 'server.port' in PropertySource 'applicationConfig: [classpath:/application.yml]' with value of type Integer
2018-06-04 09:05:19 [main] DEBUG o.s.b.f.s.DefaultListableBeanFactory -
				Returning cached instance of singleton bean 'org.springframework.transaction.config.internalTransactionAdvisor'
2018-06-04 09:05:19 [main] DEBUG o.s.b.f.s.DefaultListableBeanFactory -
				Returning cached instance of singleton bean 'org.springframework.transaction.config.internalTransactionAdvisor'
2018-06-04 09:05:19 [main] DEBUG o.s.b.f.s.DefaultListableBeanFactory -
				Finished creating instance of bean 'serverProperties'
2018-06-04 09:05:19 [main] DEBUG o.s.b.f.s.DefaultListableBeanFactory -
				Creating shared instance of singleton bean 'duplicateServerPropertiesDetector'
2018-06-04 09:05:19 [main] DEBUG o.s.b.f.s.DefaultListableBeanFactory -
				Creating instance of bean 'duplicateServerPropertiesDetector'
2018-06-04 09:05:19 [main] DEBUG o.s.b.f.s.DefaultListableBeanFactory -
				Returning cached instance of singleton bean 'org.springframework.transaction.config.internalTransactionAdvisor'
2018-06-04 09:05:19 [main] DEBUG o.s.b.f.s.DefaultListableBeanFactory -
				Returning cached instance of singleton bean 'org.springframework.boot.autoconfigure.web.ServerPropertiesAutoConfiguration'
2018-06-04 09:05:19 [main] DEBUG o.s.b.f.s.DefaultListableBeanFactory -
				Eagerly caching bean 'duplicateServerPropertiesDetector' to allow for resolving potential circular references
2018-06-04 09:05:19 [main] DEBUG o.s.b.f.s.DefaultListableBeanFactory -
				Returning cached instance of singleton bean 'org.springframework.transaction.config.internalTransactionAdvisor'
2018-06-04 09:05:19 [main] DEBUG o.s.b.f.s.DefaultListableBeanFactory -
				Returning cached instance of singleton bean 'org.springframework.transaction.config.internalTransactionAdvisor'
2018-06-04 09:05:19 [main] DEBUG o.s.b.f.s.DefaultListableBeanFactory -
				Finished creating instance of bean 'duplicateServerPropertiesDetector'
2018-06-04 09:05:19 [main] DEBUG o.s.b.f.s.DefaultListableBeanFactory -
				Creating shared instance of singleton bean 'errorPageCustomizer'
2018-06-04 09:05:19 [main] DEBUG o.s.b.f.s.DefaultListableBeanFactory -
				Creating instance of bean 'errorPageCustomizer'
2018-06-04 09:05:19 [main] DEBUG o.s.b.f.s.DefaultListableBeanFactory -
				Returning cached instance of singleton bean 'org.springframework.transaction.config.internalTransactionAdvisor'
2018-06-04 09:05:19 [main] DEBUG o.s.b.f.s.DefaultListableBeanFactory -
				Creating shared instance of singleton bean 'org.springframework.boot.autoconfigure.web.ErrorMvcAutoConfiguration'
2018-06-04 09:05:19 [main] DEBUG o.s.b.f.s.DefaultListableBeanFactory -
				Creating instance of bean 'org.springframework.boot.autoconfigure.web.ErrorMvcAutoConfiguration'
2018-06-04 09:05:19 [main] DEBUG o.s.b.f.s.DefaultListableBeanFactory -
				Returning cached instance of singleton bean 'org.springframework.transaction.config.internalTransactionAdvisor'
2018-06-04 09:05:19 [main] DEBUG o.s.c.LocalVariableTableParameterNameDiscoverer -
				Cannot find '.class' file for class [class org.springframework.boot.autoconfigure.web.ErrorMvcAutoConfiguration$$EnhancerBySpringCGLIB$$f2639fec] - unable to determine constructor/method parameter names
2018-06-04 09:05:19 [main] DEBUG o.s.b.f.s.DefaultListableBeanFactory -
				Returning cached instance of singleton bean 'serverProperties'
2018-06-04 09:05:19 [main] DEBUG o.s.b.f.s.DefaultListableBeanFactory -
				Autowiring by type from bean name 'org.springframework.boot.autoconfigure.web.ErrorMvcAutoConfiguration' via constructor to bean named 'serverProperties'
2018-06-04 09:05:19 [main] DEBUG o.s.b.f.s.DefaultListableBeanFactory -
				Creating shared instance of singleton bean 'conventionErrorViewResolver'
2018-06-04 09:05:19 [main] DEBUG o.s.b.f.s.DefaultListableBeanFactory -
				Creating instance of bean 'conventionErrorViewResolver'
2018-06-04 09:05:19 [main] DEBUG o.s.b.f.s.DefaultListableBeanFactory -
				Returning cached instance of singleton bean 'org.springframework.transaction.config.internalTransactionAdvisor'
2018-06-04 09:05:19 [main] DEBUG o.s.b.f.s.DefaultListableBeanFactory -
				Creating shared instance of singleton bean 'org.springframework.boot.autoconfigure.web.ErrorMvcAutoConfiguration$DefaultErrorViewResolverConfiguration'
2018-06-04 09:05:19 [main] DEBUG o.s.b.f.s.DefaultListableBeanFactory -
				Creating instance of bean 'org.springframework.boot.autoconfigure.web.ErrorMvcAutoConfiguration$DefaultErrorViewResolverConfiguration'
2018-06-04 09:05:19 [main] DEBUG o.s.b.f.s.DefaultListableBeanFactory -
				Returning cached instance of singleton bean 'org.springframework.transaction.config.internalTransactionAdvisor'
2018-06-04 09:05:19 [main] DEBUG o.s.c.LocalVariableTableParameterNameDiscoverer -
				Cannot find '.class' file for class [class org.springframework.boot.autoconfigure.web.ErrorMvcAutoConfiguration$DefaultErrorViewResolverConfiguration$$EnhancerBySpringCGLIB$$ff00a94c] - unable to determine constructor/method parameter names
2018-06-04 09:05:19 [main] DEBUG o.s.b.f.s.DefaultListableBeanFactory -
				Creating shared instance of singleton bean 'spring.resources-org.springframework.boot.autoconfigure.web.ResourceProperties'
2018-06-04 09:05:19 [main] DEBUG o.s.b.f.s.DefaultListableBeanFactory -
				Creating instance of bean 'spring.resources-org.springframework.boot.autoconfigure.web.ResourceProperties'
2018-06-04 09:05:19 [main] DEBUG o.s.b.f.s.DefaultListableBeanFactory -
				Returning cached instance of singleton bean 'org.springframework.transaction.config.internalTransactionAdvisor'
2018-06-04 09:05:19 [main] DEBUG o.s.b.f.s.DefaultListableBeanFactory -
				Eagerly caching bean 'spring.resources-org.springframework.boot.autoconfigure.web.ResourceProperties' to allow for resolving potential circular references
2018-06-04 09:05:19 [main] DEBUG o.s.core.env.MutablePropertySources -
				Adding PropertySource 'commandLineArgs' with lowest search precedence
